<?xml version="1.0" encoding="UTF-8"?>
<robot generator="Robot 6.1 (Python 3.11.4 on win32)" generated="20231020 07:46:54.678" rpa="false" schemaversion="4">
<suite id="s1" name="Ganhar" source="c:\Users\luan.freitas\Documents\Ganhar-Dinheiro\Ganhar-Dinheiro\Ganhar.robot">
<test id="s1-t1" name="Jogar a Recompensa Diária" line="13">
<kw name="Dado que abri o Ganhar Dinheiro" library="Resource_Ganhar">
<kw name="Open Application" library="AppiumLibrary">
<arg>${REMOTE_URL}</arg>
<arg>platformName=${PLATFORM_NAME}</arg>
<arg>platformVersion=${PLATFORM_VERSION}</arg>
<arg>deviceName=${DEVICE_NAME}</arg>
<arg>appPackage=${APP_PACKAGE}</arg>
<arg>appActivity=${APP_ACTIVITY}</arg>
<arg>automationName=${AUTOMATION_NAME}</arg>
<arg>noReset=${NO-RESET}</arg>
<doc>Opens a new application to given Appium server.
Capabilities of appium server, Android and iOS,
Please check https://github.com/appium/appium/blob/master/docs/en/writing-running-appium/server-args.md
| *Option*            | *Man.* | *Description*     |
| remote_url          | Yes    | Appium server url |
| alias               | no     | alias             |
| strict_ssl          | No     | allows you to send commands to an invalid certificate host like a self-signed one. |</doc>
<status status="PASS" starttime="20231020 07:46:54.845" endtime="20231020 07:47:06.162"/>
</kw>
<status status="PASS" starttime="20231020 07:46:54.845" endtime="20231020 07:47:06.163"/>
</kw>
<kw name="E fecho o anúncio da splash" library="Resource_Ganhar">
<kw name="Wait Until Page Contains Element" library="AppiumLibrary">
<arg>${ICON_CLOSE_ADS0}</arg>
<arg>timeout=20</arg>
<doc>Waits until element specified with `locator` appears on current page.</doc>
<msg timestamp="20231020 07:47:22.042" level="INFO">criteria is tt_video_ad_close
criteria is tt_video_ad_close
criteria is tt_video_ad_close
criteria is tt_video_ad_close
criteria is tt_video_ad_close
criteria is tt_video_ad_close
criteria is tt_video_ad_close
criteria is tt_video_ad_close
criteria is tt_video_ad_close
criteria is tt_video_ad_close
criteria is tt_video_ad_close
criteria is tt_video_ad_close
criteria is tt_video_ad_close
criteria is tt_video_ad_close
criteria is tt_video_ad_close
criteria is tt_video_ad_close
criteria is tt_video_ad_close
criteria is tt_video_ad_close
criteria is tt_video_ad_close
criteria is tt_video_ad_close
criteria is tt_video_ad_close
criteria is tt_video_ad_close
criteria is tt_video_ad_close
criteria is tt_video_ad_close
criteria is tt_video_ad_close
criteria is tt_video_ad_close
criteria is tt_video_ad_close
criteria is tt_video_ad_close
criteria is tt_video_ad_close
criteria is tt_video_ad_close
criteria is tt_video_ad_close
criteria is tt_video_ad_close
criteria is tt_video_ad_close
criteria is tt_video_ad_close
criteria is tt_video_ad_close
criteria is tt_video_ad_close
criteria is tt_video_ad_close
criteria is tt_video_ad_close
criteria is tt_video_ad_close
criteria is tt_video_ad_close</msg>
<status status="PASS" starttime="20231020 07:47:06.167" endtime="20231020 07:47:22.044"/>
</kw>
<kw name="Click Element" library="AppiumLibrary">
<arg>${ICON_CLOSE_ADS0}</arg>
<doc>Click element identified by `locator`.</doc>
<msg timestamp="20231020 07:47:22.047" level="INFO">Clicking element 'id=tt_video_ad_close'.</msg>
<msg timestamp="20231020 07:47:32.434" level="INFO">criteria is tt_video_ad_close</msg>
<status status="PASS" starttime="20231020 07:47:22.045" endtime="20231020 07:47:32.434"/>
</kw>
<status status="PASS" starttime="20231020 07:47:06.166" endtime="20231020 07:47:32.436"/>
</kw>
<kw name="Quando acesso a recompensa diária" library="Resource_Ganhar">
<kw name="Page Should Contain Text" library="AppiumLibrary">
<arg>Suas moedas</arg>
<arg>timeout=10</arg>
<doc>Verifies that current page contains `text`.</doc>
<msg timestamp="20231020 07:47:32.869" level="INFO">Current page contains text 'Suas moedas'.</msg>
<status status="PASS" starttime="20231020 07:47:32.438" endtime="20231020 07:47:32.870"/>
</kw>
<kw name="Click Text" library="AppiumLibrary">
<arg>${JOGAR}</arg>
<doc>Click text identified by ``text``.</doc>
<msg timestamp="20231020 07:47:43.628" level="INFO">xpath criteria: //*[contains(@text,"Jogar agora")]</msg>
<status status="PASS" starttime="20231020 07:47:32.870" endtime="20231020 07:47:43.629"/>
</kw>
<kw name="Page Should Contain Text" library="AppiumLibrary">
<arg>Jogue abrindo baús e ganhe mobcoins!</arg>
<arg>timeout=5</arg>
<doc>Verifies that current page contains `text`.</doc>
<msg timestamp="20231020 07:47:43.712" level="INFO">Current page contains text 'Jogue abrindo baús e ganhe mobcoins!'.</msg>
<status status="PASS" starttime="20231020 07:47:43.629" endtime="20231020 07:47:43.712"/>
</kw>
<status status="PASS" starttime="20231020 07:47:32.437" endtime="20231020 07:47:43.713"/>
</kw>
<kw name="E começo a jogar" library="Resource_Ganhar">
<kw name="Click Text" library="AppiumLibrary">
<arg>Jogar</arg>
<arg>timeout=10</arg>
<doc>Click text identified by ``text``.</doc>
<msg timestamp="20231020 07:47:53.985" level="INFO">xpath criteria: //*[@text="Jogar"]</msg>
<status status="PASS" starttime="20231020 07:47:43.714" endtime="20231020 07:47:53.987"/>
</kw>
<kw name="Wait Until Page Contains Element" library="AppiumLibrary">
<arg>${ICON_CLOSE_ADS0}</arg>
<arg>timeout=20</arg>
<doc>Waits until element specified with `locator` appears on current page.</doc>
<msg timestamp="20231020 07:47:58.570" level="INFO">criteria is tt_video_ad_close
criteria is tt_video_ad_close
criteria is tt_video_ad_close
criteria is tt_video_ad_close
criteria is tt_video_ad_close
criteria is tt_video_ad_close
criteria is tt_video_ad_close
criteria is tt_video_ad_close
criteria is tt_video_ad_close
criteria is tt_video_ad_close
criteria is tt_video_ad_close
criteria is tt_video_ad_close
criteria is tt_video_ad_close
criteria is tt_video_ad_close</msg>
<status status="PASS" starttime="20231020 07:47:53.987" endtime="20231020 07:47:58.570"/>
</kw>
<kw name="Click Element" library="AppiumLibrary">
<arg>${ICON_CLOSE_ADS0}</arg>
<doc>Click element identified by `locator`.</doc>
<msg timestamp="20231020 07:47:58.571" level="INFO">Clicking element 'id=tt_video_ad_close'.</msg>
<msg timestamp="20231020 07:48:08.711" level="INFO">criteria is tt_video_ad_close</msg>
<status status="PASS" starttime="20231020 07:47:58.570" endtime="20231020 07:48:08.711"/>
</kw>
<status status="PASS" starttime="20231020 07:47:43.713" endtime="20231020 07:48:08.711"/>
</kw>
<kw name="Então abro baus e recebo a recompensa" library="Resource_Ganhar">
<kw name="Page Should Contain Text" library="AppiumLibrary">
<arg>${MSG_BAUS}</arg>
<arg>timeout=10</arg>
<doc>Verifies that current page contains `text`.</doc>
<msg timestamp="20231020 07:48:08.750" level="INFO">Current page contains text 'Abra 5 baús e ganhe mobcoins.'.</msg>
<status status="PASS" starttime="20231020 07:48:08.714" endtime="20231020 07:48:08.750"/>
</kw>
<kw name="Click Element" library="AppiumLibrary">
<arg>${BAU_1}</arg>
<doc>Click element identified by `locator`.</doc>
<msg timestamp="20231020 07:48:08.752" level="INFO">Clicking element 'android.view.View[3]'.</msg>
<kw name="Capture Page Screenshot" library="AppiumLibrary">
<doc>Takes a screenshot of the current page and embeds it into the log.</doc>
<msg timestamp="20231020 07:48:09.321" level="INFO" html="true">&lt;/td&gt;&lt;/tr&gt;&lt;tr&gt;&lt;td colspan="3"&gt;&lt;img src="data:image/png;base64, iVBORw0KGgoAAAANSUhEUgAABDgAAAjoCAYAAAA5jhrUAAAAAXNSR0IArs4c6QAAAARzQklUCAgI
CHwIZIgAACAASURBVHic7N13eFxnnf7/+8yMZtR7s2W59xI7dlziOL2RToCQwEJICCywlEACC/wg
EAjLwo++CQtsegIEh3QIxkmcguMkjmvi3ossS1bvGk073z/GGmksyRpJU3Sk9+u69to5c9pnFCPp
3Hqez2O88PAhUwAAAAAAABZmS3QBAAAAAAAAQ0XAAQAAAAAALI+AAwAAAAAAWB4BBwAAAAAAsDwC
DgAAAAAAYHkEHAAAAAAAwPIIOAAAAAAAgOURcAAAAAAAAMsj4AAAAAAAAJZHwAEAAAAAACyPgAMA
AAAAAFgeAQcAAAAAALA8Ag4AAAAAAGB5BBwAAAAAAMDyHIkuALCStMwkTZmTqYKxKUpJ7/qfj2FI
phl8bZqmWhq8OnawVWX7W+Rx+xNULQAAAACMHsYLDx8yE10EMJzZ7YbmLctTyeQ02ezGgM41Tcnn
DWjPlgYd2tUUowoBAAAADEfX3DKx32P+9sjhOFQyOjCCA+iDYUhLLilSwdgUGQPLNcKukeS0ae7S
XM1ZkqsXHzscGukBAAAAJFKS06aMHKeSU+xyJtuU5LLL2+GXxx2Qu92v5nqPvJ5AosuMusxcp5rq
PIkuAzFAwAH0Iq8oWWd/oHjQwUZvDEMqnZaho3ubo3dRAAAAIEJZeU4VjE1RfnGyMnOdcqXY+z2n
o92vpjqPaircqq5oV2OttYOBBSvy1d7iI+AYoQg4gFPMX56n8dMzYnLtWQuzQwFHWmaSWpu8MbkP
AAAAIEmp6Q6VTktX6ZT0sB5ykXKl2FVQkqKCkhTNUo7aW3wqO9Cisn0tamvxxaDi2FmwIl+lU9O1
d2tDoktBjBBwAN2cf+1YZeY6Y3b9JFdXSj5herrcbX4d3Dnye3N0b8IKAACA2MvOd2na/CwVl6ZG
9bop6Q5Nn5+t6fOzVXm0Tfveb1RDTUdU7xELneFGLEXSbyPS8+jLMTgEHEg4m91QarpDpim1t/gU
CCTmSTjW4YYUfNDPKXCpvrpDDTUeLbqgQKapYdGA1LAZmjo3UxnZTplRTCNMU6o61q7jh1ujdk0A
AAD0LjvfpZkLs1UwNiXm9yoen6ri8amqLm/X7i0NwzboGM7hxumuR8gxcAQcMVZUmqpxk9OUlpWk
f71wfNhfdyAWX1SolLSuf0Lb3qlVfXVk39Qyc52aNCtTeUUupWYkhXpdmAFTLU0+1Va6dXBnU9ym
cMxfnhfzcKNTQUmK6qs75G4LDumbsyRXDTUdEX/tos0wgiNLll5SqKw8V1T7jnQaNyVdaVlJ2vce
wwEBAABiJbfQpYXnF4T9jh4PBSUpSs9O0uY3qlVXNbxCjniEGxg+CDhiID0rSeOnpat4fKrSMpMk
BZvzDNfrDsb0+dkqHh8+3C3JaYvo3JkLczRlTmavS64aNkMZ2UnKyE4Kzo97r0H7tzVGpea+5BUl
x6znRm8yc4JBit0R/HoZhnTOFcVa9aej8vvjP3rFNIM/DGMVbnQqmZRGwAEAABAjU+ZmadainJj+
Pnc6KWkOLb9ijHZtrNOBHYkfnSwRboxGBBxR4kiyqXRqusZMTFVugUuGLTrfWWJ13aHIzHFqytzM
QZ17xtl5mjAjPEwI+E25TwY1Kan20Ge0OwzNWpQjR5JNuzfXD63oPhg2Q2d/oDgm1+5LZ7fq1Iyu
//kZNkPnXzdWrz5THtdaOtnsRsx/GNodif+3CwAAMNLY7IbOXJGvsZPSEl2KDEOavThX2fkubXmz
RoEE/PGuE+HG6ETAMUQFY1NUOjVdheNSIh7BkMjrRsPcpblyJA28prET08LCjYDf1MGdTTqwvVGe
juD62ilpDk2fnxU2omLqvCzVHG9XTaV76MWfYunFhXFPuR0nH/TzipLD3k/LTGJlFQAAAETM6bJp
2WXFysqLz1TrSI2dlCZXil0bX6+Wxx3/EeeEG6PX8HpytqDZZ+WoZHJajxCircUnd+vgl02K1XWH
atKsTOUVJ/d/YG/nzg4f9bFtfZ12baoPhRuS1N7q03tv1Wrf+13TUgwjOOQu2ux2Q/lxaL50qs4m
qr39IDr36jHxLgcAAAAWddaFhcMu3OiUV5yssy4oiPt9ews3yva3qDYGfyzF8MMIjijyegKqLm9X
+aFWVR5t07LLipQchQY/sbruQKWmOzR9QXZou7HOo6wIG3M6XTZld/vmW1/doaN7m/s8fvfmeo2d
2NVrJKfQNciq+zZvWV6fozdMU3K3+dTS6FVzvVcd7X4FTFOuZLuy811KTrUrNd0hwzbwqR0d7mCg
k9rLOuSOJJsyspPU3DB8R3EEAqbamn3yegJKTXeEptwAAAAgvra/W6cVV42RvZfedonm95va/m5d
XO/ZV7ix9c0aLY/ztHQkBgHHEPn9pmoq3Ko40qpjB1rl8wb6PymB1x2KOUtz5XQFR5Q0N3hVcbg1
4oAjPdsZ1lS07kT/CWrtiY5QwJHktCk13aG2luiMXjEMqWRyz3mKZftbtGdrQ2iUTE6BS9POyNaE
mRmynewNcnh3k955qU6mGewrUTo1XXMW5/baNLU3LQ0eOZPtvTdZNYJ9StatqhzCp4sd05SO7m3R
7i31CvhMZeQ4teyyomE3jQoAAGA0aKrzaOvaGi1KwEiJ/mxdW6OmOk/c7ne6cAOjBwHHEL3z0omY
hA+xuu68ZXkaNyVNZkA6sKMxbCrI6Yybkq7i0uCqKWbA1M4NdQNaVrUzGOnUfVpKX06dr+dKsUct
4EhNd4QCBp83oK1v1qjyaJtMU0py2bTw/AKNGZ/ao6mraUr73muUebJfkt9n6vDuZh3e3azUdIcW
XVCg7PzTjzaprnBr8qy+V23JLgiuZmImridTn/y+gA7vbpLPa0qmqcbaDh3Y3qiZC3MSXRoAAMCo
dPxwq7K2OTV1XvSndA/W/m2NOn64NW73I9xAJwKOIYrVyIpYXDe30KWJM7serKcvyNaRPc39hg2u
FLtmLep6gC070Kqq8vYBBRynhhWR/MX/1GPcbdFrUDRlbpZMU9q+vlaHd3dNlVl8cWEoyOmVacrT
0XsdbS0+rf17hdIyHLrg+pLQiI9TTldNhVuLzus7ZTcMQ8mpDrUnsNdKX+pOdPSYPnNwZ5Mmz8nq
EWIBAAAgPnZtqldmrlOFJfHvL3eqqvJ27doUmxUQe0O4ge54IhlFklzhvRJsNiOi1VDmLM5Vcmrw
3PZWn3ZtHPhcuoYaj7yeriAlkp4a2QVdx7S1+KL6wJ9d4NLqJ46Gwo2cApeuunnC6cMNSa3Nvn5H
VrQ2+/SPx4+oopfUOuA3lZ3nVNJpwgDDkIrHn76ORAj4Te17v6FHzxG/z9SJo22JKQoAAACSpE2v
V6ulMbF93Foavdr0enXc7jeQcKP7Qgnd+wpiZCHgGEWqy9tVX90R2q440tbvlI/i8alha2qfuupJ
pAIBUxVHuh6CcwuTT7tW94QZGWH9PcoPRneI279eOB4KXGYuzNGKq8b0OuLiVPVVHf0eIwVHamx8
vVpb1oZ/cz26r1mLLy7s9/zCcYlP37szzWDflbqTn99mN+RMDoZehiFVEnAAAAAklM8b0LtrqsL+
qBhPXk/w/vHqHbjwvAJGbqAHpqiMIoGAqbdWVSqvOFl+v9lvo09Hkk2zz8oJ/cW+8mjbkIKGPVvq
lVfkUlpmkgxDmr88TylpDh3a2RRaOtVmNzR1XpamdZtD2FDToX3vNwz6vqez5JIiFQ0gTGiojSzg
6HTsQIs8br+WXFIkSaqtdGvSrMx+zpLSs5IGdJ9YOzXESE13aMrcLL23LvgDpLbKLa8nQLNRAACA
BGpt8mrzG9VacknRgFf6GwrTlDa/Ua3WpviMILnoQyWhxQg6EW5AIuAYdQIBU9XH2yM6dtainNA3
Dk9HQDuGuMyTu82vja9Xa/FFhUpNd4QClGlnZIVGkqRlOMKmzTTVebThtWr5fdHvuLnk4sIBhRuS
1N468D4gVeXt2vxGtabMzdSiC/ofvSFJruThtfSqaUonjrWFmp8WjE1R8fhU7d3qkLvNJ29HQPu3
BZuNxvOHKQAAAMJVlbdr54Y6zVmSG7d77txQp6ryyJ4xhopwA6fDn1vRq/wxyRo/vWvI1773GqKy
gklTnUdr/3Y8LGRJctqUletUVq4zLNw4dqBFa/9eEVqyNZomzcpUUT/9NnoT8A8uaDl+uFWp6Y6I
H/6HU0hgmlJ9dYea670yzWBtOYUuuVt9ys53hnqSHN7dLI/bPyxXfwEAABhNDu5s0pE9zf0fGAVH
9jTr4M6muNyLcAP9YQQHerDZDM1ZkhvqSVF7wh21b1rJKXbNXpyr/G5NfvoyZmKavJ6Adm2qj/oI
jsEm2nbH4JKHJZcUhXpWRMI/yCAlJkxT+7c1hqYRdQ5BPJXPG1DdCbfGTOy7twoAAADiY9v6OmVk
Jym3qP/fuwer7oRb29YPbZR3pAg3EAkCDvQw48xsZeYEG3z6faZ2ROmbltNl05JLi8Kah9adcOvE
sXa1NnllGIYyspNUPCFVmTlO2e2GJs3KVHpmkt5dUxV6wE6kU7+pRmLheQUDngrT0R69JXGHwjSD
q8LUdBtxY9gMdcY85smDOkd2HD/SRsABAAAwDJgBUxteq9Z514xRSlr0H/vaW33a8Fq1zDj8jt5b
uFFd3k64gR4IOBAmO9+lSbO7mmAe3NmkxjpPVK698PyCULhhBkzt2FCvQ7t6jgzZs7VBcxbnavKc
YB0FJSmaf05ejxVJhqTziXyAcgtdOjCA41dcNUY5Bf0viXuqxtrofM2HyjCCjVE7wyXDZiivyCW7
vetr19biU3NDsKFUTYVb7lafkmPwQxQAAAAD43H79e6aKq24akzY729D5febendNlTzu2P9Rrrdw
Q5L2bWuM+b1hPTyFIMzcpbmhb35N9R7t3Rqd1UvGTExTwdiuUQyH9zT3Gm502rGhTilp9tBogJLJ
6Tqypzm0TOlQtTT5lJE98NEYWXnO/g9SsK/IZTeWyjbIHyQnyobPsqsV3VZPSUmza9mlRTK6Lanb
2uTVq8+UyzSDP0TLDrRq2hlZvV0KAAAAcdZU59HWtTVadEFB1K65dW2NmqL0R9DT6SvcAPpCwIGQ
qfOywkYb1Fd1aNKsjD6P7z7VRAqurNE9NDi8pznUO6NkYldDT7/f1N73+k9c977XGAo4DEMaNzU9
agFH+aFWzTwze8DnJac6ZNiMPofi2WyG5i7N1YQZfX/d+mOainilm1gzTaml0SsZhgyZweV7DSOs
kWhaZpIKxqaoptItmabqq6Pz3wgAAADRcfxwq7K2OTV13tD/CLV/W6OOH26NQlWnR7iBwSDgQMip
3/AG+pDeOaWkU/nhNvl9wRVQ0rO6vjm1NnojGs7WVO9Re6svNGcwIzuy0ROROLqnWTMWZA94loph
SBnZST0Sa5vN0MyF2Zo0OzPUnHWw/L6APB2BIV0jWgxDKpmUpsO7m5WZ49S4Kem9fs0mzcpQQ02H
bDabppzy7wAAAACJt2tTvTJznSosGVhvuO6qytu1a1N9FKvqHeEGBouAAyHdl2iNNnu3a/u8kT+8
+7xdQwUcSdGbN+jp8MvnDSjJOfDPPHdJrt556YQcTptKJqVpytzMqDZuOnYg9on4QMxYkK1xk9Pk
SrH3OeWmcFyqzr16jGx2IyZNrAAAADB0m16v1rlXjwn742OkWhq92vR6z5X0oo1wA0PBkwhCjh9u
HdCIhpQ0R9iUlurj7fJ6usILf7cgo3uokeSKfLnU7gGEzxO9UQ2mKe1/v1GzzsoZ8Ll5xcm67KbS
QYUjkdQVj1R8IGx2Q+mnGT3T2a81NaPnD6JB9nIFAABADPi8gWDT0SuL5UyO/HfyzmalA/lD5WAQ
bmCoCDgQsvmNgSWyp/bsOLijSVXlvfeOcLf6lXkyS0jLdCgtw6HWZt9pr59T4FJyatc33vbW6HZp
3r+9UTMX5QzqAfzYgRZNnJkZ9Yf35gZPzH9wDEZfn9PvM+Vx+5WS7pBhBH/4BUwpOSX4383d5pMj
yRbT0UEAAACIXGuTVxterdLZHyiOaGp1IGBqw6tVam3yxrQuwg1EA08diIvqiq7gw2YzNHNR/yMn
ZpzSBLSv8GQodm6sG9R5E2dmav3LJ6Jai2lKa/9WEdVrxlLAb2rja1V644XjqjzaJp83oLdXn9Cb
f69Qc4NXDTUdWvv3Cm1YUxVaZhYAAACJV1fVoe3rI/s9ePv6uqg1+u9LPMKN2kp36HW0VorE8EPA
McrMW5anK/5tvD7wsfFxXcrz6N4WtbV0jdgYOzFNC88rCBuh0Sk13aHFFxeGLSvbXO/RsQMtUa/r
0M6mQY2YMAxp+vwsbV9fF7aiyJBq2dVkqSDAlNTa7JPXE1B7q08Bv6n2Vp88br+8noDc7X55O4L7
+lp1BgAAAIlxZE+zjuxpHvIxQ8XIDUQTU1RGkdxClybO7FoZZfqCbB3Z0xyXFTt83oB2vFunhecV
yO4IDoUrmZymotIUNdZ65G7zS4aUkmpXVr5L9m7NLL2eQMQJ80CZpvTq0+W69MbSAU83ySlM1sGd
Tdr6Zo3OPDd/SHW4W33auSE2nzGi+7cFp/8MpGeGzWborAsK1NzgVVFpihxJNp11YaF8voCy85wy
TWnh+QVypdhltxtqbz39lCQAAADE17b1dcrITlJuUXKPfXUn3NoWo9/BOxFuINoIOEaRU5t72myG
HEm2uC1JWnm0TZv/Va25S3NDK204kmzKK+75DbVTa5NX779dq5puQ8qircPt18bXqrT4osIBnWcY
0qILCvXyk2Va89QxXfThcYPqyREImHr9+eNRGwkyGHUn3Dq0q+nk0sCGIi0mIztJGdnBH0pmwFRe
UVdPFsOQikuDo3A6m7oCAABg+DADpja8Vq3zrhkTthJee6tPG16rjuko3KGGG3OX5IYtcNCf7s8c
0xdkaw/TVEYkAo5RpLq8XfXVHaHGoBVH2sKmjcRD5dE21VV1aOrcTI2dmKaU9N7/CbY2eXX8cJsO
bG8c0DeuodS1Z2uDZizI7v/gbgxDuvSjpXrx8SN68bHDWnHVGGXluSIOOkxTWvN0eVw+Y392vFun
YwdaleSyBeefRFFbiy/mjakAAAAwcJ0rpKy4aozsdkN+v6l311TJ445ug//uojFyIzO371X+MHoZ
Lzx8iMnxo4jNZiivOFl+v6m6E7EbFRGpzFynsvNdcp5cctXT4VddVYdaGhPzMDztjCzNOHPgK6uY
pvTKX8vkbvMrM8epRRcUKC0z6bTXCQRMrXm6XO5RMHXDiHxQCAAAABJg7KQ0LTq/QJveqNbxQ60x
u89wmZbyt0cOR/2a19wyMWrXikV9owEBB3CK/OJkLbu8eMAhRyBg6t1XqlR9PLjaS2qGQ9POyFbp
lDQZpyzB5W736/Vny+XzBrTkkiLVVrp1oqxNqekOnTgW/dViAAAAgP7kFLhUXx27FVPGTkrTxBkZ
/R8YgcY6j3wDGAU9/ZSR2gQIIxMBB9ALu8PQhdeXhM1FjFRVeXvYErKGEew1kpHjVOnUdPl9wYar
nSMaZi3KUcBvqsPtV3KKXbu3MB8QAAAAAAaKgAM4jaxcp5ZfUSxH0sBWVDZNacvaapUfjN3wPgAA
AABAFwIOIAJZeU7NW5anrDynbLbI5q6YZnB53PUvn4jpUD8AAAAAAKuoABFprPXozRcrZNgMpaTa
VTwhVYUlKcrISpIz2S6b3ZDPG5C7za+mOo8qy9pUXd4etyV4AQAAAGC0YwQHAAAAAACwvIE1FgAA
AAAAABiGCDgAAAAAAIDlEXAAAAAAAADLI+AAAAAAAACWR8ABAAAAAAAsj4ADAAAAAABYHgEHAAAA
AACwPAIOAAAAAABgeQQcAAAAAADA8gg4AAAAAACA5RFwAAAAAAAAyyPgAAAAAAAAlkfAAQAAAAAA
LI+AAwAAAAAAWB4BBwAAAAAAsDwCDgAAAAAAYHkEHAAAAAAAwPIIOAAAAAAAgOURcAAAAAAAAMsj
4AAAAAAAAJZHwAEAAAAAACyPgAMAAAAAAFgeAQcAAAAAALA8Ag4AAAAAAGB5BBwAAAAAAMDyCDgA
AAAAAIDlEXAAAAAAAADLI+AAAAAAAACWR8ABAAAAAAAsj4ADAAAAAABYHgEHAAAAAACwPAIOAAAA
AABgeQQcAAAAAADA8gg4AAAAAACA5RFwAAAAAAAAyyPgAAAAAAAAlkfAAQAAAAAALI+AAwAAAAAA
WB4BBwAAAAAAsDwCDgAAAAAAYHkEHAAAAAAAwPIIOAAAAAAAgOURcAAAAAAAAMsj4AAAAAAAAJZH
wAEAAAAAACyPgAMAAAAAAFgeAQcAAAAAALA8Ag4AAAAAAGB5BBwAAAAAAMDyCDgAAAAAAIDlEXAA
AAAAAADLI+AAAAAAAACWR8ABAAAAAAAsj4ADAAAAAABYHgEHAAAAAACwPAIOAAAAAABgeQQcAAAA
AADA8gg4AAAAAACA5RFwAAAAAAAAyyPgAAAAAAAAlkfAAQAAAAAALI+AAwAAAAAAWB4BBwAAAAAA
sDwCDgAAAAAAYHkEHAAAAAAAwPIIOAAAAAAAgOURcAAAAAAAAMsj4AAAAAAAAJZHwAEAAAAAACyP
gAMAAAAAAFgeAQcAAAAAALA8Ag4AAAAAAGB5BBwAAAAAAMDyCDgAAAAAAIDlEXAAAAAAAADLI+AA
AAAAAACWR8ABAAAAAAAsj4ADAAAAAABYHgEHAAAAAACwPAIOAAAAAABgeQQcAAAAAADA8gg4AAAA
AACA5RFwAAAAAAAAyyPgAAAAAAAAlkfAAQAAAAAALI+AAwAAAAAAWB4BBwAAAAAAsDwCDgAAAAAA
YHkEHAAAAAAAwPIIOAAAAAAAgOURcAAAAAAAAMsj4AAAAAAAAJZHwAEAAAAAACyPgAMAAAAAAFge
AQcAAAAAALA8Ag4AAAAAAGB5BBwAAAAAAMDyCDgAAAAAAIDlEXAAAAAAAADLI+AAAAAAAACWR8AB
AAAAAAAsj4ADAAAAAABYHgEHAAAAAACwPAIOAAAAAABgeQQcAAAAAADA8gg4AAAAAACA5RFwAAAA
AAAAyyPgAAAAAAAAlkfAAQAAAAAALI+AAwAAAAAAWB4BR4J4fO5ReW8AAAAAAGKBgCMBapsr9eS/
7tW+4+/F/d77jr+nJ/91r2qbK+N+bwAAAAAAYoWAI85qmyu1asPj8vjcWrv9hbiGHPuOv6e121+Q
x+fWqg2PE3IAAAAAAEYMAo446h5udIpXyNEZbnQi5AAAAAAAjCQEHHHSGSj01v8i1iHHqeFGJDUB
AAAAAGAlBBxx4nQka+nMy/rcH6uQo69wo9PSmZfJ6UiO+n0BAAAAAIgnAo44mjZ2vs6de22f+6Md
cvQXbpw791pNGzs/avcDAAAAACBRCDjiLF4hB+EGAAAAAGA0IeBIgFiHHIQbAAAAAIDRhoAjQWIV
chBuAAAAAABGIwKOBIp2yEG4AQAAAAAYrQg4EixaIQfhBgAAAABgNCPgGAaGGnIQbgAAAAAARjsC
jmFisCEH4QYAAAAAAAQcw8pAQw7CDQAAAAAAghyJLgDhOgOJvoKL7u8TbgAAAAAAEETAMQwNJOTo
DeEGAAAAAGC0YYrKMNXfdJW+EG4AAAAAAEYjAo5hbKAhB+EGAAAAAGC0IuAY5iINOQg3AAAAAACj
GQEHAAAAAACwPAKOYa6/pWA7nbqELAAAAAAAowkBxzAWabjRiZADAAAAADBaEXAMUwMNNzoRcgAA
AAAARiMCjmGov3Dj3LnXnrbxKCEHAAAAAGC0cSS6AISLJNzovlpKX8d2vs/KKgAAAACA0YARHMPI
QMON/paQZSQHAAAAAGC0IOAYJgYabnQi5AAAAAAAgIBjWBhsuNGJkAMAAAAAMNoRcCTYUMONToQc
AAAAAIDRjIAjgaIVbnQi5AAAAAAAjFYEHAkS7XCjEyEHAAAAAGA0IuBIgFiFG50IOQAAAAAAow0B
R5zFOtzoRMgBAAAAABhNCDjiKF7hRidCDgAAAADAaEHAEScen1vv7F7d5/5ohxud+gs53tm9Wh6f
O+r3BQAAAAAgngg44sTpSNaVi29WksPVY1+swo1OfYUcSQ6Xrlx8s5yO5JjdGwAAAACAeCDgiKO8
jOIeIUesw41Op4YcneFGXkZxzO8NAAAAAECsEXDEWfeQI17hRqfOkINwAwAAAAAw0hgvPHzITHQR
o5HH507Y1JBE3hsAAAAAgFhgBEeCJDJgINwAAAAAAIw0BBwAAAAAAMDyCDgAAAAAAIDlEXAAAAAA
AADLI+AAAAAAAACWR8ABAAAAAAAsj4ADAAAAAABYHgEHAAAAAACwPAIOAAAAAABgeQQcAAAAAADA
8gg4AAAAAACA5RFwAAAAAAAAyyPgAAAAAAAAlkfAAQAAAAAALI+AAwAAAAAAWB4BBwAAAAAAsDwC
DgAAAAAAYHkEHAAAAAAAwPIIOAAAAAAAgOURcAAAAAAAAMsj4AAAAAAAAJZHwAEAAAAAACyPgAMA
AAAAAFgeAQcAAAAAALA8Ag4AAAAAAGB5BBwAAAAAAMDyCDgAAAAAAIDlEXAAAAAAAADLI+AAAAAA
AACWR8ABAAAAAAAsj4ADAAAAAABYHgEHAAAAAACwPAIOAAAAAABgeQQcAAAAAADA8gg4AAAAAACA
5RFwAAAAAAAAyyPgAAAAAAAAlkfAAQAAAAAALI+AAwAAAAAAWB4BBwAAAAAAsDwCDgAAAAAAYHkE
HAAAAAAAwPIIOAAAAAAAgOURcAAAAAAAAMsj4AAAAAAAAJZHwAEAAAAAACyPgAMAAAAAAFgeAQcA
AAAAALA8Ag4AAAAAAGB5BBwAAAAAAMDyCDgAAAAAAIDlEXAAAAAAAADLI+AAAAAAAACWR8ABAAAA
AAAsj4ADAAAAAABYHgEHAAAAAACwPEeiCwAAAAAAK2tua1Bbe5MkyW5PUn72mARXBIxOBBwAAj8w
9AAAIABJREFUAAAAhgXTNGWaZmjbMAwZhjGI6wTU7TKy2WI7cP2drav1z7V/kiQV54/XN267L6b3
i5eq2mOqazgR2p48Ya6cDlcCKwJOj4ADAAAAwLDw/t639dhzPwltz5u+XJ/64DcHFHJ4vG795rGv
q7LmaOi9737+AeVkFUa11tHgvT3rQsGNJN31Hw/JmUHAgeGLHhwAAAAAhqVte9/S5p1vDOicVf/6
Y1i4AWD0YAQHAAAAgGHrmZd/r8mlc5STWdDvsXsPb9W/Nr4Qh6pGh6yMPE2bMD+07bAlJbAaoH8E
HAAAAACGLXdHm55+6fe67cPfkWH0PQC9tb1ZK//xmzhWNvItmXeJlsy7JNFlABFjigoAAACAYW3X
gQ3asG3NaY95fs39amiujVNFAIYjRnAAAAAAGJYmlszU4fLdkqRnX7lfU8efodzsoh7Hbd21Vpt2
vB7anjX5LO06uDHi+9Q1nNDWPW/qwNFtqq2vUGt7s1yuVBXllmhy6VydMXOFCnIiX/q1tqFS+4++
rwNHt6u86pD8fp+y0nNVOmaqZk9ZosmlcyK6jsfr1s79G7Tv6PuqrD6iltZGpaSkKzujQLnZRZpU
MkPTJixQsis1Jp+rouaojhzbFdpetuDyPo/1+jwqq9insoq9qqg5qpr642pztygQ8CsjNVsFuSWa
PmmBZk9d0u9KLI3NtXp/z1s6eGyHausrZdhsys7I18SSWZo/Y3mv/wYASTJeePiQ2f9hAAAAABBb
7+15K2wVlTtv/Y0eeua/VN9YJUmaMelMffaG74dNValvqtbPH/qy3B1tkqTLzrlJWel5+uvq34aO
6WsVlYAZ0CvrVurlt1cqEAictrarLviULlxyfa/TZF5+a2XYaiP9mTttmW688itKTU7v85gd+97V
k//8H7W0NZ32WrMmn6XP3PC9sPei9bneff9lrVx1b2j7F9/s2d+kuu641m76mzZsWyOP133ae0lS
UX6pbr72P1VcMKHX/e9sXa3nXr1fXq+n1/2GYdOiOefrY1d9rd97YfRhigoAAACAYSk1JUM3XXl7
aHvPoS16e+vq0LZpBvTU6t+Gwo1J42bpkrM/GvH1n3vlfq1e90SPEMCZlNzj2Bdff1TPvnL/QD9C
r7bve0cPPvVD+fzeXvdv3P6aHnrmR/2GG5JkqmeAEc/PtXX3Wq3b/GJE4YYknagp08PP/Dj036y7
zTvf0F9X/zYs3LDbHcpIzw0FMKYZ0Hu71w26XoxsTFEBAAAAMGxNHT9PFy39sF5d/7Qk6YXXHtS0
iQtUkDNG6zb/Q7sPbpYkJbtS9bErvyq7PbJHnD2Htmjd5hdD20V543XNhZ/SlPHz5ExKlsfXoSPl
u/X31x/Vscr9kqR1m1/UGdPP1tQJZ/R5XcOwaen8SzV/xjkqyBmrtLQsdbhbdbB8t1b96zFV1x2X
JB0u3621G/+mC5d+KOz86rrjWrmqq1mqzWbTioVXa860pcrLKpLNZld7R6sqq49q+7535PG2x+Vz
SZJpmjIMo8/9zqRkfeDcj2vC2JnKyshTiitNHq9bZRX79Y+1j6uy+ogkqaahQu/vfSusgWnADOgf
bzwW2i7ILdFNV35FE8bOkGHY5PN7dbh8t97a8g9t2/vOaevE6EXAAQAAAGBYu3TFTdpzaIvKqw7K
6/XoqX/ep+su/oxeeO2h0DE3fOCLyhtAn4y1m/4eep2elqUv3PRDZaTnht5zOlyaNmG+PnfjD/Wb
R+9UTUOFJOn1Dc+fNggoyhunGy7/Yth7znSX5s9YrknjZuk3j96phuaak9d6VisWXq2kJGfo2NfW
Px0aeWGz2fX5m+7RlNK5YdfLyshTcf54LZi1oscokFh9rkikp2Xp/MUfDHsv2ZWqOdOWqHTsNP3s
gS+qzd0iSdpzcEtYwFHXeEL1TdWh7SvO/YQmlswKbTvsSZo6fp6mjp8XCkqAUzFFBQAAAMCw5nS4
9LGrviqbzS5J2n90m37x8O3y+32SpKVnXKYFM8+N+Hoer1u7D24KbV+07CNhIUB3qcnpunj5DaHt
PYc2hR7SByozLUeXn/vx0HZLa6PKTuwPbfv9Pr23p2v6xYVLP9Qj3DiVw54Ueh37zzX49o2ZaTma
M21paLuhuTpsv9fTEbbd0tbQ57X66t8BEHAAAAAAGPbGFE7U1Rfe0uP9gtyxuvaiTw/oWpXVZTLN
rv4U/YUI3fcHAoEhjSCYMfHMsO2KqkNdddUeDetNccb0swd07UR+rkjkZBaEXre2N4fty8rMk83W
9Xj699cf1brNL6qtvf8+JEAnAg4AAAAAlnDuoms0bcL80LbNZtMnrvl6n8uk9qXV3Ri2ndvLCivd
nboCS+sQHrqzMvLC6m1urQ+9bmkNr2sgU26kxH6uSHSOwAkKHw2SmpyhxXMvDm17vG498/If9L17
b9YDT92jd7e9oqZuXyugNwQcAAAAACzBZtj00Q98KRQQXHPhpzWueOqAr9PhCW/M6UpK6fe+3UOJ
NnfzaY7uX0ZqVui1u1st7e7WsOOcDteArpvozzVU1150m2ZPWRz2nmkGtOvABq38x//oR7+7TS+8
+hCjOtAnAg4AAAAAlpGbXaTrL/2cZk0+SysWXj2oa3TvWyFJftN/2uNN05TH29Ujwn7K+QPl7nat
ZGdXCOFwhF/X6/NoIGL9uczBt+CISLIrVbd95C597sYf6owZy3usiOP3+/TGhuf0u7/cFfGytBhd
WEUFAAAAgKUsmn2BZk85K6xnw0AkO8OntLS2Nsp5mukcbe4WBQJdYUGKK31Q95Ukj69DLa1dDTRT
UzK7XieHX7exuXZA028S+bmiafrEBZo+cYHcHW3ac2iLNmx/VbsObAjtP151SBu3v6blZ16RwCox
HDGCAwAAAIClGIah1OSMQZ9fkFsStl1edfC0x5dV7g/bLsofN+h7Hz9xMKwRaGFOVy35p/TcOHhs
x4CuHfPPZQyonCFLdqVq/sxz9JmP3KXP33RP2IiOg2UD+9pgdCDgAAAAADCqZGXkhYUB777/8mmP
f3vLqtDrnKxC5WUVDfreb3W7lmHYNL5kRmg7Mz1XpWOmhbZfW/+M2jvC+3KcTiI/11CZ/cx/mTZh
vqaOnxfa9vm9sS4JFkTAAQAAAGDUOefMK0Ovd+zfoHWbX+zxkG2aAb2x4Tlt3/dO6L3zz7pOhhH+
GGV0G9pQ21CphuaaHvfz+3165a0ntWnH66H3lsy7uMe0lAuWfDDsWvc/ebfKKvb1qM3r82jXwY1a
8/ZfY/a5eohhE44TNUf15Kr7VNdU1ev+lrYmlZ84ENouPGW0CiDRgwMAAADAKLR0/qV6+71/6kRN
mSTpmZf/oK271mr21KVKTUlXc0u9tu9fr7KKfaFzxhRO1NL5l/a4VmZGbui11+fRT/7v85o/4xzl
5YyRw25XQ3Oddh7YoPrGrof3ZFeqLl1+Y49rzZ9xjrZOf1Pb9r4tSTpyfI9+/didykzP1djCiUpy
uNTc2qCyyn3y+32aUjpXF599Q0w+VzyZpqn177+kd7e9ojlTF2vm5EXKTM+TM8mpmvoKvbHhebW0
da2eMn/migRWi+GKgAMAAADAqONMStbN131T9z/5fTU010qSDh7bqYPHdvZ6fEHOGN1y/bflTEru
sW/utKVanZEfGrnh9Xm0ccdrfd47uFrI95TTSwNQw7Dp41d/TStX2bV115uh95ta6tTUUhfXz3Wq
/qaRRINpBrR933pt37e+z2OuPO+TKimaHPNaYD1MUQEAAAAwKhXnj9dXPvlznXPmlX2uyGK3O3T+
kuv1pU/8TPnZY3o9JjU5Q1/6xE+1ZN4lpw0K7HaHlp5xqb7+6Xs1edzsPo9zJiXrE9d8Q5/+0Hc1
Y9KZvU4dSUpy6qw5F+qibqM3ov254ikvd4w+esWXwnqQnKo4f7xuuf7bYSNWgO6MFx4+FPsYDgAA
AACGMXdHm45V7ldjS506PO1yOVOUlZGn8WOmRTS6oZPf79PxqkNqaK5We0ebvD6PXM4U5WYWakzh
RKW40gZVW21Dpdo7WmUzbEpLzVBuZrGSkpxx+1zxVF1foRM1R9Ta3qxAwK/UlEyNyR+vgtwSGUac
l3KBpRBwAAAAAAAAy2OKCgAAAAAAsDwCDgAAAAAAYHkEHAAAAAAAwPIIOAAAAAAAgOURcAAAAAAA
AMsj4AAAAAAAAJbnSHQBAAAAwEjzyltPqez4XlXXVaihqUqt7c3y+jzy+70KBHwyTUOSZBiGDBky
JUkBmaYhw5BM05Rh2OWw2WV3OORypiozPVt52UUqzC/VvBlna9aURYn8iAAw7BgvPHzITHQRAAAA
gJU1tdTp72se0Xu716musSpsnxmQZJgyJMkwonbPJLtTE0tn6rwl12nZgsuidl0AsCoCDgAAAGAQ
qmrK9cKrD2nn3nfV3NYQvtM0pVCW0TPUsBmmUlyGstNMFWVLeZlSdqqUmyEVZkuNLVJti1TfIjW1
SZV1Uk2z1NIu+QI9r2cYNpWOmapzFl2pi87+cPQ/LABYAAEHAAAAMAB/e+0RvbLur2prawp732ZI
qa6A2j2G/KeEEA67qanF0iVnSp+8QCrJG1oNf3pDev4d6f0jUkt7+L0MGZoyYZ5uu+E7ys8dO7Qb
AYCFEHAAAAAAEXjmn7/Xq28/ow5ve9j7xdle5WYGtOeYMyzYMGRqVqn0rY9IF50Ru7qO1Up3/0la
877k9YeHHRNKZuqWj3xb44omx64AABgmCDgAAACA09i5b4N+9+fvyt3RFnrPZphaNtOtaWO8evz1
DAW6BRtOh6lrlxi65xOmMlLiW+t9f5ceeEWqaeyqxzSlM2acra/c8v/HtxgAiDMCDgAAAKAPv3zo
Du3avyG0nZ4c0IfObtHHLmjV5+7L19HqpNC+oixTX77G1C0XR6+R6GBt3G/qO48Z2lkmnWxvKldS
sj7/bz/S3OlLE1wdAMQGAQcAAABwigNlO/TLB26Xx9shSXLYA/ri1c266dwWPb0uTb98LluBk79F
p7lM3fsF6bL5CSy4D0eqTX3qV4b2V3SGLqbmzzpXX/rkfye0LgCIBQIOAAAAoJu/vfqoXnjlQUmm
JFNLZ3To15+tlSR98+Fc/WtHcN6JIVMfP1/66S2JqzVSK9dK337MkMcX3M7JyNf3bn9U6amZiS0M
AKKIgAMAAAA46ad/+A/tP7JNkmS3mfrZrbU6e1aHGltt+sQvClTT5JAkpbmkF79naqqFFilp90hX
fF/aXxkczWG3OfTlm3+qOdOXJLgyAIgOAg4AAACMek0tdbr7NzerubVRkpSR4tejX6vSmNyAth9x
6j/+Nz+0QsnEQlMv3yOlOBNZ8eB98ffS8+uDn8WQdPf379LnPvfviS0KGIb8flM+T0Ad7X61tfjU
0uRVU51HDTUetTZ5E10eekHAAQAAgFHt4NGd+tkDX5bP55EkTS726k9fr5IkPf92qn7ydLZ0slHn
VYulP/yH9X99vn+19IO/dDVDve66a/WH3/02gRUB1tLW4lP18XadKGvXibK2/k9AXBBwAAAAYNTa
uW+DfvXwnQr225BWzG7Xzz5dJ0l6ZE26/rAqS1JwqdWvXmPqGx9OVKXR9/JWU7f9jy3ULHXJksV6
4blnElsUYEEd7X6VHWjR0b0tjOxIMAIOAAAAjErlJw7qh/feqkAgIEn61EVN+vyVzZKk1ZtSdPcT
uZIkwzD181ulG89NWKkxs+NIQNfcY5Pn5PSb66+7Tr/73X0JrgqwrrL9LTq4o0lN9Z5ElzIq2T/2
wa/enegiAAAAgHhqbKrR9399s/yB4LIin7+iUZ+5vEWStGGvU996NE+d01Ievt3UtUuNvi5laYXZ
hj64LKDHXzcUCBjavWeP2tvdOv+8EZjmAHGQlevUxJkZcrpsqqvqUCDAeIJ4siW6AAAAACDevveb
m+X1B//CesM5LfrUxcFwo7rRpq/dny/zZLjxq9tMXbpgZIYbnSYU2vS375qyG8EHsft++zs99dTT
Ca4KsLZJszJ10YdKVDI5LdGljCoEHAAAABhVfvngV9XWHpyKctmZbbrj+sbQvlt/XSi/acg0Td39
sYBuWJGoKuNr7gRDT3xDMmTKMKTbv3anqqurE10WYGmuFLsWnlegM5bnJbqUUYOAAwAAAKPG6+88
p10HNkmSxhd69IN/qw/t+85jOapttkuSrl9m6DOXjeyRG6daPkv64b8FX/v9fl1+5dWJLQgYISZM
z9CKq8YoLTMp0aWMeAQcAAAAGBUam2r057/9WpLkTApo5X92jVB49b1kvfp+qiRpbK6p+z4/OufN
33qJtHxm8LMfLz+ur95xZ4IrAkaGnAKXzrmiWLlFyYkuZUQj4AAAAMCo8KtHvi7T9Esy9ZvP1oTt
+9GTOZIkh93Uqh8koLhh5MlvShkpwZBj5condfDgoQRXBIwMrhS7ll1WpIKxKYkuZcQi4AAAAMCI
t3n7GyqvPCBJWjHbrQWTvaF9P30qS+0dwV+Lv/VhKS89ISUOK/d/Kfj/TVP61C23JbYYYASx2w0t
vriQkRwxQsABAACAEe+hv/5IkmSzmfrZp+tC79c22/T8+mCikZdh6vNXJKS8YWfFbGl2aXAUx779
+/Tss88nuCJg5LDbDZ11QQE9OWKAgAMAAAAj2tP//F91eN2SpJsvbA7b9+1Hc2Wakmma+t8vJKK6
4evxr3X1IfnWt/+/BFYCjDyuFLvOPDc/0WWMOAQcAAAAGNFeffsZSVKKK6DPXdEVcFQ32rTtsEuS
NLNUOmdWQsobtopyDF04LxhyNDY16cmnnkpwRcDIklPgYgnZKCPgAAAAwIi16vU/yuPtkCR98qLw
0Rv/tTLYWNQ0Tf3i06Nz1ZT+/OqzXa9//OOfJq4QYISaMD1DJZPTEl3GiEHAAQAAgBHrn2v/JCm4
LOytF7eE3m9uN/TuvuDojUlF0oJJRkLqG+7yM6TFU4PhT2VlpV5/Y22CKwJGnjmLc+VI4tE8Gvgq
AgAAYETae2iL2tqDocaHl7eF7Xv45QyZZjDU+MmnAnGvzUp+ekvX1+fnv/h5AisBRiZXil0zF2Yn
uowRwZHoAgAAAIBY+Purj0qSDMPUV65pDNu3ekuqJCk7zdSK2db8m9+Oo1JTe/B1Zoo0Z3xs7jO9
xKZx+aaO1RjavHlrbG4CjHKTZmXq6N4WNdV7El2KpRFwAAAAYETacyj4MD6rNPyBoarBrrpmuyTp
hnPiXtaQPfiS9IvnDTWFD0pRZqr0q9tMXb4w+vf89CXSD/8iBQIB/fnPf9HHP35T9G8CjHKT52Rq
65s1iS7D0qwZVwMAAACnsX7rywoE/JKkf788vLno71dlSpJMmfrqddZqLvrAy9L3n+gZbkhSU5t0
272GVm+O/n3//XLJfvLJ4f4HHoz+DQCodGq60jKTEl2GpRFwAAAAYMR5a/M/JEmupICWzugI29fZ
XHRKsZSVaq3mor98LljvRz98rSqPbA/9357339LZS8+SJP3i+djc+4yJwTBo7759sbkBAI2fnp7o
EiyNKSoAAAAYcQ6X75YkTRnjDXu/3WOotik4PeXiM+Je1pCU1Sg0cuPGj14fti8rK1Nfv+OL+vCN
t2rnUUNS9EemXLHQ1JaDhvx+vzZu3KSzzloU9XuMRE1NzXrv/fe0adMWVVZWqKa2TnV1dUpPS1d+
fp7y8vI0b+4cLVx4psaNG5focpFgpVPStWtjfaLLsCwCDgAAAIw4naunXDDXHfb+mzuSQ68/cUFc
SxqysgRPzf/ICunHTwVfP/GXlQQc/Th27Jh+9/v/02OPPy6v1xfROStWnKM7vnq7li8/O8bVYbhy
pdhVVJqqE2W9zENDv5iiAgAAgBFl9b+eCL2+bllL2L5Vm4Krpzgd0pQxcS3L8gqzDKUnB0eGrFu3
LsHVDG+PPf5HnXv+RXrwoYcjDjck6c031+lDH/movvTl29Xa2hrDCjGcFZWmJLoEy2IEBwAAAEaU
fYeDq6e4kgLKTA3fd6Ay+OvvuPyBTeEoq5GO1fZ8v3N51rIa6aXNUmN7V0+PrBRTly2USvN7v+ZL
m6XtZYYa28xQL5C5pcFzhmrHUemd3dLRWmnnEUMZaabmjjdUmm/qsjPNQfcemVgkbT8iVVScGHqR
I5Bpmrrvt/+r//rxT4Z0naeefkb1DQ363/v+R1lZWVGqDlZRMJaAY7AIOAAAADCiVNYckyTlpAV6
7KtvCfbfmFIU2bXKaqQ7HjD09p6+j7lsoamXNvcWGBj6/hPS2TOkuz9uas54qbHN1IMv2/TAS+q2
EooRdk5mqvSZy6Q7hrDCy+XfP7UeQy9t7ryXoRvOMXX3xwcedEwfGww4Ojo61N7uVkpKcv8njSIv
/mPVkMONTmvWvKp7fvRj/fxnP43K9WAdqekOpWUmqbXJ2//BCEPAAQAAgBGloalakjQ2LzzgaPcY
8vqCD/RzJkR2rdvulXYePf0xneHGuLFjNGfOTM2dPVPbd+7Wjh27dex4hd7eI93wU0OfuUx6cm3X
SJCMjHTNnT1Tc2fPkCRt37lH23fuVlNzi375nPTPzdJfvzn40Rbd6yk7Vq6yY8f19vqNkqS/rjO0
eouhB75savnMyK85b6L0zNuSDKmiokKTJ08aVG0jUV1dnX7ww3siOragIF8NDQ39Tl/545/+rGuu
uVrnn3duNEqEhWTnOwk4BoGAAwAAACNKhzfYWHRysSfs/UMnun71XTq9/+s8+aa086ihjIx0Pbvy
Ec2dE54EFE+YK0maPWu67rn72zpn2eIe11j3zgbddfd/a+euvfrlc5IUvN437vii/v3Tn+z1vj/7
5W/1i9/8TjuPGvrM/xj667ciG8lROm6sMjKCS0w+8sC9vdbT2Nik/3vwcf3fQ4+rqblFH/2poQe/
bOryCKfFnNPtS7Bl61YCjm6e+MtKlZUd63P/vLlz9Z/fuFNLly5VZmaGvF6fduzYoT/83/169rm+
1/b9xS9+pfPOXSHDsNaSxhiazFynyg/Sh2WgaDIKAACAkcUMBgJjc/xhbx+rsYde99UXo7uy4ECQ
4CiLOT2HOdx5+xf02Vv/Tc+ufKTXMEGSzlm2WM+ufESzZwUTlc6wpK9wQ5K+cccX9co/gsuVvL0n
GLREYvy4Eq3559PauO6lPuvJysrUN+74YlhNX3vQiHiFluKcrteVFZWRnTQK+Hw+/fmJlX3unz//
DP3liT/q0ksvUWZmhiQpKcmhBQvm6757f6PbPn1rn+e+u2GDdu3eHfWaMbylZyYlugRLIuAAAADA
iOR0nDJFpSP4q69pSklRGMf8jTu+qHvu/raysjJPe1xWVqaeXfmI7rz9C9q47qVew5JTzZ0zU3fe
/gVJOjnyIzLjx5X0W0/n9R954F5lZKSrqS3YZyQSuRldr+sbGyMvbITbvGWLDhw40Of+79/1XeXl
5fW6z2636z//8+saP760z/NXr355yDXCWlLTmWwxGAQcAAAAGDFMsyvUcLrCH9pbO4LbhkwlOQbf
wHMwOkdORBI+dLrxox+UJB2rNbSjnz4gp9q+Y7fuf+iPWvnU8zp6rLzXY8aPK9E93/+WpOBIkbci
HCTgsAe/do0EHCHbtm3vc9+sWTN19tnLTnt+VmamPnbTTX3uX79+/aBrgzW5Uuz9H4QeCDgAAAAw
YgTMruAi2R4+gsPdOYLDMOSwRaefQWNjk26/8zuaPu9sTZ93tu76Qf8raKxavUaLl1+m4glzdfEV
H9a6dzb0etz4cSUaN3aMJJ12FZdT6/nQjbfqkis/ort+8BPdfud3tOScy/WXv/Y+DOSmGz4Yusfq
zZHdw3Vy5HxTY1NkJ4wCO3fu6nPftddcE1H/jAsvOL/Pfevf3SCvl4aTo4nDyaP6YPBVAwAAwIgU
OHWQRuczpimZUerX+KGbbtXKp55XU1Ozmpqadf9Df9Rdd/93n8evWr1Gt/777SorPy5J2rFzj279
7Ff6HGVRWloiSWpsiayeu37wE711MjApyTWVkRJ8/6tf/65WrV7T6zlXXH6RpMhDlKSTf1h2d7gj
O2EU2LS573Ro1qzIlqmZNm1qn/va29t1tKxswHXBuux2msoOBgEHAAAARoz/x959x7d1lv0f/8p7
75U4w9l7NHs1SdNNU1pKW0YHLVA2BR54GA88UHYplB+bpxQopUChC7r3zmz2crZjx9uWl2xLlmVL
vz9UJ3F0ZEuyZEn25/165ZXkHOmcyzq3dc65zn1fd2zM2W7dLdb+XbwzU/t6dLhktQ19X8+/+KoO
lbqzAl96r0vXr3JnVO5/4O9e3/OzX/xOkjRrvEt/+rw7AWGxtOtfjxj3sOibQtaXIqCnq6r1yONP
SZLu+rBL2++Vtv3MqRXvzhjzhz89ZPi+VSuXSXLPGOOL7ndnNk1JTvHp9SOdy+UasP5GYUGBT9tJ
TU1VSYn3+YtbWlr8jg0YbUhwAAAAYESydPS/Yc9Ids+qYjKZ1BGEzgcHD7mLVswa79KX3yfdcfnZ
dd6GnfQlRL5yrXT5IunGNe6kyBYvr8/IcNfsqDIPnnyorKo58++PX+r+OzPFpDsud+9j6/adxvs4
py5Im3Xw2iSOHncsKSnJg752NLDZbHI4eryu75s1xRdFRUVe13V2Wv2KC9Gtt3d46wSNFCQ4AAAA
MLK8W++g3dY/KZCdevaGoTEI5SMOlroTHJnJ7v3MmeD7e9Pf7fyQEcQcwaF348k4r2NFuh8dLQ75
0Iuj992xP+lpab5veASz2QbuDpSQkOjztlJTU72us1pJcIwmPd3OwV8EDyQ4AAAAMKLEvltsw2zp
P81ibmbvmX9XNQ59PxZL+9A3EkRzZrtrPVis/XtiVPkwvKXPqkHKRVjtkvPdAiZ9vUtGO0eP994b
khTjR0Hb+DjvU4M6urt93g6in93WO/iL4IEEBwAAAEaUxCT3U/BKc/+bxUmFZ29E956GOH31AAAg
AElEQVQa1pCGxdxZM878+65/uG+q26wu/fFl97LLL73I8H2VlcYFTo2cqj/778lTp/gf5AiUnJQ0
4PreXt+fxHcPMFNKcjJDgkYTa8fAiTMYI8EBAACAESUzPU+S1GjxvNRNiHPfbB6t8VgV9TIzM3TH
7TdJkh7dbNK4202a89mYM8VDP/HxWw3ft2XrO5J0phjpQDadMxvqwvnzhhbwCJE0SIJjsCEs52pr
a/O6bqDhKxh5OixMCxwIEhwAAAAYUQpz3VOrdto8L3Wz3p1JpdqHop3R6Ctf+uyZJEef9PQ0/eJn
P9DqFUs9Xt/WZtELL78uSVo5c/Cihvvf7fnickklJSVDD3gESExMHLB3ResASYvznT592uu6lBRm
rRlNLM0MSQqE90FeAAAAQBQaN3a69h7epF6XSWZLjPIyzg4RGJPTq4a2OJmDUGQ0EmVmZuj7d31D
d3z81jOzqsydNUOZmcb1Mv7wp4fO1BK58cLBt99XhDQpMSE4AY8QCxbM17Zt2w3X1dT41l2oqalJ
jY3eC6YUFhUGFBuiU6uZBEcg6MEBAACAEWXlgsvO/Pvxzf279a+caZck9TilPSdH7jSME8YVa/WK
pVq9YqnX5MbBQ0d07y9/L0m6fpVL4/MG325fDY7JkycFK9QR4YKFC7yu27dvn0/bOFRa6nXdmKIi
FRWS4BgtrB096mSISkBIcAAAAGBEKcgrVny8e2rOzYf710fYuKzzzL8f3RycYSpzJvqWKDl46MiZ
f5+fTLC0G8/IUlnlLgA6Ls+lORMG3s/BQ0d02x139tuPN5u37dB1H7xdkjRrvEvfvcmH4SnlUl+9
zEsvuXTQ148mM2d4n37mySefVrcPM6C88sprXtctW7ZUJtPIHFYFT401vtdtQX8kOAAAADDijMl3
14cob4jvtzw33amURPdd+luHBt7G+Hz331u379TzL77ab93mbTu0dftOSdKcCWeXzxrvThR8+7t3
63TV2dlJTldV62e/+J0kKT35bIJj5Sz334dKj+r+P/9NbW1nx8688NJrZ+pjzC2RMlNMSn+31MO9
/+93HomMP/zpr3rhpdd03Qdv189+8ft+2+rTlwR5/wdul8XSrvRk6Rcfd297MA/23X+7XLrppg8O
+vrRZMnSxV7X1dbV6Zlnnxvw/ZWVVfrHw//0uv7CC9cEHBuiT30lCY5AmZ564NTI7ZsHAACAUenp
1x7UU6/8UZL0u0836IIpZ7t7f+Z3edpTliiTpCO/dyl1gEkwLv22dLjS+81/cY5LL33fdSZB8OJu
6WO/HjhZcNeHXfr4OR0grv+xSduOeX/9ufvwZfvnmjN7hjIz3ENUtmzb0W/drPEu/flOz94k3iz8
gmS2mJSUnKTyk8d9jmG0+OCHbtIbb75luG5MUZH+/ve/avasWR7rLJZ2ffqzn9Orr3rvwbFvzy4V
FhYELVZELrutVy/9qzLcYUSt2A9d+8W7wh0EAAAAEEwzJi3U068+IElqsMTqysVnn4imJDr16j73
jBRpSdKyAaZHvWiedKjCpKomz3Wzxrv0969IBZlnEw5Tx0jj8qQtR0zq7un/+vRk6X9u7J/ckKTL
F7t0vFYqq/NMXMwa79LvPyONzzOd2f6cCdLrBzy3f+577A73+sbGJlVW1ZwpONq3/n9ukH7yESnT
x4k5Tje69Otn3J2/169bp+uuu9a3N44icfHxXntqdHR06N//+Y8cjh7FxMbK3tWlqqpqvfLqa/ry
V/5bO3fu8rrdG2+8QTdcf12owkaEKT/aLnNNV7jDiFr04AAAAMCI9K2f36R682nFxri06Z7+M1lc
+LWx6uk1aXyetPWng18OV5rdf/qMzxu858Oh01Kb1f3vzJT+Q1m82XLOqJPB3nN+TOe/Z8sRqbRS
autw/3/uRGn2BN97bJzr8/dJ/97mTrI889R/tGSJ9yEZo1VPT49uuvlWvfnW20HbZlpaml556QWV
lEwM2jYR2V57opoCo0PANLEAAAAYkdYu2ahHX/idep0mvbA7WVcsOtuLY9EUu945lqRKs0uNbVJ+
5sDb8iWhcT5fEhrnW+W9VqWHwWJaNdO/7Q3kxT3uvzPS00lueBEXF6e7vvNtXX3N+9TR0RGUbX7z
G18nuTGKVJ7oILkxRBQZBQAAwIh02doPSXL3Orj/+fR+6z56ad+sJSZ946/DG1e0efgtl6x29+d4
xZVXhDmayDZr1kz9/W9/VXZ29pC39T/f+Jpuu+3WIESFaFF2yLMwMPxDggMAAAAj1sJZqyVJNS3x
2nsq4czyBZO6VZDpLmLx0h6TOhjy7tWPHnUnN0wxJv3ge5TvG8zyZUv12KP/1Jo1qwN6f3FxsX79
q1/ozs9/jqlhR5FThy2ytAw+nTAGRoIDAAAAI9at133jzE3iPY9l9Vv3jRtaJUlOl/Sdfwx7aFHh
2Z1SS4f787tm40ZlvDsjCwY2Z/ZsPfLPf+jBv/xZV1+9UcnJyYO+Z9nSpfred7+j1199WTdc//5h
iBKRwm7r1ZHdreEOY0SgyCgAAABGtN//7ZvaXeqevvP3n23Uwklnn5Je+4NC1bfGKS7GpYO/dc+q
grP6poaNiYnRsSOHlJaWFu6QolJnZ6dKDx9WQ0Oj2traZLG0Kzk5SVlZWcrKytKMGdNVVFgY7jAR
JrvfalR1WWe4wxgRSHAAAABgxPvkt9bJ6XQqK8Wp579Xe2b5jmMJuvMP+ZKklTNdevRr4Yow8vzs
3y794il3h+9bbr5JP73n7jBHBIw8FcfatX+LwTzUCAhDVAAAADDiXbn2ZklSqzVG//fc2YKjS6d3
a+5EuyRpyxGTth8LS3gRp83q0q+edt8qpKamkNwAQqCl0U5yI8hIcAAAAGDEu/ayO5Sa4p4L9qE3
0mW2nL0M/ulHm2UyuWSSdPsvwxRghPngPSY53+3n/fN77w1vMMAIZLf1as/b5nCHMeKQ4AAAAMCo
8Jmbvi9JcjpN+sgvCs4sz0p16qb1HZIki9WkD/0sLOFFjJ/+WzpQ4S4sOmfOHF3z3o1hjggYWXp7
Xdr5RqM6LY5whzLikOAAAADAqDB90gVatuBSSVKzJVZf+0vOmXWfvcqi4lz3zcbbh0x64JWwhBh2
O09Iv3zKndyIj4/XE4/9K8wRASNLb69LO15tUHM9c1OHAgkOAAAAjBp3fODbykp3FxV962Cy/rM1
5cy6B77YqLhYpyTp2/+QDpSHJcSwabdJH7jHdOb/f3ngj8rMzAxjRMDIYrf1attL9WqssYU7lBGL
BAcAAABGlW999g+KNbkvg3/yeLb2nkqQJKUnu/T9m1okSS6XSdf+0KTWztEz4eDar5tkf7fH/K23
3qKLN2wIb0DACNLSaNfm5+vouRFiJDgAAAAwqmRm5Olzt/7kzP8/93+5amh1Xxavn9+lm9dbJEn2
HmndN0yG2xhprrhLanT/2FqwYL7uuftH4Q0IGEEqjrVr07O11NwYBiQ4AAAAMOrMnbFCN733y5Kk
3t4Y3fSzQrVY3ZfGn93Yrg0L3F3Im9pN2vCtkZ3kuOM30sF3i4qWlEzUi88/G+aIgJHBbuvV7rca
mQp2GJHgAAAAwKi0fsW1umr9rZKkjq4YXfv9Qp2qj5Mk/fCWZi2YZJckHauWlnxJsnaHLdSQueaH
0vO73MmN7JxsvfHaKK2uCgTZqcMWvfZEtarLOsMdyqhCggMAAACj1rWX3aHLL/yQJKnbEaNbflag
XcfjJUn/91mzZo93JznqWk1a9EXJ3B62UIOqq9ulFV8xadcJd3IjNzdHO7ZtUVJSUpgjA6Jb5YkO
vflkjQ5ub1aPwxnucEad2A9d+8W7wh0EAAAAEC6zpy1VUmKqSo+/I5dMem5XqlySFk/p1jUrrDpW
Fa/TjfHq7jHp/helmeOkaWPDHXXgdp2ULvlWjJo63P8vLh6rfXt2KSEhIbyBAVHKbutV+dF27d3U
pMrjHbJ39YY7pFHL9NQDp0ZPaWgAAADAi7d3Pae/PnG35HJfHk8da9dD/2WWJP3wkSw9806qJMnl
cumaFdLvPhW2UAP2/X9J971wtqbIvHnz9PKLz4UxIiA6WTt61FhjU32lTfWV1nCHg3eR4AAAAADe
VXa6VPf+6U51O9xDU+LjXPrv97fp6qWd+vfWFP308Sy59O6wjnTpwS85tXBS5BchPVXn0s0/j1FF
o/v/Lpd022236ic//mF4AwMiWG+vSz3dTtltvbJ29KjD4pCluVut5m5mRIlQJDgAAACA83zr/31Y
9Y2VZ/5fUuDQzz9uVpcjRh/7ZYFs3e6khkvSRXNd+uPnXUpKiMxExxfvlx7bIundxExMTKw+/eEf
aOHsNWGNCwCCjQQHAAAAYOCR536rVzY/KpfLPZ7eZHJp3Zwu/fi2Zn3p/lxtO3q2IGd8rEs3XyR9
/6ZwRevp189Iv3paZ5IxkjR+zDR96WP/T+kpmWGMDABCgwQHAAAA4EWn1aLf/u2bOl6+98wyk0m6
aL5VH72kXV97IFfVzXFn1iXEu/SJS6Wv3xCOaN3ue0H6+ZNSZ9fZxEZqUro+/sFva+70FeELDABC
jAQHAAAAMIiy06V64PEfqa6xot/yCQXdmlns0K6TSWqyxJ5ZHhvj0oJJ0icukzYuC318bx6Qfvuc
tPO41N17NrGRlJCsK9bdrKsuujX0QQBAmJHgAAAAAHxUVXtCDzx+t07XHFFfTQvJPXwlN6NHVlus
rN0x/d4TH+vSzHHSpQtduuUil/IzYzRUnV3Sn1+RXtwtHa6S7I7+9T/SkjO08eLbdfGq64e8LwCI
FiQ4AAAAAD+1Wcz653O/1r7Dm+V4d8aVs1wymSSXU+7xLOdJTZQm5rs0b5K0do5L1ywfvDjpszvd
vTT2l0vlDVJHl9F7YjRh7DRdc+lHNX/GqoB+LgCIZiQ4AAAAgCHYffBNPfvGQ6ptLPdIdrjkklx9
eY7gz7ISY4pRTlaRLph9oW686nNB3z4ARBMSHAAAAECQNLfW6613ntKRsl2qNVfKam2XezJZyeV6
N9Ph0pllJoMeHt6ZlBCfqLzsIpWMm6XVS67S9JIFwf4RACBqkeAAAAAAQqjbYVdHZ6ucLqfHOput
U/buTklSXFyC0lKzDLeRmJjC1K4AMIg4l8vlZ+YYAAAAgK8S4hOVk1VovDJ7eGMBgJHK5XIpxtVL
Bw4AAAAAABC9XL0uxTgcveGOAwAAAAAAIGAORy8JDgAAAAAAEN0cjl7FdHd1hzsOAAAAAACAgHV3
dSvGbnOEOw4AAAAAAICA2W0OxXRZSXAAAAAAAIDo1WV1KMbWaQ93HAAAAAAAAAGzddoVY+0gwQEA
AAAAAKKXtcOumA6LLdxxAAAAAAAABKzDYlNMp6VLHZaucMcCAAAAAADgtw5LlzotXYpxOl1qb7WG
Ox4AAAAAAAC/tbda5XS6FCNJbc2d4Y4HAAAAAADAb305DRIcAAAAAAAgavVPcDR1ytrObCoAAAAA
ACB6WNvtams6J8FhtznU3Nge1qAAAAAAAAD80dzYLrvNIendBIckNTeQ4AAAAAAAANHj3FzGmQRH
U73lTNYDAAAAAAAgktltDjXXW878/0yCo6PNpsba1rAEBQAAAAAA4I/G2la1t9nO/D/m3JXm2rZh
DwgAAAAAAMBf5+cw+iU4GmrazlQfBQAAAAAAiERtTZ1qqBkgwWG3OVRf1TKsQQEAAAAAAPijvqrF
o45ojOeLWmXr7B62oAAAAAAAAHxl6+xWfZVnDVGPBEdrU4fqTjcPS1AAAAAAAAD+qDvdrNamDo/l
HgkOSao53cSUsQAAAAAAIKLYbQ7VnG4yXGeY4Giub1d1uTmkQQEAAAAAAPijutys5vp2w3WGCQ5J
qjnVpA5LV8iCAgAAAAAA8FWHpUs1p4x7b0gDJDhazB2qKmsMSVAAAAAAAAD+qCprVIvZs/ZGH68J
DvebzTLXtQ30EgAAAAAAgJAy17WpqmzgUhoDJjhsHXadPt4oZ48zqIEBAAAAAAD4wtnj1OnjjbJ1
2Ad83YAJDkmqPmVW+bGGoAUGAAAAAADgq/Lj9ao+NfhEKIMmOCSp4ni9zHWWIQcFAAAAAADgK3Od
RRU+drrwKcHR0WZT+dF6ddm6hxQYAAAAAACAL7ps3So/Wq+ONptPr/cpwSFJtRVNOnW4LuDAAAAA
AAAAfHXqcJ1qK7xPC3s+nxMc7o3XqvwoSQ4AAAAAABA65UfrdOpwrV/v8SvB0dvr0snSWr8yKAAA
AAAAAL6qrWjSydJa9fa6/HqfXwkOSbK223XiUK3MtRQdBQAAAAAAwWOutejEoVpZ2weeEtaI3wkO
SWo1d+j4gWq1mNsDeTsAAAAAAEA/LeZ2HT9QrVZzR0DvDyjBIUnmujYd21et1qbAdgwAAAAAACBJ
rU0dOravWua6toC3ETeUABqqW+WSNGNBsbLz0oeyKQAAAAAAMAq1mNt1dF+1Gqtbh7SdISU4JKmx
ulUup0vT5hYrb0zGUDcHAAAAAABGCXOtRccPVstcG3jPjT5DTnBIkrm2TT3dPZo6d6zGTMwNxiYB
AAAAAMAIVlvRpBMHa9Ta1BmU7QUlwSFJrU2dOry7UvYuh0pmFAVrswAAAAAAYIQpP1qnstI6dbZ3
BW2bQUtwSFJne5cO7aiQrbNbk2cVKTE5IZibBwAAAAAAUcxu61bZ4TqVldbK6XQFddtBTXBIktPp
0omDNepst6tkRqHyiqjLAQAAAADAaGeus6j8aL1qK5pCsv2gJzj61FY0qb3VqonTC1UyrUAxcQHP
SAsAAAAAAKKUs8ep8uMNqjhWr442W8j2E7IEhyR1tNl0aEe5Wps6NGFqvvKKMkO5OwAAAAAAEEHM
dW2qPNGoqjJzyPcV0gRHn+oys5rr2zVuSp7GTylQanricOwWAAAAAACEQWe7XZUnG1R90ixrp31Y
9jksCQ5JsnXadXx/tcw1bRo7KVfFJXlKTI4frt0DAAAAAIAQs9scqi43q+ZUk1rMHcO672FLcPRp
MXeoxdyh2tMtGjshR2Mm5igphdlWAAAAAACIVl3WbtVWNKvmdLOa6y1hiWHYExx9mustaq63qKrM
rMJxWSocl63M3NRwhQMAAAAAAPzU1tSp+qoW1Ve1qrVpeHtsnC9sCY4+rU0dam3q0Kmj9SoszlTe
mCzlj8lk+AoAAAAAABHIbnOosbZN5tpW1Ve3qbvLEe6QJEVAgqNPd5dDlSfNqjxpVlpmsnILM5ST
n6acggylUJQUAAAAAICwsbbb1dxoUXNDh5rqLSGd7jVQEZPgOFdHm00dbTZVHKtXQlKcsvLSlJmT
qsycVGVkpyg1PSncIQIAAAAAMGJ1tnfJ0mJVW3On2po71WruUHdXT7jDGlBEJjjO1d3Vo4aqVjVU
tUqSYmJMSstMVmp6klLSEpWcmqjE5HglpcQrITFB8Qmxio2LUWxcjEwmU5ijBwAAAAAgcrhcLvX2
ONXb45Sju1fd9m51WR2y2xyyddpl7bCrs71LHW02OZ2ucIfrl4hPcJzP6XTJ0mKVpcUa7lAAAAAA
AECEiAl3AAAAAAAAAENFggMAAAAAAEQ9EhwAAAAAACDqkeAAAAAAAABRjwQHAAAAAACIeiQ4AAAA
AABA1CPBAQAAAAAAoh4JDgAAAAAAEPVIcAAAAAAAgKhHggMAAAAAAEQ9EhwAAAAAACDqkeAAAAAA
AABRjwQHAAAAAACIeiQ4AAAAAABA1CPBAQAAAAAAoh4JDgAAAAAAEPVIcAAAAAAAgKhHggMAAAAA
AEQ9EhwAAAAAACDqkeAAAAAAAABRjwQHAAAAAACIeiQ4AAAAAABA1CPBAQAAAAAAoh4JDgAAAAAA
EPVIcAAAAAAAgKhHggMAAAAAAEQ9EhwAAAAAACDqkeAAAAAAAABRjwQHAAAAAACIeiQ4AAAAAABA
1CPBAQAAAAAAoh4JDgAAAAAAEPVIcAAAAAAAgKhHggMAAAAAAEQ9EhwAAAAAACDqkeAAAAAAAABR
jwQHAAAAAACIeiQ4AAAAAABA1CPBAQAAAAAAoh4JDgAAAAAAEPVIcAAAAAAAgKhHggMAAAAAAEQ9
EhwAAAAAACDqkeAAAAAAAABRjwQHAAAAAACIeiQ4AAAAAABA1CPBAQAAAAAAoh4JDgAAAAAAEPVI
cAAAAAAAgKhHggMAAAAAAEQ9EhwAAAAAACDqkeAAAAAAAABRjwQHAAAAAACIeiQ4AAAAAABA1CPB
AQAAAAAAoh4JDgAAAAAAEPVIcAAAAAAAgKhHggMAAAAAAEQ9EhwAAAAAACDqkeAAAAAAAABRjwQH
AAAAAACIeiQ4AAAAAABA1CPBAQAAAAAAoh4JDgAAAAAAEPVIcAAAAAAAgKhHggMAAAAAAEQ9EhwA
AAAAACDqkeAAAAAAAABRjwQHAAAAAACIeiQ4AAAAAABA1CPBAQAAAAAAoh4JDgAAAAAAEPVIcAAA
AAAAgKhHggMAAAAAAEQ9EhwAAAAAACDqkeAAAAAAAABRjwQHAAAAAACIeiQ4AAAAAABA1CPBAQAA
AAAAoh4JDgAAAAAAEPVIcAAAAAAAgKhHggMAAAAAAES9uHAHAAAAMNqsuLREcfH9nzPZbT3a8frp
MEUEAED0I8GBEecLd69TfGJsv2XNDVb9+cfbwhQRoh1tCkCw3fSlJUpM6n8Z1txgJcGBYcF5DcBI
RYIDI87U+fkeF431Ve1higYjAW3KPwtXFyvhvM+rp7tXu9+uClNEAIBzcV4bPkvWT1BMrMlj+clD
ZjXVdYYhImBkI8GBYfP5H61Vcmq8x/LmRqv++IOtYYgIw23Zholaf83UoG1v28vleuuZk0HbHoZu
8uxcffp7a2Qy9b+Ye/ahQyQ4AACjzke+uswjmSRJf/zhVhIcQAiQ4MCwWLZhouatGGu4zuWSXnvi
uMpKzcMcFYZbyawcTZ2XH7TtHT/QGLRtITg2XDfdI7mxZ1OVnnzgQJgiAgAAwGjBLCoYFisuK/G6
zmSSVl85aRijQbhk56WEOwSEUHZ+ihasKu63rLqsVX/5yfYwRQQAAIDRhAQHQi6nIEUzFhYM+JoF
q4oVG0dzHOkyc5PDHQJC6OL3T+/XDbejza4//mibbJ2OMEYFAACA0YI7SoTc2o1TFZ8QO+BrMrKT
tOziicMUEcIlMycp3CEgROITYvv9Dvf0OPXQvTtUXdYaxqgAAAgvl9Mll8vzj1zhjgwYmajBgZBb
tG68T69btmGCtr54KsTRIJwyDBIc5tpO94k+AB2W7qGGhCC5cOMUZZ3TQ+fZvx7Snk0UFQUAjG53
bnw83CEAowoJDoTU3GVjVDQ+vd+ynh6neh1OJSb3b34zFhYqtyiVitIjVN6YVI8q4k6nS9+5/Tk5
unvDFBWCpbqsVQ/cvU2S1G3v1a43K8McEQAAAEYbEhwIqdVXTvZYdmxfg9qaurTyvMKjcfExWnPl
ZGZbGKHGlmR6LOu0dJPcGCGO7m0IdwgAAAAY5UhwIGRSMxI1Z+kYj+W736qSubbDI8EhSRdcOG7Y
EhyxcTEaNyVLWbnJ6nE41Wq2qrGmQ9320N9wJ6fGK39smlLSE5ScEi9Hd6/qKi0y1wbeeyUpJU65
halKSUtQSlqCZJI6LXZVlbWqy9oTxOgDk1eU5rGso80ehkhCJ1xtKtKPfaikZyUqOz9FiclxsnU6
1FDVPiy/v4Ho+53PyktWSlqCumw96mjtUsWxlqhI8uUUpCgzN1mp6QmKjYtRe6tdbc22kPe4C3fb
jk+IVVZesjJzkpSakShJstt6ZK7rGNL3dSBx5I1JVU5hquLiYtTZ3q3qstaQF/CN5nbr7dg11nb4
1W7TsxKVPzZNqemJio2PUXdXj9qau1R32qLeHmeowldSSpzyx6YrIztJaZkJcjpd6ursUWNNu+oq
20O23/OF+1opb0yaMrKTFJ8Yq65Oh9pbu1R9qi2o+4mUzzoQ4fqOiqbzL0YfEhwImQuvmqyklP5N
zNrerW0vnVK3vVcNVe0qGNd/+MrYkkzNvKBQR/bUhySm2YuLNHf5GE2dl6/ikkzFJ/YvfupySQ3V
7SorbdKeTVXaG4QaArFxMZqztEgzFhZq4vRs5Y1JU1ZusmJiTR6vbaju0KO/36N9W6oH3ebC1cWa
vqBAY0sylVeUquz8FMNtOntdMtd1qvxok955tUL7t9YM+WcKRE6h5xSxIyHBMdxtariP/Se/s9qj
SHB7m10P3uPf1K9zlo7RRddO81j+2hPHVLqrzqdtJKXEafklJVqwqljFkzKVlZci0zk/tsvlUkuj
TaePNWv321Xa9nK5XzEG25iJGVq7caqmzs1T8ZQsxRnMFOWw96r2tEUHttforadPqqXRGoZIPS1c
Xaz5K4tVPDlTBWPTzlw4n8/a3q3qU20qKzXrrWdOqrGmI+B9hvt7LSklTgtWFWvKnDwVjstQQXGa
1/1LUpfVoZpyi47ta9Cm506qoTrwn93IjIUFWrR2vCbPzlXxZM/243K5VF/VoeP7G/TmUyd0+nhL
UPYbje3W32Nn63SotqJNh3fV6+1nT6q54Wz8k2fnav6KYk2Zm6fCcenKzE3u9z3Tp8fhVH2lRSdL
m7TlhVMqKzUP+eeYMC1ba94zWZNm5mrspEyvBdptnQ5VlbXqyO56vfXMSbU12Ya873OF41qpz/JL
JuqCNeM0dlKWCsamGR5Dh71XTQ1WVZe16uQhs955tUKWli6/9jOcn/VlN840nEXuifv3+ZUkC+d3
VLSdfzG6me646GFq+CIkvnXf5ZowLbvfsh2vn9b9398iSbrh0xfo0htmeLxv28vl+vOPtwW8318/
d71HrQfJXcwyb0yqX9s6vr9RT/3lQEDd7xesKtayDRM1a3Gh0jKNbw6MPHH/Pr3w8GHDdVl5ybrq
ljlavHa8X9s816kjTXriD/uGfUjBHd9apaUbJvRbtuvNSt333c3DGkcgIqFNhRvg5DcAACAASURB
VOvYG/3szQ1Wff2DT/m177VXT9XNX1risfyvP3tHm54rG/T9F107TVd8aJay8z0TZd40N1i1+fky
vfLY0WGdqjYzN1nX3DZXyy8p8bgxGIi1vVsvPXJEz/29NITRDWzNeybrsg/M8qid5AuHvVd7t1Tr
kd/t8esmIJzfa5m5yVp9xSTNWlykkpk5hr/nvrB39ejtZ07q8T/4fsPi7Xfr+X+UavWVkzVxeo7h
jbWRnh6nNj9fpn/+enfAvQqird0G69jZOh1648njsnf1aMm6CSqenOXz597H6XRpz9tV+scvd6q9
1f/EffGkTF1z+zzNWzFWsQYJpYF0WR3a8sIpPXH/Pr+eoEfCee1cl7x/hi5+/3TlFvm3b8ld9+nN
J4/r0f/bO+hrw/FZf+dPV6p4kucw3Ts3PjZoT7Rwfkf1iabzLyBJsYsnXX9XuIPAyDN1bp6uvGmO
x0XCkw8cUN1piySprblLazdOkem8F2XnJ+v1fx9Xb29gubf33DTb8IlTSnqC39vKLUzVkvUT1NJo
VdVJ36a73PC+6brta8u14brpKp6UqQQ/T0aHd9frxEHjJ0G3/Ncyrbpikt/bPFd2XoqWrJ8gS0tX
0J74+eLi66Yrt7D/hcvRvQ06uL122GIIVLjblBS+Y2/0s9s6HXrlsaN+7XvijBzNXznWY/m+LdUD
xhIbF6PbvrpcV354tpJT4/3aZ3JqvGYsLFDRhAztfP20X+8N1LgpWbrzx+s0e0mR3xfP8Ymxmrmo
UGMmZmjv5mq5nMP3/CE1I1Gf/PZqXfaBmQEnGWLjYlQ8KVOLLhyviuMt/Z6KDyRcbfv2r6/Qzf+1
VHOWjlFeUarh77iv4uJiNHl2nqbMztOuNyvl9OH8ZfS7lZwar/krxiorz7jXgDcxMSaVzMjR1Ll5
2vmGb/s/V7S122Aeu/iEWE2bl6+ZFxQqIyfJ7+SGJJlMJo0tydT8FcXat6VaXVbfb+gWri7Wp+5a
o4nTcxQT4//O4+JjNWlWrhauGacju+t9nl0sEs5rkpSdn6I7/nelNrxvunsYWgBi42Jk7+oZtNdA
uD7r9ddMU0a25yxyz/+jVD0O78mGcH9HRdv5F+gT+G8KMIA175nicZHQ3GDt142xuqxVFUebPd6b
mpGolZdPCnWIPktIjNUtX3FfgPvifXfM15iJGSGJxRSk39iExFh96POLNXtJUXA26AOjKWLbmoPb
rTZa+NumpOg+9kNx42cuMKzX4w9vXY+DbfzUbH3xnvUqHOd/74dzLVk/Qbd+ZVmQohpcelaivvTT
9YYJqEDkjUnVJ769SjkFvj3tC1fbXrR2nBL86Kngi1mLC/XBzy8K6jb9MfMC//cfje02FMcuGMZM
zNBHvur7Z3DBmnH6xLdXKz0rsKTiucaWZOoLP1nvd++LYAnkvJZTkKIv3rNe85YH57tnIJH4WZ//
gO984f6OiqbzL3AuanAg6BISYw0vlA9s8xwjvWdTlSbNyvVYvmT9BL351ImQxCe5x84213fK2umQ
y+VSanqi8opSvY5jjIuL0fWfXKhj+xqCUrTJ5XJ3dewr0mYySUkp8QGfCHocTrU122TrdKi7q1cJ
SbHKzk9R6gBPYuITY/X+TyxQ6U7f6h8MVaZBgqPVbFPx5CxNmZ2rookZSklNUFJKnBKT4uR0umTr
dKi5waqKY806sqdBnZbIrdkRrjYVDcc+ULOXFGnde6d6Xd/aZFPdaYvaW+yKjTMpNSNRhePTlXXe
WOdAntT5KzYuRrd8eanhUzrJ3YX61OEmtTW5j1VyWryKxmdo3OQswzay8rISnTzYqLeeORnq0HX7
11d4DCc8n7W9W82NVnV39Som1qTU9ARlF6R4faKYlZusyz84Sw//alfAcUVC27Z1OtTe0qVue69i
42KUlBLnMfb8fKuvmKy3nj6pimOeCfxAWNu71d5ml6O7V8kp8couSBmwTa++YrK2vVSu4wcaB912
NLfbwVjbu2Vptaunu1dxCbFKSYv3+nN643K5E/Gdlm7FxJiUmBynrLzkAT//2YuLtGT9BO18Y+Cn
1rlFqfrwFxYrLt57hq+5waqG6nZZOxyKjTUpLTNRRePTvdbEyS1K1W1fXa6ffek1337AQYT6vPax
b6706YGQw96rLptDLpeUmBSnxGT/bl+i4bMOVKi+o6Lp/AucjwQHgm71lZM9uji7XNLWl055vHbL
C6d09a1zPcb7TpuXr6Lx6UGtXm1t79aeTVXat6Vah3bUeVSAz85P0dqrp+iia6YZdtFMy0zUjZ9Z
pN/979v+77vDPUa5saZD9ZXtaqhuNxx3mZWX7HPX4qb6Tu3fWqNj+xpUurPOcIzjjIUFWvfeqVq0
drzhSWb81GwtXDMuqAXCjGTlJSspxbN7421fXe7zNuy2Hh3eXa+3nj6hg+9ExrCWcLWpaDr2Q3Hh
VVMMY29ptOrff9zvtTvy7CVFWvOeyVqwsljxibGDPiULhmtun6eSGTkey3t7nHr9yeN66V9H1Gr2
7LE0cUaObvzMBZo2L99j3cZb52rby+UhrUy/9uqpmrvMc7YryR37jtdP6+1nThreLKdnJWrlZZN0
xYdmGQ5rmbGwwO94wt22exxOle6s08lDZh3YXmPY3T5/bJpWXFqi9ddMVXqW5w1zTKxJ666eor/e
G3iCo6a8Tfu31mjv5iqVlTb1W5edn6K1G6foomuNv1diYk3acN10nxIc0dpujfQ4nDq0s1YnDpi1
f2u1aissHq8ZP9VdWHLV5ZMGvEmuLmvVO6+d1s43TnsUzs3KS9ayDRO14brpXnsprbpi0qAJjus/
udCw8KQknTrcpCcfOGCYqIuNi9HKy0p05U2zlT/Gc3ay6QsKtHbjlICTTMN1Xrv8g7MM20+f8qPN
2vH6aZXurFN1Wf/fw7wxqZoyJ0/TFxRo2vyCQWsGRepnHYjh+o6KpvMvcD4SHAi6pRdN8FhWXdbq
cZEmSZaWLh3ZW+/RPTEm1qTV75mix+8bvGCUL5obrPrhp14csPhXS6NVT/75gA69U6tPfGe1RxZa
kuYuH6PCcemqr/Iv8dJl7dFzfxu8AJvRheT56irb9cyDB/XOaxWDvvbo3gYd3dugNVdN0c1fXGL4
1GXu0qKQ3+QWT8oa8jYSk+O0cHWxFqwaq52vV+qR3/tXyDDYwtGmovHYD4XRxa/LJT1w9/YBZ1oq
3Vmn0p11KihO05U3zVFaRmDjun0VnxDrtRvvY/ft1auPH/P63oqjzfrFf7+hL/xknaYv6J8QyMpL
1rr3TtXLj/pX78Qfl90403C5rdOhB+7epr2bvc/o1N5q10uPHFFthUWf+9FajyeG3m4ojERK27a0
dOk333xrwNc01nTo6QcPaucbp/WFn6w3vMmdOt//5I7k7tn30M93aMdr3m+OWxqtevKBA9q3pVqf
+9Faw14JviSXorndGrG0dOm33xz4prryRIse/tUu7dtSrU/dtcZjpjfJfQP53Y+/4HUbrWabXnrk
iHa8flp33r3OsHjk5NmePVPPlVOQovkrjIdllO6q0+++9bbXBFFvj1ObnivT/q01uvPudYa9rzZc
Nz2gm+7hOq/FJ8Tq4vdPN1xn63To0d/vGbD4tLm2U+baTm1/xf19MXtxkYq89ASJ1M9akkwB9G4Y
ru+oaDn/AkaowYGgKp6cpclz8jyWDzTt6c43Kg2XX7BmXNDicnT3+lzZ/MRBs+7/3hbDnhRxcTFa
f43nVJfDZfPzp/SDT7zg003AuTY9e9Lr06TC8aGpF3KuYI4JNplMWrphgr7wk3V+VfQOtuFuU9F6
7AMVGxdj2Cug02L3eRrphuoOPXjPdv3he1uCHV4/q6+cbHgzf2RP/YA3iX0c3b16+Fe7PJ6USu7h
eqGy7OKJKij2fCrpckkP/2rXgMmNcx3YXiOLQT2dgbqDnyta23ZthUX/+dN+w3X5Y1IDGnJo7XAM
mNw4V/nRZq/7T8tM1NS5nufic0Vruw2G0p11euPJ44brfE2ctzRa9c9f75LLoNNlSlqCiid7T+yv
v2aa4Uw1TfWdA95wn8vS0qU//WirYW/QsSWZAfWgGq7z2pr3TDZMjPQ4nPrjD7b6NLPWuUp31em1
J4zbbKR+1sMh0O+oaDr/AkZIcCCo1m707NLW2+PU5he8n6zeebXC8IRaUJwWtKJ3/jp+oNHrhfP0
Bd67VIbaoR21AXf73eqlO6G/lbEDUXfa4ldVeV+Mm5ylz/7gQr8r/ofLUNtUtB77QGXmJBk+mU9J
S/A6JtoboxuwYJq3wniIx1tP+/5Ur/pUm44ZTLE4flq2Xz0h/OEtiXxkd/2gsxGcz9oR+O93NLft
bS+Xq721y2N5bFyMCoZYtNMXm54rU2Nth+G6sSWePQvOFa3tNljefPqEYXIizY8ilEf3Nqi+0nMo
jCQVjPVMHvbxlnx648kTfv0u1FZYtPN148RgMB8SeRPoeW2elx4Vm547qQPbPeu1DUUkf9bDMXwj
kO+oaDr/Akai484AUWPh6mKPZScOmgcsNtXb4/RaU2HFpUOr3jwUbz5tXOS0aHxGVFaFPr6vwfBi
bjh+lqN7G/TA3dsHvJjotveq02JXa5NN1vZun2qRTJiWrSs+OCuYoYZUuNpUOI99oJobrOrt8Zw+
LybWpOs/tTAMEXlndCNp7XCPY/fH0X2eN4pxcTGaszQ0M95MnO5Ze0GS3z0pwikS2nZLo/ET/5S0
4UmylB8xHkdvNHPVuaK13QZLU12nbB2e03z6O2tFc6PxdMhGw1/6GBXWdHT36s2njHuVDOQdLz1+
Jnj5/Q62QM5rRkM9enqcPvUc8tdI+qwD5e93VDSdfwEj1OBA0Ky4tMRwyMCetwe/WNr+SrnhWOA5
S8coOTXesNBcqB3f3yhLS5fH+Ob4xFhNm5ev0l2RNQNFUkqcTCaT18+q294rR3dv2KbW27OpSg/d
+44+8t/LFRsXo5ryNh3b16CTB806fbzZo6BsQmKsZi0u0oKVY7V0w0SvBeEuvWGGXn/yuKztvs1H
H06halORfuwD1dxgVb7BU9DVV0xSdn6yXnj4sI7s9q27bKjkFKQop8BzCFZ9ZbvhBeJATh32rFMk
SeOnZEvyLNI8FOlZicot8vy+drlchjNehUs0tG1Li+fTUUkB9S5zGWVrBtFUZ/wAITHJ+yVetLbb
YGtvs3sUyvT3qbql2b/jP35qtuFT8NoKi+EQiMEc2VMva3u3x89hNPwsFPw9rxWOSzesG1Nb3uZ3
fbPBRPpnHTNMj5kD+Y6KhvMv4A0JDgTN8ksmeizrsjoMZ085X+nOOjVUtXt0l0tOjdfqKyfrlceG
t1hZn5ryNsMTcU5h+Go/SO6T6ZL1EzRzUaEKitOVkpagxOQ4mUySs9elDotdLQ1WVZ5s1eFdddrx
uvupQyAXz8G0/ZUKOZ0utbcMPo6z296rfVuqtW9LtV5+7Kju/PE65RZ5XpCnpCdo1WWT9Mrj4Wkj
/hpqm4rWYx+I0p11Xqepm724SLMXF6mhukNH9tRrz6YqHQrD7DrjpmQZTsc3aVauvvvAe/zaVlyC
8cVmMGvY9CmelGV4I9dUZ/V6MRxq0dq2fZ35yicBbMrb8L+YWO83L9HaboMtGMfO320YncckGc76
4itzXacmnHfTnZ6VqKSUuIBu5P3lz3nN27SwNeWB//zejMTPOhCBtPNoOP8C3pDgQFDkjUnVjIWF
HstLd9X73Pti35ZqXWpQ0X/J+vFhS3B46xWQkhaeqtAp6Qn6wGcu0NINE70W8IuJNSkjO0kZ2Uma
OCNHa94zWTd85gJtfr5MMREwXZevBfTOVVth0W//9219/TeXGj6pnbYgP2oSHIG2qZFw7P31wj8P
a9HacYbT3PUpKE5TQXGa1m6cotYmm47uadCetyu124eeY8Ew0HHzdiHvr4F+/kB5S6g1N3gfThgq
o7FtB5PT6f/NS7S225HA27AAq8FwGV8Z1VgwmUzKLUxV9am2gLfrK3/Oa1l5xt89Rj/DUEX6Zx3J
U6hGw/kX8IYEB4Ji7caphhemiy4cp188eZ1P20j2csE1aVauxk3JMpzrO9S8nbSTh2ls9blyClJ0
593rBi0cZyQrN1lX3TwnBFENn6qTrdq/tdqwOn9RBM8Gcr5A2tRoPfZNdZ166Oc79dGvL1dSyuC/
c1m5yVp+yUQtv2SiGqo79OI/D+vtZwObvs9X53dVDoVQFMxMSTWOe7ifQI7Wth1u0dpuRwJvyaWh
DMX1Vt8qMXl4joE/5zVvw8lCMRR5JH7WwyUazr+ANxQZRVAsWjve67qU9ASf/nhLZJtMJq15z+QQ
RT6wXi/d+kwa/qz7x765MqCbgJHkxEGz4fLBiulFkkDa1Gg+9ns3Vem333pbVWX+JTgLitN0y5eX
6pPfWR3SgpPDUfshFDMFeRtW0GUb3npHo7lth1O0ttuRINZgdgpJ6nEEf7YJo5kwQsGf85q3mM6f
gS8YRuJnPZwi/fwLeEMPDgzZgpXFIS9mtXD1OP3z17tDug8j3p5AdXcP71POC6+aomnzvE+5Vlth
0anDTTLXdairs0excSYlpyYoMzdJY0syNbYk02uRzmjSWG08HWI0Fc/0t01x7N2z8Hzv4y9o7dVT
teLSEpXMzFGcjzdPi9eNV2+PU3/84daQxDbQzEBbXghOgcVQdN32VrYidoC6DcFG2/Y0XOVEorXd
jgQ2L72kBioKOxhv5xVLs/HsGcHmz3mtx2FcxDZxgFlnAhXpn7UpBEmdYIvk8y/gzci6MkBYrLxi
Usj3kVOQosXrxmvXm5Uh39e5vJ3IbB3D+5TT23S5lpYu/fPXu73OQ98nOTVeKy4t0YfuXByK8IaN
t6fLoXjyEyr+timO/VlvPX1Cbz19Qpm5yVqyfrzmLh2j6QsKFD9Igmvphona+Wal9vo5/aUvvHV1
3vH6af3lnu1B31+wdHcZX/gnDWPCgLYdPtHabkcCr/UqhjBsyGgIgcvlfXrQYPPnvOat7WWEoGbL
SPyswyUSz7+AN/QfxJBkZCdpzpLhmet++SXGF8OhdP6sLn2a6oe3EN+E6Z5zxjt7Xbr/+1sGvQmQ
3BcUr//nuOxebmqihbfxtN6eCEUif9tU2I+9wRNlb4UgB+Ktl00gT6zbmmx69fFj+uXX39T/3PyM
/v3H/QN2oTWZvN9MD1VjtfG0hkXjjY9zpPA2U0pO4fDNfBH2th2BXIFMoxKAaG23I0Fbk/GNcP6Y
wHvC5hnMFtJldcjRHfyhGEb8Oa+Za417YhZNCH4trUj/rCO4xqhXkXT+BbyhBweGZM1Vkw27CL/+
n+N64eHDAW1z4epiwydysxYXKiM7adimMEzPSjQ8CbpcLlUcaxmWGCT3PO5G3SlPHWnS0b0NwxZH
JCiebDxWfygV0YeTv20qEo59T49TiectS/ah4Nj5UjOMk1PenrD5qq3Jpuf/Uarn/1Gq1VdO1vWf
WqhUg6dzE6d53kwHQ8WxFvU4nB5Jn6LxGcP6feWvutPG0yTmj01TSnrCkI/LYCKhbY9m0dpuR4Ky
w03qtvd6JH2LApy9Zuq8fKVlnv8tLdVVBn/aVSP+ntcqjjUbtr0xEzKUlZesVnPwekKMtM860oT7
/At4Qw8ODMmSdZ4zWjh7XXr938fU0mgN6M9bz5w0HLubmBSn1VcOX7HRpRsmGhaNMtd2en0qEArp
WZ4nU0lqbrAOWwyRYvZi495CwbwgCiV/21QkHPsuq2d34vjE2AFrJxgZM9E4OdXWHLwbqc3Pl+nh
X+4yXOctwTJUju5e1ZR7Tg0Ynxirde+dGpJ9BkP1qTZ1GiQx4uJjtGIYestFQtuOSMNUgyNa2+1I
0NvjNEwwZuUma86yMX5v74I14wyXD9fMc/6e17qsPYYJgfjEWF141ZSgxhbpn3UkTxPrr3CcfwFv
SHAgYNPm56t4cpbH8rLDTaqrNO7+6oveHqcOvlNnuG7RWuOTS7DFxsVo3dXGF3nH9zcOSwx9HF6K
waUbPEWIZLd/fYXGTfFsL75adOE4TfVyU+1vhe9wCKRNRcKxb6ozHjqzeL33mZPOl5QSp+nzPY+d
s9elxprAvyuMvPNahWEBxVAWz/R2/NZunKLs/JSQ7XeoKk8Y90RbeXnoExyR0LYj0XAVGZWit92O
BBXHmg2Xr7/Gv+RSelaiVnn5fR2OnlCBXisd3lVvuHzD+6ap0Mtwl0CNlM86GoTj/AsYocUhYBde
NcVw/GAwCgltf7nccPmEaTmaNCvX7+2lGMzFPpCbvrBYYwy6MLpc7i/w4VRfZXwDOGFadlRdhE6f
n69v/OZS3fLlpYaf7UDmLhujm/9rqddiovu31AQjRL8MR5uKhGPvbTjWiktKfD6OV98617Bbb/Wp
VrW32g3fk5KeoNu+ulw5Bf79nNn5KYYV3jtDOIxp03Mn5TSYJjEzN1kf/cYKrwX4BjNjYcFQQxvQ
ge21hssnTs/RpTfODOm+I6Ftj3bR2m5HgrefOSmXQTZr/oqxWnqRZ89Ybz78hSVKzfD8bjXXduqd
V/2/Vhmua6VNz500rJ2VmpGoT9612u9aMPEJsZq5qNBwXaR+1pFsOM+/mbnJuuHTFxj+Wbi62O/Y
AYkEBwKUlBKn+SvGeiy3d/Vo60tDn2KudFed4QWwyaRBh6m4nJ4nsvSsJF3z0XmD7jcrL1mf/M5q
rfHSTfLUYbNKdxr3LgkVS0uX4XjolPQEfeS/l/l8EVpQnKaERM8x7709w1egs68L6v/ef4W++suL
dfVH5mr24iLDApRJKXFavG68PvXdNfrcD9ca3iBLUk15m/ZtrQ5p3OFqU5Fw7He9edrw4jAlPUGf
/t6FgyYc33vbPF38/hmG644f8P6ELzbWpFVXTNK3779C7/v4fJ+r3l93xwLD7tJ1FaEbI119qk0H
thsn2WYsLNCXf77B6/Cq85XMyNH7P7FAP/z7Rt3w6QuCGaaHzc+XGQ5TkaT3fWy+Vl7mW0+OGQsL
/O6CHAlte7SL1nY7EpQfbVZZaZPHcpPJpFu+vHTQoowJibH62P+s1OJ1xj3ptr9q/JDoXOG8Vqqt
sHgtJDxucpa++qtL9P5PLlTeGO9Fj2PjYrRwzTjd9tXl+vHDV+u9H5lr+LpI+Ky9idQRKsN5/k3P
StSlN8ww/DPzAuOkFTAYiowiIKuumGz4hXd0T4PXJ7L+2r+l2vAp4oKVY/VwXIzXC1hLi91wGq+r
bp6jhauKdWx/o8y1HeqwdMvW6VBScpxyClM0YVqOZi0q9Hph7ex16T9/PjC0HypAh3bUGd5szF5S
pG/87jK9/u9j2vZyudfp12YsLNC1H5tveDINRzG5uLgYTZ2Xf2bISU+PU9b2bnV39crZ61RicpxS
MxIHna3D5ZKe/duhkMcbzjYV7mNfVtqkw7vqNdtgtqSi8en62q8u0dG9DSo7bFZLo00Oe49S0xM1
piRDMxcVeq1W32V16KV/HRl0/ynpCbryw7O17uqpOrC9Vvu3VevI7nqP75nZS4p02Qdmer0h27sl
tEmwJ+7fp5kXFBoWXZ4wLVtfuGe9yo826eQhs+or29XR5o4/KSVeOQUpKhqfocmzc5V7ToX+08dD
W8zY2t6tN548rqtunuOxLi4+Rrd9bYUWrR2vbS+Xa+/m6n7fuZNn52rGwkLNWz5GU+bmBTSWPNxt
G9HZbkeKpx88qM//aK1iz3vinZQSr9u/vkJrN07RwR21qjjWolazTTExJuUVpWrq3DwtWju+32d+
rtoKi1785+BF3sN9rfT4H/Zp5qJCZeUme6xLy0zU5R+YqctunClzbYeaG6zqsjrU2+tSUkqcMrKT
VFic3m+K0gYvvcKk8H/W0Spazr/A+UhwICDLNhh36/Nlaj9fbXnxlC6+fobHsITM3GQtvWiCtnkZ
xlJ1skUFxcY3VcWTswzrhvji5ceO6shu43GjofbmU8e1ZN14w/nGi8an60N3LtYNn75A5toOWTsc
klyKjYtRUkq8MrKTBnwaGgljR+PiYpSRneT3+zY9d1I7Xgtem/MmnG0qEo79Y/ft1X/PuthwWzGx
Js1aXKhZi/170vLav4/7VVAyJT1Byy+ZqOWXTJTL5VJHm92dEHO5lJaROODPWVth0dvPnPQrPn/V
Vlj02H179eEvLDG84TaZpEkzczVppv9D7ELpmb8e0pylY1QyI8djnckkLVhVrAWritXb45S1wyGX
y6XklHjD9uivSGjbEWc4i3AoetvtSFC6s05vPn1CG9433WOdyaR+DwF85bD36m8/36Eu6+BTJ4f7
WqmtyaYH73lHn7prtWGCTXJ/Dvlj05Q/NvBpXaXwf9bemLwMu400kX7+Bc7HEBX4bcK0bMNu6e2t
XdrxevBuNqtPtan8iHFxqGUXT/T6vuf/cdiwyNFQbH7hlB6/b29Qt+mPstImPf3XgwO+Ji4+RkUT
3E/TJs/O08TpOSoclz7giaeusl2vPn402OEOi60vleuhe3cMy77C2aYi4dhXnWzV336+w2thSH/t
eP20/vOn/QG/32QyKT0rSblFqcofkzbgz9nRZteDP31Hju7gHj8jbz51Qs/89aDhkJ5I1dvj1J9+
uNVrTYw+sXExSs9KVEZ2UlCSG1JktG1EZ7sdKR79/V7terMyKNvqsvbor/e+M+DQv3NFwrXSoR21
+sP3tqh1GGamC+dnPZJE6vkXOBcJDvjtwo1TDLsjH3ynLujjnvduNi5YOmNhgdfiRxXHmvWnH26V
1cvYcn90tNn1j1/u0oP3bB/ytobqhYcP67H/22tYmCsQ1WWtuu+uTUG/wPHmoXt36PCuesOidv5o
quvUQ/fu0AN3bwtSZIMLd5uKhGO/4/XTuu97m4c0Ja+z16XXnjimP/948GPX43CqpXFoU4Y2VLXr
N998W2Wl5iFtxx9PP3hQD/18Z1CG6g3XDWd9Vbt+8dU3wtLrIRLadiQJom1LuAAAIABJREFUV4oh
GtvtSNDb49R9392s1544NqTrp6a6Tv3uf9/W9ld8L3YZ7vNanwPba/SjT7+k3W9VDqkDk71r4J4U
4fysvYnUGhzRev4F+jBEBX6JjYvRwlXGVY23vxJ4oSVvtrxwShtvnetRhDI+IVZr3jNFT/3FeJzn
nk1VqjjWrI23zNH8VcV+D39obbJp76YqvfTIEZlrjafJDIeXHjmiY/sadOVNszVv+dhBa1QYqa2w
aPur5Xr5kaPDmlUv3VWn0l11Kp6UqZWXT9LMCwo1ZkKGT0+DexxOnTrSpP1bqvX6f46H5eYl3G0q
Eo79/q01+u6hF3TVLbO17KKJysjx7TPo7XHq8O56vfLYUZ+L9No6Hfqfm57Rmisna9nFEzVpdq5h
dXYjLY1WbXu5XM8+dCgsbWXTsydVuqNWV354tpZcNEGpPhZok9xJoJryNh18p1abnhu+br1NdZ26
979e07r3TtVF107T2JLMQd/j7HXp2L4GvfHkcV3z0fl+z47UJxLaNqKz3Y4U//zNbm19uVwbb5mj
OcvG+Pxd19pk01tPn9BL/zoS0HdduM9rZ7Zjtun/7tqsybPztO69UzVv+RivhcXP1dFm16kjTdr9
VpXXYcvnC9dnHU2i+fwLSJLpjoseJtWOEW/BymKVzMpR0fgMpWUmKjU9QXEJsYqNM6mn26kum0Pt
LXbVlLfp1OEm7d9WE/FV+NOzErXowvGaOCNHeUWpSstKVEJCrEwxJvU4nHJ096q7q0eWli61NNrU
WNuho3sbVF3WGu7Qz4hPiNW0efkaPzVLqRmJSkyOU1JKvJy9TnVZ3bFXnWzVyVJzUJ4yBVM421Qk
HPvYuBgtWDlW0xcUqGBcujJzkpSQFCeTyaTurh51WR0y13Wq4lizDm6vHXQIxGByi1I1f8VYTZiW
rYLidCUmxykxOU4ul7tYZme7XVUnW1W6sy6i6i/EJ8Rq4epiTV9QoPziNGVkJ52Z9aPb3iOHvVeW
li6ZaztVU+6e1WIovWSCZfLsPC1YNVZjSzKVlZd8phihrdMhc22HKo42a+eblWqqc9/UfPeB93gk
OOy2Hn3+qsf82m8ktG1Eb7sdCdKzErVgVbGmzctXVl6KktPilZwaL2evS7ZOh6wd3ao+1aZDO2qD
Xhcskq6VJs7I0bS5+crKT1ZKarziEmLVbe898x1UXdaqEweH1jsgnJ91NInW8y9GLxIcAABgSO55
9BqP2RDaW7v05ev+E6aIAADAaEQNDgAAELDs/BRlZHl2bXfPfAIAADB8SHAAAICArby8RDGxntXy
GqqHNiwJ+P/s3XuQHed9n/lvd5/b3AfADO4AQQIgCFGyFIKyTdmUSDqK5Y1Eyoqy9kaqcrK2bNm7
VbZVtlyJt0q+ZF21sWJ7U7uxFLuySWxaWq0tm5LtFZNakrYsUhZBSiKJKwkSBHHHYDD3Odd+94/u
M8BgzsycOd3ndL/nPJ8qFkAA02wM+nmH9UP32wAAbBQDDgAAetzeg5ta+ri73jam93/0UMOfOxPx
+XgAAICN4i0qAAD0uJ/7zQdVq/o6/dI1nf7OFR1/4Yqmr6++aeSm8X49/OGDeuixA0sbkN5qcb6i
Z598o52nDAAAsAIDDgAAoPGdgxrfOagf+MCdMsZo8uqCpiYWNT9TVqVck+c5KvRnNTrWp627hho+
llL3ja+9zls1AABAxzHgAAAAyziOoy3bBrRl28CGP/b149f153/wUhvOCgAAYG3swQEAAGJx9tSk
/uBfP6tKuZb0qQAAgB7EHRwAACCSUrGqZ7/2hr7077+tWtVP+nQAAECPYsABAECP+9xn/k7v+oHd
uvPwFu3eP6Kh0cK6H2OM0eVzs3r57y/q//uz07pxbaEDZwoAALA6BhwAAPS4s6cmdfbU5NK/j+0Y
0J79mzS2Y0C5Qkb5QkaOI1UrvuZmSrp+ZUGvH5vQzI1igmcNAACwHAMOAACwzMSleU1cmk/6NAAA
ADaETUYBAAAAAID1GHAAAAAAAADrMeAAAAAAAADWY8ABAAAAAACsx4ADAAAAAABYjwEHAAAAAACw
HgMOAAAAAABgPQYcAAAAAADAegw4AAAAAACA9RhwAAAAAAAA6zHgAAAAAAAA1mPAAQAAAAAArMeA
AwAAAAAAWI8BBwAAAAAAsB4DDgAAAAAAYD0GHAAAAAAAwHoMOAAAAAAAgPUYcAAAAAAAAOsx4AAA
AAAAANZjwAEAAAAAAKzHgAMAAAAAAFiPAQcAAAAAALAeAw4AAAAAAGA9BhwAAAAAAMB6DDgAAAAA
AID1GHAAAAAAAADrMeAAAAAAAADWY8ABAAAAAACsx4ADAAAAAABYjwEHAAAAAACwHgMOAAAAAABg
PQYcAAAAAADAegw4AAAAAACA9RhwAAAAAAAA6zHgAAAAAAAA1mPAAQAAAAAArMeAAwAAAAAAWI8B
BwAAAAAAsB4DDgAAAAAAYD0GHAAAAAAAwHoMOAAAAAAAgPUYcAAAAAAAAOsx4AAAAAAAANZjwAEA
AAAAAKzHgAMAAAAAAFiPAQcAAAAAALAeAw4AAAAAAGA9BhwAAAAAAMB6DDgAAAAAAID1GHAAAAAA
AADrMeAAAAAAAADWY8ABAAAAAACsx4ADAAAAAABYjwEHAAAAAACwHgMOAAAAAABgPQYcAAAAAADA
egw4AAAAAACA9RhwAAAAAAAA6zHgAAAAAAAA1mPAAQAAAAAArMeAAwAAAAAAWI8BBwAAAAAAsB4D
DgAAAAAAYD0GHAAAAAAAwHoMOAAAAAAAgPUYcAAAAAAAAOsx4AAAAAAAANZjwAEAAAAAAKzHgAMA
AAAAAFiPAQcAAAAAALAeAw4AAAAAAGA9BhwAAAAAAMB6DDgAAAAAAID1GHAAAAAAAADrMeAAAAAA
AADWY8ABAAAAAACsx4ADAAAAAABYjwEHAAAAAACwHgMOAAAAAABgPQYcAAAAAADAegw4AAAAAACA
9RhwAAAAAAAA6zHgAAAAAAAA1mPAAQAAAAAArMeAAwAAAAAAWI8BBwAAAAAAsB4DDgAAAAAAYD0G
HAAAAAAAwHoMOAAAAAAAgPUYcAAAAAAAAOsx4AAAAAAAANZjwAEAAAAAAKzHgAMAAAAAAFiPAQcA
AAAAALAeAw4AAAAAAGA9BhwAAAAAAMB6DDgAAAAAAID1GHAAAAAAAADrMeAAAAAAAADWY8ABAAAA
AACsx4ADAAAAAABYjwEHAAAAAACwHgMOAAAAAABgPQYcAAAAAADAegw4AAAAAACA9RhwAAAAAAAA
6zHgAAAAAAAA1mPAAQAAAAAArMeAAwAAAAAAWI8BBwAAAAAAsB4DDgAAAAAAYD0GHAAAAAAAwHoM
OAAAAAAAgPUYcAAAAAAAAOsx4AAAAAAAANZjwAEAAAAAAKzHgAMAAAAAAFiPAQcAAAAAALAeAw4A
AAAAAGA9BhwAAAAAAMB6DDgAAAAAAID1GHAAAAAAAADrMeAAAAAAAADWY8ABAAAAAACsx4ADAAAA
AABYjwEHAAAAAACwHgMOAAAAAABgPQYcAAAAAADAegw4AAAAAACA9RhwAAAAAAAA6zHgAAAAAAAA
1mPAAQAAAAAArMeAAwAAAAAAWI8BBwAAAAAAsB4DDgAAAAAAYD0GHAAAAAAAwHoMOAAAAAAAgPUY
cAAAAAAAAOsx4AAAAAAAANZjwAEAAAAAAKzHgAMAAAAAAFiPAQcAAAAAALAeAw4AAAAAAGA9BhwA
AAAAAMB6DDgAAAAAAID1GHAAAAAAAADrMeAAAAAAAADWY8ABAAAAAACsx4ADAAAAAABYjwEHAAAA
AACwHgMOAAAAAABgPQYcAAAAAADAegw4AAAAAACA9RhwAAAAAAAA6zHgAAAAAAAA1mPAAQAAAAAA
rMeAAwAAAAAAWI8BBwAAAAAAsB4DDgAAAAAAYD0GHAAAAAAAwHoMOAAAAAAAgPUYcAAAAAAAAOsx
4AAAAAAAANZjwAEAAAAAAKzHgAMAAAAAAFiPAQcAAAAAALAeAw4AAAAAAGA9BhwAAAAAAMB6DDgA
AAAAAID1MkmfQLeYKr6p8zPf0o3FNzRfubr04/3ZLRrIbtVwfrf2jb5XWa8vwbOMruIvqFIL//EX
Va7NqVJbVMVfUM0vq2Yq8k1VNb8i31SW/t33S/JNWTVTlW8q4T81VfxybOfmOVl5jifXycp1PXlO
Vo4yct2cPCcnzy0o6xWUcQrKhN/33ODfs16/sl5BOXdQfdlNsZ1Tp5VrCzo79TeaKV3QQuWaFirX
l35uILtVm/ru1O7h79Vo4Y4Ez9I+9E3faUDf7UHf9J0G9N0e9E3faUDfneV84uEvmKRPwmYL5es6
du3PdH3x9Lq/Nuv26/5dn9BIfk8Hzmx9Nb+sUm1OldqcKv6iitXZ8PsLKlXnVPHnVanNq1ybDb71
i5H/m1nHyHOkjKOlbzOO5MiJ9nsxki+jqgm/bxzVJFV9o1oLx/acrPKZAWXcIeW9QeUyg8p7w8p6
/cq5A8pnhsLvp2fBvbH4ul649B9VbeLPabz/sN42/pHUnHta0ffG0Hf70Hf86Htj6Lt96Dt+9L0x
9N0+9N15DDgiOD/zLR2/+mX5qmrXiKuf+v4+7R31dPdWT0P54OmfczdqeuVSVV/89qJeulRT1s3r
yM6fbvuErlidWZoQLlYmVarOqOTPqlqbU7E6rVJ1Qb6q6x4n7xj1eVLBdVRwFXzfMcq6Nxe/jOMo
4wa3A2XccGHU8gUyl/DDUFUjlX2pYqSyb1Q2zrJvK76jUv3nfEcVY1QKvy37rsomWJxX48pTPjOg
nLdJuUy/CplRFbwR5TOjKmSGVciMqi+7SZ6Tbcvvb2L+tF68/H/JNxXdvyerj74zr3u3Z7Rn1JMk
zRR9lapGf3umos8/t6irc74ybk73bv2n2jH4D9pyTrajb/quo+/uQ9/0XUff3Ye+6buOvnsTA44W
XZr7tr57+XFJ0r/43j79/Hv71/2YX/nqrJ48VVbOG9T79v1qpJjmKxMqVm6oWJ0O/5lSqTajUnVS
s6Wr8lVb9WMHXKMBTyp4Up/rqN816vOCBbLfM8FC6Trq81o+va41W5Xma9K8H3w7V5XmatJCTZrz
g2/XknHzweKa2aTB3FYN5LZpMLtVg/ltyrrrX0ONlGvzeuaNfy1fFX30nQX9L+8fWPdj/uTFRf2b
pxYkSfft+EltHTjc0n+7W9F3b6Lv3kDfvYm+ewN99yb6xq0YcLRgunhe37rwf6hmqvp3Pzqk9+7P
Nf2xP/unM3rubEX3jD2mfaMPrvrrKrVFzZUva74yocXK9WDBrE5qsXJDpdpsw4/pc6UhL5jiDnrB
ItnvOur3goVxwHOUZ1vZtpurBgvsXFVa8KW5qtGc72ihZjRbdbTgN/64rDugwdy2YGHNbtVgbrsG
cuPr3qZ2cuIvdXbqGf13h/P6rX882PR5/sXLRf3ak/PynKwe2PMLGsxt28hvs2vRN9ZC33ajb6yF
vu1G31gLffcONhltwUtXHlfNVPWp9/VvaPGUpJ9/sF/PnZ3Wuem/W1pAZ0uXtVC5pqnim5opXdBs
+ZLKtblVjzHkSSMZaVPGaEvW0aasNL7iNG5/ri3aM3Ro3mBGGpS0benPxLntW2m6Kt2oSFNVoxsV
Rzeq0lRlTjeK87pRfH3Z8TxlNJDfFi6q4QKbG9dgbock6fzMNyVJv/i+jU2YP/yOgk5eremL3y7q
pStf1Hv2/HwLv9vuQ99YC33bjb6xFvq2G31jLfTdO7iDY4Nevf6kztz4b/qBfVn9nx8dbukYH/zD
Gzo/VZPr5OWbxrsU511pLGs04knDGUdbstJQxmg4w0LYzeaq0lQtWFxvLrBSyTT+c3eUkW+qevfe
rP7wx1q7Hv/pf5rSqxM1HR77sO4Y/cEop289+kY70Xey6BvtRN/Jom+0E33bhTs4NqBYndaZG/9N
kvTpR9Z/jmo137c3q/NTvnxT1uZsMOkdzTjBZNGTRjPB7WpMeXvPYCb4Z3e+/iPBn3nJl25UpRsV
o6mqo8mK0VRVmq9V5TjSvs2tP5D5ax8Y0Mf+eEanr/+1dg4dsf5Vaa2ib7QbfSeHvtFu9J0c+ka7
0bddGHBswNmpr0uSfuRwTndEuGB3DAcP2h3qN3rfJhZKrC/vSttz0vbc8tvp/n5a+u6cVIiw+fO9
27P6wTuz+rs3yrow+y3tG31f9BO2EH0jKfTdfvSNpNB3+9E3kkLf6cSWNk2q+eWlZ6l+5oHWdtOt
+8YbwW1vdxUinxZ63P6+4Amzo+ca30rZrB+/L7gY37jxt5HPyUb0jTSi73jQN9KIvuNB30gj+k4W
A44mXZg9qqpf1EP7s5FuN7o4XdO3L9RUcI329DEJRjRjOUeDntHJq76uzK6y/XMTfvDOnHaPuirV
pnVl7qUYz9AO9I00ou940DfSiL7jQd9II/pOFgOOJl2YOSpJ+mdHoj3/9NcnSpKk/TxGhZjsC/+m
4alXS5GO82PvCi7K87PPRz0l69A30oq+o6NvpBV9R0ffSCv6Tg4DjiYUq9OaLp3T9iFP37s3wsNU
kp48GdyqdDDaXXTAkjvDL8bPnIl2G9yH356T5zq6Nn9SldpiDGdmB/pGmtF3NPSNNKPvaOgbaUbf
yWHA0YRLc9+RJH30nfl1fuXars7V9OpETQOe0dYct78hHjvyjnKu9PdvVjVbav02uKGCq4cPZCUZ
XQ6v+V5A30gz+o6GvpFm9B0NfSPN6Ds5DDiacGk2uJgeORBtOvx3r1ckSXvzLJ6I155csJnRN96o
RDrOh9+ekyRdnP125HOyBX0j7ei7dfSNtKPv1tE30o6+k8GAYx3F6pRmSm9p7yZXd41Fe6vus2fD
BZTdmRGzO/qDL8p/E/E2uB+8K6/tQ45uFF9XsToTx6mlGn3DBvTdGvqGDei7NfQNG9B3MhhwrOPq
/HFJ0iMHcpGOY4zRN89W5EraFe1OOmCFPeE19fXXo02IJen9h4Jr/dr8scjHSjv6hg3ouzX0DRvQ
d2voGzag72Qw4FjHlblXJEmPHIy2gH7nQlVzZaMdOaMMn3XELO9K41mjuZLRySvVSMd6+ECwGtf/
56Gb0TdsQN+toW/YgL5bQ9+wAX0ng5TX4JuKJotntKXf1Tt2RL39Lbg16Q5eP4U22R1OiZ9/K9qU
+B/symik4Gpi8bRqJvrEOa3oGzah742hb9iEvjeGvmET+u48BhxruDp/XMbU9EN3Z+U40TYeOvpW
MLXbye1vaJPd4bOjz52Ntug5jqOHDmRkTE3XF07FcGbpRN+wCX1vDH3DJvS9MfQNm9B35zHgWMO1
+ROSpPftj3b7W9U3euliVRlH2pxlh2a0x7acI0/S0bcq8o2JdKz6bXDX5k/GcGbpRN+wCX1vDH3D
JvS9MfQNm9B35zHgWMPV+ePKuo7evSfa66deulhVzUg7c9EuamAtriNty0nlmnTsUrTn/L7vjqxc
x9G1he5dQOkbNqHvjaFv2IS+N4a+YRP67jwGHKuYKV1QxV/Q/Xs95TLRprrfvRhczDt4vzbabFd4
G9yLF6ItoH1ZR+/a5alYndJc+WoMZ5Yu9A0b0Xdz6Bs2ou/m0DdsRN+dxYBjFfVbf95zR7Tb3yTp
hXBTme0834c22x5ers+fi7750Hv2BX8zMtGFt8HRN2xE382hb9iIvptD37ARfXcWA45VXF98VZL0
njuj3f4mSd++UJEX3p4EtNOO8It0/W8longgXEDrLXQT+oaN6Ls59A0b0Xdz6Bs2ou/OYsDRgDG+
popn1Z91tH8s2uunzkxUNV+WNmd4vg+dsT1rNFsyen0i2iJ6eFtGec/RjeLrMZ1ZOtA3bEbfa6Nv
2Iy+10bfsBl9dw4DjgamS2/JN1Xdv8eLfKxTV2uSpPHog2agKfUp8cuXa5GO4zqO3r7DU9UvabZ0
OYYzSwf6hs3oe230DZvR99roGzaj785hwNHAjeJZSdI7d0Vf9Y5dCaZ049z+hg7ZGl5r37kQ/Tm/
d4UNTBXfiHystKBv2Iy+10bfsBl9r42+YTP67hwGHA3cWAwW0Pt2R19Aj19mAUVnjeeC3cBfjvgq
KunWBfRs5GOlBX3DZvS9NvqGzeh7bfQNm9F35zDgaGC6eE6OHB3eGu35Pkk6fqUqV9KmiK+yAprV
70n9rtGZiZoWK9GeLX3btuA20OnShThOLRXoGzaj77XRN2xG32ujb9iMvjuHAcdtKrWiSrVp7dvs
qJCNtui9OVlTqSqNZSWH9RMdNJ5zZCS9ei3ac35bBlyNDTiaK1+Wb6IdKw3oG92Avhujb3QD+m6M
vtEN6LszGHDcZqoU3OpzeFv06fCp8OLdxAZG6LD6c34nrkS/De7QeNDCTOl85GMljb7RDei7MfpG
N6Dvxugb3YC+O4MBx21misFFcnhb9FXvTPgaIF5BhU6rX3PHr0TfyOhweBvcTOli5GMljb7RDei7
MfpGN6Dvxugb3YC+O4MBx23mysHrdg5sif6pOTsZTIi3sIEROmxsaUIc/ba1+rvmZ0uXIh8rafSN
bkDfjdE3ugF9N0bf6Ab03RkMOG4zW74iSbprLPo7ts9cDxfQiM8KAhs14DnKO9Ib12uq+dH+hmLf
5qCF+crVOE4tUfSNbkDfjdE3ugF9N0bf6Ab03RkMOG4zX7mqQkbaNhR9AX1toqZ+V8rzWUYCNmel
ii+du+FHOs7+LeECGv7Phc3oG92Cvleib3QL+l6JvtEt6Lv9ou/U00UWKtdkTE13bYm+eJ6fCqbD
wz32Ga4YqWak6i3fVo3kG6Moc0rXcSQjuY6R4zhy6t+XI0fB9yVHriQn/HHXkRyFv8aRXBl5PbRd
9pacdKksnble1Z0RrulcxtH2IUeXZ2dV88vyXDvv6aTv6Og7Peh7OfqOjr7Tg76Xo+/o6Ds96Lv9
eizvtc2VJyRJd22J/ml5YzKYyg17QdjtUvalijGq+I4qkqp+44XKl6Oqb1QxwdSwJkdVE3x8sMgZ
VX2pqpuLX6W+AC79GketPzEW1+fAien7kicjz3XkychVsEh7jpHnSK4ceY7kOUZuuBhnHBP8GoWL
sRv8uoyjm/+4wbeepKwbfJtxpewtv6ZTf2OwKRNce69fjzYhlqQ7t2R0ebaiufJljRT2Rj+5BNA3
fdN3Y/S9HH3fjr7pO1n0Td/03Vg39N0ODDhusVAJFtA9o9Gv8PNTwQ7N602IF2pGRV8q1f8xjsq+
VPKNSr6jijEq+VLFd1Q2JlwwHVV8o+rSgrD6IrFcqz/XPNf4cqVwEQoWpmCBSsdO1UaS7zjyjSMj
I993gi8mclQzvnzn9j/75hbjVmQcs2zxzTqS5zjKu0b58NbJguso70o5Vyq4Us4xyoc/VljnMh0N
r73XJiqS+iKd655RV89JWqhMWruA0nd09N08+u4s+o6OvptH351F39HRd/Po234MOG6xWLkuSdod
wwIa7I5rdLkk/fVEMGGVJN9Ii7606BtVjaPVQ1xvcVw94IyMXGPkOb4yCiehCm4Ty0jyHF+uCSee
4c95tyx2nuMHE9L6x8kEk9Pw1/QCX45qxsgPb6LzFfzZ+U7w70b1abqrmoKJe02OKuaWBVlSzbiq
OlJt2Y8Hf3ZV4yxdF8s1/4Uu50i5WxbcvHNzcS24kjHSmYnoE+LdI8EtdAthIzaib/quo+/l6Hs5
+rYbfS9H38vRt93oe7lu6LsdGHDcon5x7B2N9ozfHx0t6ivHSpIcnS+v9qscucZX1jHKySjrGGVk
lFXwbUZ+cNuU/OB2qnAB88KfzznpmLh2K1dGriMFM+Xwc91oXWtxUFy/nbAmV1UFC3bFOKo5jmrm
5o9Xl75/c0Euh7+26jgqG0flmqO5hvcmBs821l+HFkX9fyoWLV5A6Rt19L0cfd9E3/aj7+Xo+yb6
th99L9cNfbcDA45bLCxNiFtfQI9frurfPjMvSdriVLTZqWjAqal+RC9cJPuc6FM72CsTTut161OT
jf5SoAlF46qi4BnPivHC7zu67mc0payqvtGJK1Ud3tZ67rtHwgW0OtnyMZJG3+gU+u48+kan0Hfn
0Tc6hb67AwOOWyxWb6g/K23qb/1Grz/9blGStN9Z0J1eKa5TA1ZVcHwV6v/i3FyQ73SlY7V+XVJe
X/z2on79A0Mt/zd2hQ8MLlZvRDjTZNE3bETfzaFv2Ii+m0PfsBF9J4cBR6hcm5NvKto2FO0ptjdu
BBfwNrcax2m1rBI+j1YzN2+xWu2mufotV7Xw1y09sxbephU87xYeL3zebbWDmfBj68fxw19f69DT
gcEmSo7c8PlFV8HA1Q1vH2yOE94Cd/PjPccEr76SCf596bnH4PsZxyhjbj4LGTxbGdzGmKQdbkmX
anm9NhHtNriBnKNCRlqs2LmA0jd930Tft6PvAH3TN32nD33T9030fTvb+24XBhyhxcqUJGn7cLTQ
t4cL8Ixx1e9s/KItm+D2pWq4gJXDha0qN3gV1C0b4VSNI9+RKsaVLy39uN/qg2frseCxQt8JPhex
7DptVvn+Wj/WgGv88NVUwfOZweJ78/nNzNJmU8Gimwk3j8o4Rp4x4cf6Sz+2ETMmvsR3DLt6Y9JX
qTqrfKb1aXMS6LsJ9L36z6+BvpNH302g79V/fg30nTz6bgJ9r/7za6Dv7sWAI1SsBQvo1sFoC+g/
+Z6C/t8TZR33B7SoooadqorGVVGeivUF8ZYGquHzWBXjNHgFUhNW6SnrGGWd4B3QWdeEk8qVi0ow
/bz5GqTgPdHLX49062uSMk4wfV1N/f3U9Y+pfz8X04C4aoLdko2MjBwZI/m3fL/+4/Vf4zf4ccmo
ZsLJtTHBNNwPjuPXNxcy4feNVJMJfz6ceptgh20//G/XjBO8pzx8L3nFr28+FHy+fcfVir2s1luc
15AxvrKOr5wTPC8a/OMH34abYnkyum6yOmeCm+OG8tG/oGwbChY1AcX0AAAgAElEQVTQYm3KugWU
vumbvtdG3/RN3/SdRvRN3/S9Npv7bhcGHKH6rT3bh6Lt0Hz/nqw+cE9OXztZ1hl/A+82Dq/vvGOU
C9+jnHeDRTDnGOU9R3lHyrrB4pgJ38eccRzl3JsLZtYNFqxo74Re79cnd19Xxqn/51f7/bX7+6v9
XOPPSX1RrYaLasXUF1ep6pulf7/5jxO+d93cfPe6L5V8R+Vwoa06rqpytdjk1NoYabYUfbxfvz20
WJnSSH5P5ON1En03OJmWf7596Ju+W0HfDU6m5Z9vH/qm71bQd4OTafnn24e+6TtNGHCEitV4boGT
pP1jGRlT0l19jjZlgwvXcxz1uUYDXjA1rcu6wcJYcOtT1GbibPTjyS1qWF19Ut74Ece1/swa/1xx
aUE1KhtHxZpUMlLZD97fXvaNiuFivSvv6ECf9IUr0pXZ6LuC1//2pFidjnysTqNvtAN9pwN9ox3o
Ox3oG+1A392NAUeoVJ2RJI0NRF+Irs7W5DiO7hkw2lNgkUN8Cm7wz+rX0sofH/KMJuYlY4wcp/Vr
8OYCOtXyMZJC37ABfbeGvmED+m4NfcMG9J0undk61wLl2qwkaUt/tFvgJOnqXDCNi+FQQGQD4XU4
MR9tSrwtvD20GP7Phk3oG92Kvukb3Yu+6Rvdi77bhwFHqFSbkySNDUaf4l6fD2576+OzixTod4Nr
OuptcEvP+Fl4Cxx9o1vRN32je9E3faN70Xf7kHioVJ2V5Gh8IPqnZGoxuFD7XG55Q/L6veALev1v
LlpVX0BLNfsWUPpGt6Jv+kb3om/6Rvei7/ZhwBEq1+Y1Woj2DFTd1KJRvyfFcCggssFg2+6lv7lo
1Wifq4zrWDkhpm90K/qmb3Qv+qZvdC/6bh8GHAqeWXIcaWwwnofy5som3GgGSF6fGyycNxq+t2pj
dgw58k1Fldpi5GN1Cn2jm9E3faN70Td9o3v1et/tROaSKv68JGlLDDs0X5mtSZJyTvSLFYhDPrys
67dmRrE13MioFG76ZQP6Rjejb/pG96Jv+kb36vW+24kBh6RSNdjAaHMMuw5NhYOzAs/3ISXy4Yvd
p2KYEI8NBN+Wa/bs1Ezf6Gb0Td/oXvRN3+hevd53OzHg0M1XUMWxQ/N0MZgQF1wmxEiH+t9WxDEh
3twfbmRUnY98rE6hb3Qz+qZvdC/6pm90r17vu50YcOiWCXF/9E/HQjn4Ns+EGClR/9uKOBbQLeEu
5mWLboGjb3Qz+qZvdC/6pm90r17vu50YcEiq+MECuqU/+iZG08XgIs3yjB9Sor6hVhwL6KbwfzIq
/kLkY3UKfaOb0Td9o3vRN32je/V63+3EgEM3J8TDhehT3ZnwOao8n1mkhONIGRnNlqIfazgffFtv
xgb0jW5G3/SN7kXf9I3u1et9txOZ6+aEeCSGBXS+EiygOT6zSJGc66hUjX6coUJ9QmzPM370jW5H
3/SN7kXf9I3u1ct9txOZS6rUgtt5NsXwjN98qX4LXORDAbHxHKNyLfptmaMF+26Bo290O/qmb3Qv
+qZvdK9e7rudGHBIqvjBu6PiuAWuGE7hMiygSJH69bhQjraIDoWNVGsx3E/XIfSNbkff9I3uRd/0
je7Vy323EwMOSZVaUZI0kIt+rMVK8C0LKNKkfj0Wq9EW0IFccKD6/3TYgL7R7eibvtG96Ju+0b16
ue92YsAhqRpeDPlM9E9H/QLNOKygSA+vvoBWoi2go31BIzW/GPWUOoa+0e3om77RveibvtG9ernv
dmLAIaOaKWtTXzxHKy5tYsRrqJAe9QU0jo2M8hmp6ttyCxx9o/vRdzxHo2+kEX3HczT6Rhr1bt/t
1fMDjkr4rNJATNsq1zeK8RgQI0Xqt8CVa9GPNZBzVDPl6AfqAPpGL6Bv+kb3om/6Rvfq1b7brecH
HDUT3/N9klQOb4Fj/USqhH9h4Zvof3PRF25BXvPTv4jSN3oCfceCvpFK9B0L+kYq9Wjf7caAwwT3
BPXHNCGuBG+h4hOLVIph/VRfOG6ut5Nm9I1eQt/R0DfSjL6joW+kWa/13W4933l9ylXffTaqcnhN
cQsculVf2IpvwW1w9A1sDH3TN7oXfdM3updNfbcbAw4/eG9ULhPT8cIJXNZlBUV6OOGu4XFsHp73
gm99U4l+sDajb/QC+o7pePSNFKLvmI5H30ihXu273Xp+wFGfcuVjejF2zWd3ZqRRcF3G8Yxfrn4L
nB/DjkhtRt/oDfQdB/pGOtF3HOgb6dSbfbcbA47wOaWcF9fxJEcsouhe2aUJcfqf8aNvYGPom77R
veibvtG9bOq73RhwmGDXoVxMD+XVfMmL4z4jIFb1W+CiX5vZpVb8yMdqN/pGb6DvONA30om+40Df
SKfe7Lvden7AYRRMuTIxfSYM02GkUP26jOMy95z67XTpvwWOvtEL6Duu49E30oe+4zoefSN9erXv
dotp6x57mXBCnGFb5diVfKPJFOxzk3UdjWWTPotkLW2uFcOtnu7SBl3p/58F+m4f+k4P+qbvuNF3
etA3fceNvtOjV/tuNwYc4W08mdh2VXaYEkt6dlp6ZS49X5R25KQHRtWzC2n9ioxjs67636YYC26B
o+/2oO90oW/6jhN9pwt903ec6DtderXvdmPAEe5a6zjxLHqOjGSM6s9U9aJnp6RX5oN3l797b0aH
xpO7zGZLRk+/VtalGV9/OSH9D9uM8j34irD6hDiO37oxTvht+v9Hgb7jR9/pQ9/0HRf6Th/6pu+4
0Hf69Grf7caAo/7sU0wbD3mO09Nzs4nKzcXzSz8xol0jMW1/HcGnHxnQL/zFjJ55raLnpqWHNiV9
Rp1XX+vieJb15v9spP8LEX3Hi77Tib7pOw70nU70Td9xoO906tW+263nNxl1wosgrk+E50lGjqo9
Ojw7uxj8xj9+pJCKxbPuNz4wKEm6WEr4RBJSC6/zXFy7dSmeHZ/bjb7jRd/pRN/xoG/6TiP6jgd9
03ca9Wrf7dbzd3DUxTXVrb/O6u+npbzbe6tofYF69950PUw3XAgWjrmao6MzvffnMl8Lrss4NjGq
hbE4Fk2I6Tse9J1O9B0P+g6+pe90oe940HfwLX2nS6/33S49P+CoT7n8mJraNuTq9LWajs1LvXiL
kDFGaR8cvjib8hNso4Fc9N97bamV9N8ARt/xou90o+9o6Ju+04y+o6Fv+k6zXuu73RhwKBiZ1WJa
QR+9N6+3bevdT+vzb1X04vlqPMc6V9YL56vaOezqyO6sdo3Gc0vdzzzQF8txelV9Quy66bnFcTX0
HS/67n70Td+xHIu+U4m+6TuWY9F3KtnUd7v1bukhxwmmXJVaPMd7/6G83n8onmNZ6RsLkRfQJ14u
6rPPLGi2tPyL2qP35vRLDw1ouC/aZPJnf6A/0sf3unI1WEHr//ORZvQdM/ruevQdz7GsRN9dj77j
OZaV6Lvr2dR3u/X8PSxuOOOp1Hrvua80+uOjC/rMk/OaLRkNeL42Z32NZny5MvrKsbI+8aVpzSz2
8j7YySuF/7PhOemfj9J3utB3+tE3WkXf6UffaBV9p59NfbcbAw432GynzAKauAtTNX32mUVJ0u5C
Tbv6jMbyRlsLRvv6a8o5Rqeu+Xr8xWLCZ9rbipWgFc/NJ3wm66Pv9KBvO9A3WkHfdqBvtIK+7WBT
3+3W8wOOjJuTJC2UEz4RLC2Mm7O++m8bPmZcRzsLwWT4T1hAE1VvxXNyyZ5IE+g7PejbDvSNVtC3
HegbraBvO9jUd7v1/IDDc4Ip12KFCXHSTl0Nng3s9xr/WeQ8KecYzZYMt8ElaCFsJeulfzMo+k4P
+rYDfaMV9G0H+kYr6NsONvXdbj0/4Mh6BUnSfJkgkzZc6N3XQ9lktmSUcQtJn0ZT6Ds96NsO9I1W
0Lcd6ButoG872NR3uzHg8AYkSdNFJsRJO7I7uO9todZ4IS3XpLJxNJhX5J2a0RpjjGaKRrmwm7Sj
7/Sg7/Sjb7SKvtOPvtEq+k4/2/put56/Cj0nK1cZTS2ygCbt4QPB7YiTFVdzt73JquobXSwGC+vH
7uPWq6RMLgSd5LzBhM+kOfSdHvSdfvSNVtF3+tE3WkXf6Wdb3+3W8wMOScpnhjS5EEy/kJxdo55+
/YeDyePFoqe3FlxNlBxdLjp6c9FT2bi6e9zTx+7j9qukXJ0LbhXNeUMJn0nz6Dsd6Dv96Butou/0
o2+0ir7Tz8a+24kX5UrKZ4a1WL2hiXmj8UGeM0vSY+8oaKjg6LefntelGWnRv/nn8c/uK+iTD/Rx
+1uCrs4GC2ghM5LwmTSPvtODvtONvhEFfacbfSMK+k43G/tuJ65ESQPZcUnShelawmcCSXrkYH5p
CjycCYI9NO7q048MsHgm7HzYyGBua8Jn0jz6Thf6Ti/6RlT0nV70jajoO71s7LuduBolDeV3SJLO
TrKApsUL54OH/IYzRhnH6NQ1n1dPpcCZ60EjQ7kdCZ9J8+g7feg7negbcaDvdKJvxIG+08nGvtuJ
AYekodxOSdIrl1lA0+Jk+M7tnGuW3rt99HwlyVOCpG+dC/4MhvO7Ez6T5tF3+tB3OtE34kDf6UTf
iAN9p5ONfbcTAw5Jm/r2KesV9OTJsl65RKRJuzBV06UZo5xjlHEdFcKr9Ohb1bU/EG313Nmyzk/5
Guu/W56bS/p0mkbf6ULf6UTfiAN9pxN9Iw70nU629t1ODDgkuU5W92x5VLMlX5/801k9ebKc9Cn1
tKNvBV/E6pPhQvjtqassoEkoV43++nhJv/SVWUnSHaPvTfiMNoa+04W+04W+ESf6Thf6RpzoO11s
77udeItKaNfw92qxOqXXJv+rfuUvZ/Urfym9c6enfZsz2j7EHKhZz78VfcJev9VtruaotHBzl+b6
c39R/f43FmI5TjczRro0W9OZCV/Hr9z8vI/3H9J4/z0Jnllr6Dse9N0d6BuN0Hd3oG80Qt/dodv6
bhcGHLc4sPkfaXPfXfrWhd9X1nX03Ys1ffciz/1thDFGjhPtVV6nrgaf86pxVL3t1efPnyvr3Xuj
3X71+ecWI318r9k66Mp1pEszNe0bfSjp02kZfUdH392HvlFH392HvlFH392nW/puBwYct9ncd0B5
b1jl2pye/rlRbeoPpsNnJqq6Omc0Me/rxoKv+bJZ50jLvXC+oufPVbQnL23Nt+PM0+FiSboc8Q7C
X364f9Wf2znsRTu4pPuGNvZnZ5OZqvTqgnT3uKdHDjZ/oQ3mXW3ul7b0e8qEn+L+rKN9mz315xx9
8A9uyHEc6zcvou9o6DtZ9L02+o6GvpNF32uj72joO1n03VkMOBoYyu/SxMJJXZiuLS2g+8cy2j/W
+jGferWko29VNeAZ3T8cbYKaZkdnTOQFNOoEeD3d/Pl/adboNcfRP35bXv/8e1f/QrQRixWj89O+
+jKblPX6Yjlmkui7dfSdLPpeH323jr6TRd/ro+/W0Xey6LuzeHitgZFwCnbiSnyb5hwcD8Zuk+zD
gzaqX18Hx+ObXdZ3Lh/qkukwfcNW9L0++oat6Ht99A1b0XdnMeBoYDgfvHe7/qxZHPaMZlTISDeq
3TudvNXz59L1Oq+Zoi9JGvS69/Y3SZoMP+0Hx6LfKlh3MuxgJL8rtmMmib6jo+9k0Pf66Ds6+k4G
fa+PvqOj72TQd2cx4GhgKLxQjsc4IZak/WOeqkaauX1nni6yry/4AvH4i0VdmE7PBlCffXpekrSz
i5+vNEaarDgayjvaOhTjAhp2MNwlCyh9t46+k0PfzaHv1tF3cui7OfTdOvpODn13HntwNNCf3aKM
W9CpayX5xsiNuOtw3cExT8cu1zRZkYa79DM/lpXu7jc6vSD92H+Z1iMHsto5El/MrfjKKyVdnPGV
c6QjQ907oZ+uGvlyYp0OS9KJ8P3mQ12ygNJ36+g7OfTdHPpuHX0nh76bQ9+to+/k0HfndWnG0Q3n
d2ty8TW9fr2mA2PxfJqC567KmqxI+7p4L5iHNjnKOdIr80ZfORZxR6OYbM9J7xmVhrr4iq/f/nZg
PL4FtFIzeuO6Uc4bVCEzHNtxk0bfraPvZNB38+i7dfSdDPpuHn23jr6TQd+d18WXUzTD+Z2aXHxN
xy/Ht4DWj9MLGxm9Z1Q6Mmx0vRK8miopQ56jLblgct3trocL6N0xLqAnr1RlZLru9VP0HQ19dx59
N4++o6HvzqPv5tF3NPTdefTdeQw4VlF/nunUtaqkeB4MO7wt3Kk5Xfv7tE3edbQz393P1aXJzQ2M
4sv6xNIGRt21gNJ3dPTdWfTdPPqOjr47i76bR9/R0Xdn0XfnMeBYxVAuWEBPXF57nHvySlWfe3ZB
z5ypv6rH0aNvz+tnvr9Pw33L93AdLrja0u/o+oJUM5LXvY+bIQH1HcDv3to466deLenzzy7o1LVg
x+qdw44efXtBn3zP6u/jrm9gNBTuXN4t6Bu2oe/m0TdsQ9/No2/Yhr47j7eorGIov02O3DV3an7i
5aJ+/I+mlxbPsT6j2ZLR4y8U9eN/NKWZRX/Fx9Sfv7pR6d6dmtF5NSPN1IJFsS+78ivz739jQZ96
Yk6nrvnqzxiN9RldnDH63LOL+rH/fKPhtSpJJ6925w7N9A2b0PfG0DdsQt8bQ9+wCX0ngzs4VuVo
OL9H06U39dZUVXtGl3+qLkzV9Nlnglcb/ehBRx85FMyK5stGf/BdXy9cMfrUE7P6wx8fWfZxB8cy
+vs3q5qsSGO5zvxO0P0mK0aSE26Utdzz58r6/HOL6s8Y/fS7XB3ZHnwRf3Pa6D98x9epa74+99yi
Pv3IwLKP843RqWu+Mm5B/dktnfhtdBB9wx70vVH0DXvQ90bRN+xB38ngDo41jBSC235OXF75vujH
XyxqtiT98L6bi6ckDeQcfeKdrsb6jI6ery7dQlR3cLy3nvNDZyzt0Nzg+b4/ebEoSfrY21wd2X7z
Wr1jxNEv3O+qP2OWfs2tXr1WU83v3g2M6Bu2oO+No2/Ygr43jr5hC/pOBgOONQyFF87JaytvgzsV
3hp0ZPvKjxvIOXpwd/Cpffq15a9hOjDGAor4TVaC294ONtih+enXgovtvXtX5j4+4GjvcPCxz59b
fq3Wv/gPd+nzffQNW9D3xtE3bEHfG0ffsAV9J4MBxxqGm9jIqL/B81RruXu8d15Fhc6ZrAbPjB7Y
Et8rqE50+fN99A1b0PfG0TdsQd8bR9+wBX0ngwHHGobyOyRJrzS4Be5QuBPuC5cbb0b09fPBpjAP
H1j+IF/Wc7R31NWC76jSeN8YYMMmK1LGle4aW7mA1t+7fWJi5QU3XzY6Nxtcw4duez6w/rcg9R3L
uw19wxb0vXH0DVvQ98bRN2xB38lgwLEG1/E0lNup2ZLR1bnli+jH7itIkv78VaMXLt+8MOfLRv/h
OzVNLDq6e9zTPdtWPnNV36l5gp2aEYOSLy36ju7c7Ml1Vv6NRf1a/b2j/rJF9Nq80W99s6aFiqMP
3Ztb8dq0E1d8OXI1lN/W3t9AQugbNqDv1tA3bEDfraFv2IC+k8NbVNYxXNil2fJFnbhc09YDN6dv
u0Y9/foPD+gzT87r944ajfVVNdbn6ORk8PODeek3PjDY8JgHxzJ66tWKJivSjnwnfhfoZhPho3mN
nu+TpMfeUdDR8xV99VhZv/XN26/V4Av9Lz+0fIfms5M1FatGI/m9krr3hfD0jbSj79bRN9KOvltH
30g7+k4OA451DOd26YKe16lrVb3vttvZHntHQUMFR597dlGnr9U0sRj8+IfuzemTD/Rr12jjC/rg
0kZGXJiIrv4KqgMNbn+r+80fGdKh8QU9/mJRl2akicXgi/yj9xb0yQf6VkyH6xsY1Xcq71b0jbSj
79bRN9KOvltH30g7+k4OA451DIUbuBxfZSOjRw7m9cjBYMx78kq14S1vtzuwtJFRcOEDUdR3/F5t
Qlz38fv79fH7+zWz6Gu2ZFb9Ai9JJ+vP93X5K6joG2lH362jb6QdfbeOvpF29J0cBhzrGCkEF9Cp
Bq+iul0zi6ck7dvsKeNK15kQIwb1Hb8PNnjHdiPDfa6G+9b+NfUFdLjLNzCib6QdfbeOvpF29N06
+kba0Xdy2GR0HZ6TVX92TJdmjGaL8W2rfPe4p6qRZqtsZIRoblQdFTLS9uH4XkF1LNyZvL5Tebei
b6QdfbeOvpF29N06+kba0XdyGHA0YSS8DejYlfhejn2A5/wQg5mqUdVIb9se381Yl2dqmi0ZDeV2
ynXiW5TTir6RVvQdHX0jreg7OvpGWtF3shhwNKH+nN+pqyvft92qg+Fzfjd4FRUiqD/fd2BLfAvd
ifrtb4XeuP2NvpFW9B0dfSOt6Ds6+kZa0XeyGHA0of6c04lVNjJqRf2Cn4zvkOhBSwvoeHwT4pNX
gv9R6JXn++gbaUXf0dE30oq+o6NvpBV9J4tNRpswUtgjSTrZxEZGzTp6PrjyX1t09NqF2A6LHrE5
Kz0wfPMWyoNrvIJqo5Y2MMr3xgJK30gb+o4PfSNt6Ds+9I20oe90YMDRhKzXp7w3orOT01qsGPVl
oz2X9xv/dU5ffqkkSRpyqvIMt8GheWW5mqx4+qvrUr8bvMqs2R3Cm3GiPiEu9MYrqOgbaULf8aJv
pAl9x4u+kSb0nR4MOJo0Utitq/PTOnW1qnftyrZ8nDeu1/Tll0rKydd93qwGnfh2fkbvuOjndNwf
0ILvaPuQE/mLet1s0dfVOV/92XF5TuvXuW3oG2lC3/Gib6QJfceLvpEm9J0O7MHRpPrtQPXbg1r1
0qXg47c7JRZPtGynW1a/gknuHZvju/3tlfA51pEeu/2NvpEm9B0v+kaa0He86BtpQt/pwICjScO5
4HagkxFfRTVSCCZ5VT71iKi+Z/jdMT7fd+JKbz7fR99IG/qOD30jbeg7PvSNtKHv5FFxk+qv5Ik6
IX7oQE4jBemiyeuazy1GaM3pWkEleZKMDsf4ju369T3UYwsofSNN6Dte9I00oe940TfShL7TgT04
mlTIjCjjFvTqREmVmlHWW/2ZqplFX6cnggtxMOeu2GDmV98/qE9/dU7f9Qcl7oJDixwZGTmr7tD8
/LmynPAyvX9Prqlj1l9BNZLfE8s52oK+kTb0HR/6RtrQd3zoG2lD38ljwLEBo4W9mlg4rdcmajrc
YFfcmUVfn//moh5/objsx+/fndEvPTywtJD+o0N53bHJ0xe/XdRfvFwSezRjI7KO0Y68dLUklYy0
f2z5tfjUqyV95mvzmi3dvLKG8o4++Z4+fexI36rHXawYnZvyVciMKuut/uu6FX0jDei7PegbaUDf
7UHfSAP6Tg8GHBswlNuliYXTOnW12nAB/akvzej0tZr6M0ZHtjvqzzh64Yqvo+er+sSXpvUH//3I
0iJ6aGtGn/nhQU0t+nr6tYoeG5O25Tv9O4KdHJV86T9fkg6MeXKdm39b8cTLRX3myXlJ0j2bpcNb
HJ2bMXrhitFvP72gmaLRz/5Af8Oj9vrzffSNdKDvdqBvpAN9twN9Ix3oOy3Yg2MDhvPBRkYnGmxk
9MTLRZ2+VtPeIel3HvH00+/y9PG3u/rdH8rowd3SbEn67NPzKz5u/5bg9qXJCnNiNK9+vRzYcvP2
t5lFX599JrjGfuF+R7/6Hk8fOeTqF97t6V99v6P+jNHnn1vUhalaw2P2+gJK30gL+o4ffSMt6Dt+
9I20oO90YMCxAWttZPT4i8Ftbx+/19FAbvnzfz/9Lk9jfUZHz1dXXLwHx4OJ8WS0vZHQYyYrwbcH
xm8uoF85VtRsSXpwt3Rk+/K0D4+5enC3G/66UsNj1q/r+o7kvYa+kRb0HT/6RlrQd/zoG2lB3+nA
gGMDBrJj8pysTl1dufPQ6WvBwnh4rPGn9PCWYFG9OHPbAjpWnxDHeabodvXr5eAtz/fNhuviPZsb
b7B1ZHvw7elrjb9anwg3MBou7IznJC1D30gL+o4ffSMt6Dt+9I20oO90YMCxQcOF3SpWjV6/vvwi
HAyfz5svN76V7dpC4+Pt2+Ip40rXK6vv+gzcrr6A3r115Q7NE4uNP6Z+De4YXvkxlZrRmQlfGbeg
QmY0rtO0Dn0jDei7PegbaUDf7UHfSAP6TgcGHBs0nAtugzt1dfmk9+EDwWt+nnxj5QL65rTRyclg
kX333uWvA3IdR/u3uCobab7Kc35ozvWqo0Jm+WJYvwa/ft5v+IW8fm0eGl+5gJ66WpWR0Uh+b5vO
2A70jTSg7/agb6QBfbcHfSMN6DsdGHBs0FC4kdHJ2zYy+uQD/RrMSX/+qtEfH/P15rTRtXmjv33L
1299M1hsP3Zf41f71J/zu8FzfmjCbNWoaqR7bpsO37MtoyO7M5pYdPRb36zphcvBQnpiwtf/+mxN
52alu8c9PfaOwopj1p/vGyn09vN99I2k0Xf70DeSRt/tQ99IGn2nB6+J3aCRfPD804nbNjLaNerp
lx8e0G8/Pa8n3zC3TYodfeje3Kqv/zlQf86vKnH5Yj1Lz/eNr8z3dx8bWnod2u8dNdItb3G/e9zT
7z421PCY9b/xGMr19g7N9I2k0Xf70DeSRt/tQ99IGn2nBwOODRrK75Ajd2nDl1s99o6C7t+T1eMv
FnUqXGB3jrh69N78ilvfbrW0UzMbGaEJSzs0j628lW24z9WXfmJUT7xc1DNnypopBgvowweyevTe
gob7Gt+0dfxKfULc2xsY0TeSRt/tQ99IGn23D30jafSdHgw4NszRcH6npkvndXG6pp0jyy/iXaOe
Pv3IwIaOyE7N2Ii1JsR1j72j0PBWt0Z8Y3Tyqi/Pyao/Ox7HKVqMvpEs+m4n+kay6Lud6BvJou/0
YA+OFgzlV3/fdiu2DnkayjuarDgy7GOEddSfBT28LZ755OvXa6r5RsP5PbEcz3b0jSTRd3vRN5JE
3+1F30gSfacHA44WDOcab2QUxcExT76kaXZqxhqMkSarjo/KDCkAACAASURBVLYOuurLxvPqshPh
dTxc4Pk+ib6RHPpuP/pGUui7/egbSaHvdGHA0YLh8DmouCbEknRgnNvgsL7J8AvswQbP97XqZLiB
0TAbGEmibySHvtuPvpEU+m4/+kZS6DtdGHC0YDh8FdWJK35sxzx4y07NwGpuLD3fF+MCurSBEQuo
RN9IDn23H30jKfTdfvSNpNB3ujDgaIHreBrMbdO1eV+zxXgWUXZqRjPW2qG5Vccu1+TI1WBue2zH
tBl9Iyn03X70jaTQd/vRN5JC3+nCgKNF9fcRv3wpnpHuoa0soFhfMzs0b8RbU1UVqybcmCueZwa7
AX0jCfTdGfSNJNB3Z9A3kkDf6cKAo0VLt8HF9JxfX9bRjmFHMzVHNfYxwiomq8Eyd9eWeCbEJy4H
z/eN5Ln97Vb0jSTQd2fQN5JA351B30gCfadLPGOmHlR/HupUjBsZ3T2e0aWZil5blIY8VlEs58vR
XM3R/i2esl4809xT18INjFhAl6FvdBp9dw59o9Pou3PoG51G3+nDgKNFI4W9km5O2OKwf8zT35yp
6G9uSNyOhNUcGIvvxqulV1CxgC5D30gKfbcffSMp9N1+9I2k0Hd6MOBokedk1Z/doremr2uhbNSf
i77gvf/uvLIuCyfWdt/ubGzHOnY5eGhwKL8jtmN2A/pGUui7/egbSaHv9qNvJIW+04MBRwRDuZ1a
qFzXiSsVHdmTi3y8w9syOryNPxJ0xtW5mqaL0mB2u1wnvkW5W9A3bEbfa6Nv2Iy+10bfsBl9R8cm
oxHUbxs6eTW+2+CATqnfvjlc2J3wmaQTfcNm9L02+obN6Htt9A2b0Xd0jCMjqC+gJ640v4A+8XJR
l2aDd3PvHHb10P6chvuSnTM99WpJp8PNbIbyjh7an9Ou0fje47xRF6Zq+urx0tK/P7Q/p3sSnJzP
LPp65kxZF2eCP7dDWz09fCCf2Pnc6vZz2zns6tG3F5r62FPX6s/37Wzb+dmMvtuDvptH3+1D3+1B
382j7/ah7/ag7+bRd7IYcEQwnN8jSTrZxE7NJ69U9aknZnRxZvnuy0P5Bf3OY4N6997ot9Bt1Myi
r089Mauj55ef/+eeXdAvPTSgx97RXIhx+jdPzetPXizedj6LevTenH7poYGOf7F54uWiPvvMgmZL
y//cDo0v6Nc/MJTowv78ubI+9cTcinP73LML+p3Hhtc9t+OX2cBoLfQdP/puHn23F33Hj76bR9/t
Rd/xo+/m0XfyvCN3fvTXkj4JW2XcnN6afk4T8yX95PcV5K2yAdGFqZp+4gvTur4gHdkmfXC/oyPb
HDmSzk5Lz7xW1nv25TQ22LnFYWbR1ye+NK2XL9e0d0j64AHph+5wNJJzdPy69MyZinYMuR1dIOqL
Z3/G6IP7XX3kbkdjfY7OzRi9csXX9QVfDx/s3GT2qVdL+pd/Na9yTXpwt/SRux29Y8zRQkU6dd3o
yVNlffR78spnO7/x1MkrVf3PX57RbGnlNXV6UnryVEk/fCiv4cLq19T//vV5zZWkt239J3Kd5P5G
IK3oO1703Tz6bj/6jhd9N4++24++40XfzaPvdGDAEdHk4hnNV67pffuz2jrU+CL87afn9fKlmh7c
Lf1PRzzdMeLojhFH37/LlYz03avS2cla07cuxeH/+e6ivnq8ons2S7/2oKcDm1ztHHT0PVsdHd4s
ff289ML5qv7H7+vryPlcmKrpX/7VnPozRv/qAU8P7HI13u/o8JijR/Y6eupNX69c8XVkd0a7RjoT
+8/92YzmStInvsfRRw552jkY/Lm9d4+rc9NGZ6eliQVfj3RwUa/7lb+c1dkbvn70oKN/8T3Lr6mJ
BaNXb0izpdXPbbbo6999fVF9mTHduel9HT57e9B3POh7Y+i7M+g7HvS9MfTdGfQdD/reGPpOBzYZ
jWgofD5qrdvgvnqsLEn62NtWfro/cshVf8asuA2t3Z5+LXj90EfuXjndPDzm6p7N0mzJ6Plz5Y6c
z1eOBc/0Pbjb1R0jy89pIOfoR8PzPPpWZz5PJ69UdWnGaO+Q9N69K//cPvHO4MdeeKvSkfO53Qvn
q+rPGH3k0Mpzq19n9euukWPh+7VHCjzftxb6jgd9bwx9dwZ9x4O+N4a+O4O+40HfG0Pf6cCAI6KR
+k7N62xkNNZnNLDKu7j3Dgc/3qnF6laHxxpfAoe3JPO+773DjX/8juH6AtqZBWu2FGwK1L/K25nq
f5a3P7PZCfXrpH7d3G4g5+iezWsf41S4s/hQjuf71kLf8aLv9dF359B3vOh7ffTdOfQdL/peH32n
BwOOiIbywSt8TqyzkdHEoqP5cuPYzoURJrGR0YkJv/GPX+/8wiBJ52Ya//ib4efo/j2deR/0UD5I
Y6Ha+PNwbT748R2rLGLtVL9Ozq2yeM+XjU5Orn2ME5frE2JeQbUW+o4Xfa+PvjuHvuNF3+uj786h
73jR9/roOz0YcETUn92sjFvQqau+fNP4gv7QvcEF//jxlYvVl0/5Wqg6OrK7s7v9PnwgWIi+fHrl
OZ+Y8HVyUhrMd25Rf/Te4Fm0r1/w9eb08nOaLxv9+en6AtqZz9M92zLaMezo3Iyjr72+cvpf/7NM
6nVUR3ZntFB19OVTK6+p+rnVr7tGToavoBrJ723PCXYJ+o4HfW8MfXcGfceDvjeGvjuDvuNB3xtD
3+nAJqMxmFg4rfnKpN5/KKfN/StnRofGM/rKK0W9dkM6MREsBG/OGH35tK+nz0mDOel/++BQR3dp
3rfJ0zfOVnTqutELl31VakbTJempN43+0yvBOf7qPxzo2C7NwwVXM0WjFy/U9M1LvqZLUtYz+vpb
Rv/+O8EXmQ/dm9PH7+/vyPlIwTurnzxV1svXpImF4HPy0lVf//cJo5cngi8wv/vYUCK7NB8az+hr
J0t66Zr05rRRxQ+uqT8+5uvFKzevqUa7NC9WjP7tMwvKeyPav/mHOn7utqHv6Oh7Y+i7c+g7Ovre
GPruHPqOjr43hr7TwfnEw19I5l6nLnLy2ld0dvpv9Zs/MqAP3dt4p+WTV6r6xSdmdOm225bqESb1
nu2f+tKMTl9bPgEdzEm//HB63rMtBdPOX07oPdu//UzwuqZb3T3u6Tc+MJj4e7Z/8YnZFee2Y9jR
767xnu3vXKjon39hRuMDh3Vkx0924EztRt/xoe/m0Xdn0Hd86Lt59N0Z9B0f+m4efSePAUcMrsy9
pG9f/i/68Nvz+rUPDK75a594uaiLM8EtSjuHXT18INfxReF2T71aurmpTT64rWvXaHLvXb4wVVva
tVmSHj6QS3Shmln09fRr5aU/t/+fvbsPkuO+7zv/+XXP0z4vgF08AwQFgCBE0VIIyjYVSyJpK5Yu
kmgrytkXqcrJ2bLlnKssq2y5Ep/LD7lz1cWKH1J3Zyl2nZPYsn06RzYlPzGpkLRkibIIUhKfAJAE
CYIA8bRY7PPOU/fv/uieBRaY3Z2d7pnunnm/qlALLrDDxm6/f4v6ovvXR7a7iTx6qpmbj62Vc+r3
v7Gs3/7ykg5vfR8T4hbQd7zou3X03Xn0HS/6bh19dx59x4u+W0ffyWLAEZP//sovKucu60s/uqWr
l7IBm1GpW33o92d0ftbXAwd+UcXcWNKHlAn0jSyg7/bQN7KAvttD38gC+o4Xpcfk8Lb3abkm/dQX
5nRlYf1HUgFJmK/4+sSfzev8rK8D4+9i8dwE+kba0Xf76BtpR9/to2+kHX3Hjys4YnTiysN6bfYr
Gswb3bkjuUvIgGZOT3maLVttH7pb9+z6kaQPJ3PoG2lG39HQN9KMvqOhb6QZfcePAUfMppZe0ktX
/1qzlbNJHwqwynBhlw5t/T7tHH5r0oeSWfSNtKLv6OgbaUXf0dE30oq+48eAo0PqfkVzlXOS+PQi
ecOFnSq462+whdbRN9KEvuNF30gT+o4XfSNN6LszGHAAAAAAAIDMY5NRAAAAAACQeQw4AAAAAABA
5jHgAAAAAAAAmceAAwAAAAAAZB4DDgAAAAAAkHkMOAAAAAAAQOYx4AAAAAAAAJnHgAMAAAAAAGQe
Aw4AAAAAAJB5DDgAAAAAAEDmMeAAAAAAAACZx4ADAAAAAABkHgMOAAAAAACQeQw4AAAAAABA5jHg
AAAAAAAAmceAAwAAAAAAZB4DDgAAAAAAkHkMOAAAAAAAQOYx4AAAAAAAAJnHgAMAAAAAAGQeAw4A
AAAAAJB5DDgAAAAAAEDmMeAAAAAAAACZx4ADAAAAAABkHgMOAAAAAACQeQw4AAAAAABA5jHgAAAA
AAAAmceAAwAAAAAAZB4DDgAAAAAAkHkMOAAAAAAAQOYx4AAAAAAAAJnHgAMAAAAAAGQeAw4AAAAA
AJB5DDgAAAAAAEDmMeAAAAAAAACZx4ADAAAAAABkHgMOAAAAAACQeQw4AAAAAABA5jHgAAAAAAAA
mceAAwAAAAAAZB4DDgAAAAAAkHkMOAAAAAAAQOYx4AAAAAAAAJnHgAMAAAAAAGQeAw4AAAAAAJB5
DDgAAAAAAEDmMeAAAAAAAACZx4ADAAAAAABkHgMOAAAAAACQeQw4AAAAAABA5jHgAAAAAAAAmceA
AwAAAAAAZB4DDgAAAAAAkHkMOAAAAAAAQOYx4AAAAAAAAJnHgAMAAAAAAGQeAw4AAAAAAJB5DDgA
AAAAAEDmMeAAAAAAAACZx4ADAAAAAABkHgMOAAAAAACQeQw4AAAAAABA5jHgAAAAAAAAmceAAwAA
AAAAZB4DDgAAAAAAkHkMOAAAAAAAQOYx4AAAAAAAAJnHgAMAAAAAAGQeAw4AAAAAAJB5DDgAAAAA
[...]
jbDQd/DoG2Gh7+hgwOFBT3qFxotntfd0UdtWpz1/3palSW1Zym8JmuPMhbKGJ6Xu1DLZln+Lcqug
b8QZfc+NvhFn9D03+kac0bd3bDLqQfW2oX1n/LsNDmiW6u2bueyqkI8kmugbcUbfc6NvxBl9z42+
EWf07R3jSA+qC+je0/UvoA88O6mTo+67uVfkbN26Lq1cR7hzpu8dzOtAZTObnoylW9eltXKBf+9x
nq/j58v65p781H+/dV1am0OcnI9MOHrkUEEnRtzft01LEtqxPhPa8Vzq8mNbkbN153XZun7t/oHq
830rAju+OKPvYNB3/eg7OPQdDPquH30Hh76DQd/1o+9wMeDwIJdZLUnaV8dOzftOl/TxB0Z0YmT6
7ss9mXH9/l3detUa77fQzdfIhKOPPzCqncemH/8XHhvXfbd26a7r6wvRT//te2P6q6cnLzueCd15
bVr33drV9C82Dzw7qc89Mq7R/PTft0394/rMHT2hLuxPHSno4w9cmHFsX3hsXL9/V+6Kx7bnFBsY
zYW+/Uff9aPvYNG3/+i7fvQdLPr2H33Xj77Dl9h2zT2/FfZBxFXSTuvo8OMaHMvr/a/JKjHLBkTH
z5f1s18Z1tlxadtS6a3rLG1basmS9NKw9MjzBd18dVp93c1bHEYmHN371WE9e6qsNT3SW9dLb7jK
Um/a0p6z0iOHilreYzd1gagunp1Jo7eus3X3Rkt9HZaOjBg9d9rR2XFHOzY0bzL7vYN5/frfj6lQ
lm5ZJd290dL1fZbGi9L+s0YP7S/onpdllEk1f+OpfadL+uWvj2g0P/OaOjAkPbQ/rzdvyiiXnf2a
+sNHx3QhL21d8g7ZVnh/IxBV9O0v+q4ffQePvv1F3/Wj7+DRt7/ou370HQ0MODwamjikseKAXr8u
pSU9tS/Czz48pmdPlnXLKumXtiV0Va+lq3ot3bTSloz0zBnppaFy3bcu+eFvnpnQN/cUtXmR9Fu3
JLR+oa0V3ZZetsTSlkXSo8ekXcdK+vnXdDTleI6fL+vX//6COpNGv7E9oe0rbfV3WtrSZ+m2NZa+
d9jRc6cdbVuV1Mre5sT+i387ogt56d6XWbp7U0Irut3ft9ettnVk2OilYWlw3NFtTVzUq37tW6N6
6Zyjt2+w9HMvm35NDY4bHTwnjeZnP7bRSUf/96MT6kj26ZqFr2/y0ccHffuDvueHvpuDvv1B3/ND
381B3/6g7/mh72hgk1GPeirPR811G9w3dxckSe/eOvN0373JVmfSzLgNLWgPP+++fujujTOnm1v6
bG1eJI3mjZ46UmjK8Ty4232m75ZVtq7qnX5MXWlLb68c586jzTlP+06XdHLEaE2P9Lo1M3/f7n25
+327jhabcjyX23WspM6k0d2bZh5b9TqrXne17K68X7s3y/N9c6Fvf9D3/NB3c9C3P+h7fui7Oejb
H/Q9P/QdDQw4POqt7tR8hY2M+jqMumZ5F/eanPv9zVqsLrWlr/YlsGVxOO/7XpOr/f1X5aoLaHMW
rNG8uylQ5yxvZ6r+Xl7+zGYzVK+T6nVzua60pc2L5v6M/ZWdxXvSPN83F/r2F31fGX03D337i76v
jL6bh779Rd9XRt/RwYDDo56M+wqfvVfYyGhwwtJYoXZsRyoRhrGR0d5Bp/b3n23+wiBJR0Zqf//h
yjm6cXVz3gfdk3HTGC/VPg8DY+73L59lEQtS9To5MsviPVYw2jc092fsPVWdEPMKqrnQt7/o+8ro
u3no21/0fWX03Tz07S/6vjL6jg4GHB51phYpaWe1/4wjx9S+oN92rXvBf3nPzMXq6/sdjZcsbVvV
3N1+d6x3F6KvH5h5zHsHHe0bkrozzVvU77zWfRbt0eOODg9PP6axgtE3DlQX0Oacp81Lk1qes3Rk
xNJ3Xpg5/a/+Xob1Oqptq5IaL1n6+v6Z11T12KrXXS37Kq+g6s2sCeYAWwR9+4O+54e+m4O+/UHf
80PfzUHf/qDv+aHvaGCTUR8Mjh/QWHFIt29Ka1HnzJnRpv6kHnxuUs+fk/YOugvB4RGjrx9w9PAR
qTst/de39jR1l+arFyb0ry8Vtf+s0a5Tjoplo+G89L3DRv/rOfcYP/XGrqbt0pzL2hqZNHr6eFlP
nHQ0nJdSCaNHjxr9jx+7X2Tedm1a77mxsynHI7nvrH5of0HPDkiD4+45+ckZR//fXqNnB90vMPff
1RPKLs2b+pP6zr68fjIgHR42KjruNfWXux09ffriNVVrl+aJotF/f2RcmUSv1i16Q9OPPW7o2zv6
nh/6bh769o6+54e+m4e+vaPv+aHvaLDu3fGVcO51aiH7Bh7US8M/0O+8pUtvu7b2Tsv7Tpf0sQdG
dPKy25aqEYb1nu0PfHVEBwamT0C709IndkTnPduSO+38REjv2f7sI+7rmi61sT+h376jO/T3bH/s
gdEZx7Y8Z+n+Od6z/ePjRb3vKyPq79qibcvf34QjjTf69g9914++m4O+/UPf9aPv5qBv/9B3/eg7
fAw4fHD6wk/0o1N/rp+6LqPfuqN7zp/7wLOTOjHi3qK0Imdrx/p00xeFy33vYP7ipjYZ97aulQvC
e+/y8fPlqV2bJWnH+nSoC9XIhKOHny9M/b5tWpII5dVTtVx+bPVcU3/2wwn94Q/GtWHRW5gQ14G+
/UXf9aPv4NG3v+i7fvQdPPr2F33Xj77DxYDDJ//8wm8qmZjQN9+/sKm3sgHzkS8Z3f1n53V82NGO
q39TmWRv2IcUC/SNOKDvxtA34oC+G0PfiAP69hel+2TD4rdooij98tdHNHBh7ldSAWEYzTv66DdG
dXzY0dULXsfiOQ/0jaij78bRN6KOvhtH34g6+vYfd3D4aO/AAzo8/Kg6U5Y2Lw3vFjKglkODZQ1P
Gi3pul43LP/ZsA8ndugbUUbf3tA3ooy+vaFvRBl9+48Bh88Gxw/q4Nlvazh/JOxDAabpTi/X+kVv
1LLul4d9KLFF34gq+vaOvhFV9O0dfSOq6Nt/DDgCUnLyGskfk8TpRfi608uUTsy9wRbqR9+IEvr2
F30jSujbX/SNKKHvYDDgAAAAAAAAsccmowAAAAAAIPYYcAAAAAAAgNhjwAEAAAAAAGKPAQcAAAAA
AIg9BhwAAAAAACD2GHAAAAAAAIDYY8ABAAAAAABijwEHAAAAAACIPQYcAAAAAAAg9hhwAAAAAACA
2GPAAQAAAAAAYo8BBwAAAAAAiD0GHAAAAAAAIPYYcAAAAAAAgNhjwAEAAAAAAGKPAQcAAAAAAIg9
BhwAAAAAACD2GHAAAAAAAIDYY8ABAAAAAABijwEHAAAAAACIPQYcAAAAAAAg9hhwAAAAAACA2GPA
AQAAAAAAYo8BBwAAAAAAiD0GHAAAAAAAIPYYcAAAAAAAgNhjwAEAAAAAAGKPAQcAAAAAAIg9BhwA
AAAAACD2GHAAAAAAAIDYY8ABAAAAAABijwEHAAAAAACIPQYcAAAAAAAg9hhwAAAAAACA2GPAAQAA
AAAAYo8BBwAAAAAAiD0GHAAAAAAAIPYYcAAAAAAAgNhjwAEAAAAAAGKPAQcAAAAAAIg9BhwAAAAA
ACD2GHAAAAAAAIDYY8ABAAAAAABijwEHAAAAAACIPQYcAAAAAAAg9hhwAAAAAACA2GPAAQAAAAAA
Yo8BBwAAAAAAiD0GHAAAAAAAIPYYcAAAAAAAgNhjwAEAAAAAAGKPAQcAAAAAAIg9BhwAAAAAACD2
GHAAAAAAAIDYY8ABAAAAAABijwEHAAAAAACIPQYcAAAAAAAg9hhwAAAAAACA2GPAAQAAAAAAYo8B
BwAAAAAAiD0GHAAAAAAAIPYYcAAAAAAAgNhjwAEAAAAAAGKPAQcAAAAAAIg9BhwAAAAAACD2GHAA
AAAAAIDYY8ABAAAAAABijwEHAAAAAACIPQYcAAAAAAAg9hhwAAAAAACA2GPAAQAAAAAAYo8BBwAA
AAAAiD0GHAAAAAAAIPYYcAAAAAAAgNhjwAEAAAAAAGKPAQcAAAAAAIg9BhwAAAAAACD2GHAAAAAA
AIDYY8ABAAAAAABijwEHAAAAAACIPQYcAAAAAAAg9hhwAAAAAACA2GPAAQAAAAAAYo8BBwAAAAAA
iD0GHAAAAAAAIPYYcAAAAAAAgNhjwAEAAAAAAGKPAQcAAAAAAIg9BhwAAAAAACD2GHAAAAAAAIDY
Y8ABAAAAAABijwEHAAAAAACIPQYcAAAAAAAg9hhwAAAAAACA2GPAAQAAAAAAYo8BBwAAAAAAiD0G
HAAAAAAAIPYYcAAAAAAAgNhjwAEAAAAAAGKPAQcAAAAAAIg9BhwAAAAAACD2GHAAAAAAAIDYY8AB
AAAAAABijwEHAAAAAACIPQYcAAAAAAAg9hhwAAAAAACA2GPAAQAAAAAAYo8BBwAAAAAAiD0GHAAA
AAAAIPYYcAAAAAAAgNhjwAEAAAAAAGKPAQcAAAAAAIg9BhwAAAAAACD2GHAAAAAAAIDYY8ABAAAA
AABijwEHAAAAAACIPQYcAAAAAAAg9hhwAAAAAACA2GPAAQAAAAAAYo8BBwAAAAAAiD0GHAAAAAAA
IPYYcAAAAAAAgNhjwAEAAAAAAGKPAQcAAAAAAIg9BhwAAAAAACD2GHAAAAAAAIDYY8ABAAAAAABi
jwEHAAAAAACIPQYcAAAAAAAg9hhwAAAAAACA2GPAAQAAAAAAYo8BBwAAAAAAiD0GHAAAAAAAIPYY
cAAAAAAAgNhjwAEAAAAAAGKPAQcAAAAAAIg9BhwAAAAAACD2GHAAAAAAAIDYY8ABAAAAAABijwEH
AAAAAACIPQYcAAAAAAAg9hhwAAAAAACA2GPAAQAAAAAAYo8BBwAAAAAAiD0GHAAAAAAAIPYYcAAA
AAAAgNhjwAEAAAAAAGKPAQcAAAAAAIi9ZNgHAABhWnH1Ai1b3aO+5T1atLRTCxZ3Krcgq46ejDo6
k0qlE7ITtiwr7CMFALQzYySn7KhYKGtivKSJ0bxGzk/q/NlxDZ0e1+DJUZ06OqoTL50P+1ABIDQM
OAC0jc7utDZcv0TXbF2sazb1adW6hUokuZENABB9liUlkrYSSVvZzpQW9nVoRY2fVy45OnbonF7c
P6gX95zVwWfPaPxCoenHCwBhsO7d8RUT9kEAQFCWrs7p+lev0JYbl2vd1v6wDwcAgKY7tGdAe3ee
1LM/PKHTR0fCPhwACAwDDgAtp7M7rRt3XKVtt6zRVZsWh304AABExuH9Z7Xr0SPa+fBh7uwA0HIY
cABoGVdtXKTtb16r17xhLXtmAAAwB2OkJ//5BT3+0As6fGAo7MMBAF8w4AAQe5tevlSvv3ODtt5Y
62lkAAAwlz07T+j7Dx7U/mdOh30oAOAJm4wCiK21W/r0xns2M9gAAMCDrTeu0NYbV2jPzhP67tf2
6YW9g2EfEgA0hAEHgNjpXdyht/zMtbrpjWvDPhQAAFpGddDxxHdf0Lf/areGz06EfUgAMC88ogIg
Vl73tg1663tfpnQ6EfahAADQsgqFsr715z/RD755MOxDAYC6cQcHgFhYujqnt7//Fdr8ymVhHwoA
AC0vnU7o7g+8Ulu3Ldc3vvRjXi8LIBa4gwNA5G1/01rd8ws3KJG0wz4UAADaTrnk6GtffFqP/+ML
YR8KAMyJOzgARNo7P7xNN9+xLuzDAACgbSWStn76l27U6nUL9dXP7wr7cABgVgw4AETSwiWdes/H
XqN1W/vDPhQAACDp5jvWaemanP7y/id17sx42IcDADNwvzeAyFm7pU8f+b03MNwAACBi1m3t10d+
7w1au6Uv7EMBgBkYcACIlOtevUK/9J9v1cK+jrAPBQAA1LCwr0O/9J9v1XWvXhH2oQDANAw4AETG
Dbes1gc+9Vo2EwUAIOISSVsf+NRrdcMtq8M+FACYwv+LABAJN9yyWu+9b3vYhwEAAObhvfdtZ8gB
IDIYcAAI3XWvXsFwAwCAmHrvfdt5XAVAJDDgABCqtVv69HO/dnPYhwEAADz4uV+7mY1HAYSOAQeA
0Cxc0qn/cN929twAACDmEklb/+G+7Vq4pDPsQwHQxvh/FQBC856PvYa3pQAA0CIW9nXoPR97TdiH
AaCNMeAAEIp3fnib1m3tD/swAACAj9Zt7dc7P7wt7MMA0KYYcABouu1vWqub71gX9mEAAIAA3HzH
Om1/09qwDwNAG2LAAaCplq7O6Z5fuCHswwAAAAG65xdu0NLVubAPA0CbYcABoKne/v5XsKkoAAAt
LpG09fb3vyLswwDQZvh/GQCa5nVv26DNr1wW9mEAAIAm2PzKZXrd2zaEfRgA2ggDDgBN0bu4Q299
78vCPgwAANBEb33vy9S7mDemAWiOZNgHAKA9vOVnrlU6nQj7MEJlj+3W7j3PanR4QMcPP6Ojp0al
dL+2btqo3IKl6u67Tlu3Xhv2YcYW5zdYnN9gcX6DxfkNTzqd0Ft+5lr99R/tDPtQALQBBhwAArd2
S59uemN77qZ+4fDf6Z8e+hs98cOn9dCucY2Mz/3zVy3p1u07XqObXvcu3f7GNzXnIGOM8xsszm+w
OL/B4vxGx01vXKsffvclvbB3MOxDAdDirHt3fMWEfRAAWtsHf/O12nrjirAPo6kuHP6G/uyL/0lf
+vbI1B+qezqkN7/SaHWf+9+3b3G/fXyv++1zR6Un9lkanXD/+6pli/WrH/0NvePt9zT34GOA8xss
zm+wOL/B4vxG056dJ/THv/MvYR8GgBbHgANAoDa9fKk+/NuvD/swmsYe262//bNf0We+dEgj4+4f
qt/5WqN3vla6dk19n/HQ09K3d0lfe8ySJK1avlT/8VO/ozfd/uYAjzweOL/B4vwGi/MbLM5v9H3+
P31f+585HfZhAGhhiW3X3PNbYR8EgNb1jg++Uv0resI+jKa4cPgb+o+//nO6/2/OKp2UfunfGv2P
XzS64wZLS3rr/5z1y6U7tkn//rXS8Jj0xN4xfesfvinJ0k2vuSmw4486zm+wOL/B4vwGi/MbD109
ae36wZGwDwNAC+MODgCBuWrjIn3ss28M+zCa4sLe39O7PvJ57Tliactqo//5EU3dCu3V7iPSz/+h
dHzI0u1vfJM++3ufUy43jz+xtwDOb7A4v8Hi/AaL8xsv93/iuzp8YCjswwDQohhwAAjMu37lxrbY
XPTCgT/Sv33fZ3XsrKV7bjb6zLuNejstX/83hseN7vm/LO09amnLlq36+7/7tq+fH2Wc32BxfoPF
+Q0W5zd+nvjuC7xRBUBgeEQFQCA6u9N6733bZfn758zIsYcf19vf9zEdOmXp/bcb/df3SdmU///S
2ZSl9+6QjgxIP/jRoI4dP6Y3vbH1nwnn/AaL8xsszm+wOL/xtPKahXr0WwdVLJTDPhQALYgBB4BA
bH/zWm3dtjzswwiUlT+qT/7qnfr+s0a3v9LoDz5Q368zuZv02PM5HR3p19GRfo0OD9T9jPj2LUYP
P5fQD57cLSPpptdsb/j4o47zGyzOb7A4v8Hi/MaXZUnD5yZ4TAVAIHhEBUAgPvbf3qCrNi0O+zAC
9d0/f6c++F+e1JbVRl/7P+e+LdrkbtJXd12t7zx5Rv/0zw/P+PFcd6du2prRB3YM6ebNc//vDo8b
3fSJtJTo1Lce+AetXrna679KJHF+g8X5DRbnN1ic33g7vP+s7v/kP4d9GABaEAMOAL5bujqnX/9/
7gj7MAJlj+3Wa29/i46dtfTQZ8ysryA0iR49W7xXH/zNv9GxE8ckSZs3b9H2V9+knspGdceOHdWT
Tz6h4yeP/xTdXgAAHu1JREFUS5K2b07o999fmnOTvK/+i/TxL7mb3n3x//0TX//dooDzGyzOb7A4
v8Hi/LaG3/vl7+j00ZGwDwNAi0mGfQAAWs/1r14R9iEE7m//569MbWo31x+u//qFe/WJ37pfknT3
T71Dv/qRj836N35PPPmE/vCP7tfjTz2hN3/a1p/+ijPr3ya+87XSn/xzt/7pu/+oPXt2a+vWa/34
14oMzm+wOL/B4vwGi/PbGq5/9QoGHAB8xx4cAHz37957vRb1d4V9GIGx8kf1wfs+p5EJS1/6iNTb
OfPnXPqH6+7uHv2vP/0L/fz73q/eOV4vuGrVKt1z97/XypWr9K3v/KMe+pGtW683sz4fvjRX0IM/
tDSZn9Sbbm+dDe84v8Hi/AaL8xsszm/rSKRs/fD/b+/+w7Ss6wWPf4ZBBIQBEywd8GcmDNEP1BhZ
26Op4OlU10nROp29Ki2qa09Zrv1y9+ymZ6/dsrWjZR3LUlfsUjNMj1kKSvmjYIYUTWUGMFBE8Qeg
MoPjAYHZP9g8lTMg8NzPPZ/neb3+0etimPsznz/m+vJ+7ud+5j9e9hhAjRlU9gBAbRk+Ykgc3jK2
7DEK1fm7G+PJ9Q1x8jt7+72N+eGeD8Q/feuKGDFiZFx/zU+idWrr6/7+M089Pb759Yuiq6c3Tr+w
ITb09P1OwhlTIkbss3fcMf+O3fkxBiz7LZb9Fst+i2W/tePwlrExfMSQsscAaozAAVTUEZP3L3uE
wrUt+EVERPz1lL7/vHdIc1xw5cro7u6Ki77xrd26fXnmqafH2Z/9QnT1RPxobv8Pz/vQCftGd3dX
zLtj7i5fY6Cy32LZb7Hst1j2W1vq4cwAVJfAAVTUoS21/ckpERHz7l0eERHH9vP+7IdfPDraF7XF
1GNa9+jW5bM+dlYcuH9TXHzLDl5FnLz9/csdSzt2+zoDjf0Wy36LZb/Fst/aUg9nBqC6BA6gog49
cgePnq8RbcsjJo7v//bon/5m+3/P/NhZe3SdpqZR8YmPfzwiIuYu7vtVxEnjNkZERHt72x5dayCx
32LZb7Hst1j2W1vq4cwAVJfAAVTUuMP3LXuEQjVsWh0REaOG9X/bctuDf4iIqMiD50465YyIiLht
cd9/Pmp4QzS/aUzNvIJov8Wy32LZb7Hst/bU+pkBqD6BA6iYAw8ZHY2Da/vXSsfvt788OHKfvm9Z
jojo7OyIqce8/ofa7cgfP9Kw+6X+D/TjDhgb3d218VF79lss+y2W/RbLfmtP4+BBceAho8seA6gh
tf0vEaCq3jR+ZNkjFG7DSz0REfHW8dW9bseT1b1eWey3WPZbLPstlv3Wpno4OwDVI3AAFTPmgDo4
pAw9JCIiVq+rzuUatm6IiIiWcTv6osHVGaYa7LdY9lss+y2W/dakujg7AFUjcAAV84Y3Di97hMK1
HntiREQ8ua7/W5ab9x9dsfdkP7n01p1+Tcejq2LEiNo4INpvsey3WPZbLPutTfVwdgCqR+AAKmb0
fg4pERHHTh4V3d1d0dGxZI+/V/s9N27/nhP6fs9575Dm6O7uikkTJ+3xtbKw32LZb7Hst1j2m4+z
A1BJAgdQMU2jh5Y9QlU07z8i2pZHbOjp+9A77ZDHIyLiyquv2KPrNGxaHTfedn9ERJxyVN9f88i6
Cdtnam7eo2sNJPZbLPstlv0Wy35rT72cHYDqEDiAihk2cu+yR6iK6e85LiIi2pb2fZv0GcdFjBs7
JH52842x+qnVu32dRf/6qVi4LKL1LRGTDur7axY8NiYiIlqnHrvb1xlo7LdY9lss+y2W/daeejk7
ANUhcAAVM2x4fTxs7eT3nhkREf//xb0+XfDhTRER8Zl/+FR0dW3Y5Wus+d3XYtbXt7+P/IK/7+f2
6MaRMWfuIxERMf2k6bt8jYHKfotlv8Wy32LZb+2pl7MDUB0CB1Axew1pLHuEqmid2hojhg+JeQ82
9Hub9IwpETOn9UZnZ0f83Uc/vEuH7GV3nh2f+q9XRVdPxPkf6e331cNVg2ZGZ2dHTD2mNZqaRu3O
jzIg2W+x7LdY9lss+6099XJ2AKpD4AAqZlBj/fxKOevjZ0VXT8SP5vb/NP9LZkWc/M7th+z3feDE
mHfH3B1+z0EbFsbN326ND33pX6PjiYaYOa03Pnly31/b2zgyLr5hfUREnPmxs3b75xio7LdY9lss
+y2W/daWejo7AMVrmHXCdX3nb4BddPHNZ0RD/+fNmtLVtSHeffy7oqH332Lh/9kWo4b3/4N/7dqI
K+7Y/ucTDx8T099zfBx7zFv//Qu6H4l58+fHvPbn48n127/unz/RG2cc1//1n9g0JaZ95oFoPqA5
7r1rQUV+poHEfotlv8Wy32LZb23p7Y04529vKHsMoEYIHEDFfOvGmdE4uH5eibnk0ovjO9+9JE7/
D71x8Sd3/LWr10X8j2sj7nhgxwVo5rTeOPeDEePH7Pj7feumiItvaYiJE1viutnX1+Qt0vZbLPst
lv0Wy35rx9Yt2+Lc0+aUPQZQIwQOoGK+cd0HY+jwvcoeo2q6ujbEh//TzFi6bHmc/5H+b2f+Uxt6
emPu4oZYvXb7oXvUPhFNwyLeenBE64TeHb4S+Ze+8MOIOQv6P2RvXHVT/N8rLorb256JjlVbonXK
kXHyKR+O0z54WooDuf0Wy36LZb/Fst/a8W89r8RX/+6msscAaoTAAVTM1654f+w7ZljZY1TV6qdW
x9+8f0ZsfOmluOErvTFtQnWv398he9ncs2LWBXe+esv1yGER3S9v/zuZXnW032LZb7Hst1j2Wxte
WPdyXPCJn5c9BlAj6udecqBwL3dvKnuEqhvfPD4uv+zKiIj45KWNccNvqnv9S2a99tMCls09Kz70
1fnx5PqG+MTJvbHke9ui81+2//ePD9370nlfrO6gu8l+i2W/xbLfYtlvbajHswNQnMajDp15ftlD
ALVhcmtzjDlgRNljVN24ceOiuXlc3PWb38bP21+JDS9HnDC5etc/5aiIJ9ZG3PPAurh7/rVx5c2d
0dWz/UF5n/2biKF7bX8VceheDfG3UyN++fCYWHT/I3HqqTNjVIJXEe23WPZbLPstlv3m99TjL8Z9
d60qewygRggcQMW8efLYGHfYvmWPUYqWiZPir959fNx9z11x9++7Y+HyoTFuvy07fVjdjvQOaY7f
Pv/BOPfbS2LSQdti/x2chV89ZD+0KTa9suNPAXhu69ui7aGnovWY1jj88Dfv/oBVZL/Fst9i2W+x
7De3Pyx5Lh5ZtKbsMYAaMbjsAYDa8fyzPWWPUKqWlknxi1tui0//50/Fwt+1xcLOhji2ZZ+YdeLG
mD7l9X+fbfu0xLw/TI0f3rw02hddExERp184KH76lW0x6aD+/94lsyIiemPaxNjhRxz2Nja9/mEG
EPstlv0Wy36LZb951fvZAagsDxkFKmbKu8fHR794bNljDAht7W3x7UsvjvbftUVERNM+w2LG1H2j
tWVojB+9IUbtte7Vw/ILcWQseeaN0fnUsFiyujHm/uq30d3dFRERU49pjalTW+M7370kmoY37PSQ
vTO9Ta0x88KGaF/UFrfe9MtoaZkUax66PK6cfU10rHwxYtDeMe6wo+PU0z4erVNb93QNhbHfYtlv
sey3WPaby+yLFsbie1eXPQZQIwQOoGIOPGR0fPnb08seY0Bpa2+LOT+7Idrb2+Kpp596XX9nxIiR
Mf2k6THz1DNePeTO+dlP48vnfXGPDtnb9mmJc649Im68+ZaYekxrXH/15XHn1TPj3EuXR1cfL6Cd
/dkvxBc+d86uX6iK7LdY9lss+y2W/ebwzc/PizWPv1j2GECNEDiAivrWjTOjcbAPaOpLR8eSmDd/
3vb/71wS3V3dr/5Zc3NztLRMipYJk/p95W5PDtl/ergeMWJk/ObO22L+1afHuZc9HRER53ygNz45
ozdGDW+IBUsj/suPBseT67fGtbN/kuaVRPstlv0Wy36LZb8D09Yt2+Lc0+aUPQZQQwQOoKLO+eaJ
cfCR+5U9Rs3anUN2b2NTfOFnJ7x6uL7+6iti2Z2ff/Vw3dcD8ZY8ETHjaw0xcWJL/OLm2wr4SQYm
+y2W/RbLfotlv5W3atn6uPjL88seA6ghXmYFKuqxZevKHqGmzTz19Pjm1y+Krp7eOP3CQbHkiZ3/
nZ/e3RU33nxLRERc/t1v7/RwHREx6aCIqe+cGJ2dHZUcf8Cz32LZb7Hst1j2W3nODEClCRxART3W
sb7sEWrerh6yzzguYua07TfrfflLn97p4fpVg4ZGRERX14ZKjJ2G/RbLfotlv8Wy38pyZgAqTeAA
KurRh58re4S6sKuH7EtmbT9kP7n2lYjY+eH6haa/j47lK6L5gOZoahpVwclzsN9i2W+x7LdY9ls5
zgxApTUedejM88seAqgdr2zeGke8ff94w9h9yh6l5rVMnBTNzePi1tvnxS2LBsXxk3tj/x2chU85
KuKJtRGfnB47PFxv26cl/uH7EZ1Ll8Xnzz4n3vmOKZUfPgH7LZb9Fst+i2W/e25Fx9r47W0ryh4D
qDEeMgpU3EmnTYj3ffRtZY9RNyrxEYZ/9JcfZXjdj39SuUGTst9i2W+x7LdY9rv7bp39UNx549Ky
xwBqjDs4gIp7aePmePd731z2GHVjV19J7M+fHq4nTJgYV18xO/bee2jlB07Gfotlv8Wy32LZ7+67
8YcPxEtdm8oeA6gxAgdQcS91bYqJU94Uo8cML3uUurGnh+y/PFxff81Pav6937vCfotlv8Wy32LZ
765btWy9uzeAQggcQCGGDB0cE6ccUPYYdWV3D9n1eLjeHfZbLPstlv0Wy353za9uXharlj9f9hhA
DRI4gEKsXbMx3nPqhGhoKHuS+vLnh+yG+MDUiFE7uZHmR3c2xmXXL66rw/Xust9i2W+x7LdY9vv6
9PZG/Pif2+OVzVvLHgWoQT4mFihEz8bN0T5/Zdlj1KWZp54erS1N0dUT0TR858+RnnboMxERcey7
WuvicL2n7LdY9lss+y2W/e5c+/yV0bNxc9ljADVK4AAKs3CuwFGawds/pnfU8J3fQtPy5uaIiOjo
7Cx0pJpiv8Wy32LZb7Hsd4ecDYAiCRxAYVYtfz467ltT9hh1qfmQt0dExA2/2fnXPtx9/Pa/09xc
5Eg1xX6LZb/Fst9i2W//Ou5b49kbQKEEDqBQd9/yaNkj1KUzzzw7IiLOv64xFuzgQfVbx54WF1y5
/dW06SfNqMZoNcF+i2W/xbLfYtlv/5wJgKI1zDrhup2/QRBgD3zqvx8XLUcfWPYYdWfOz34aXz7v
ixER0fKWg6Np5KjoWLY8ZrzrDTH9uCPjya7944a5D0dnZ0ecdOLJcfm//KjkiXOx32LZb7Hst1j2
+1od962Jy//n67itBWAPCBxA4Q6bOCbO/sZ7yh6jLrW1t8U//e/zY+nS/t/ffeZHz4zPf+6cunnA
XSXZb7Hst1j2Wyz7/XPf+eqvYmXnurLHAGqcwAFUxYc/d3S0nnRY2WMQEfPumBsdSzuiqakpTj5p
eoxvHl/2SDXFfotlv8Wy32LV637b7lwZ1196X9ljAHVA4ACqYtR+w+K/ff+9MWRIY9mjAABVsnnz
1vhfn/llbFj/ctmjAHXAQ0aBqtiw/uW4dfZDZY8BAFTRrbMfEjeAqhE4gKq55+ePxtIHnil7DACg
CpY+8Ezc83OfnAJUj8ABVNVNVzwYW7dsK3sMAKBAW7dsi5uueLDsMYA6I3AAVfXs6q6Y84PFZY8B
ABRozg8Wx7Oru8oeA6gzAgdQdQvnrYwFt68oewwAoAALbl8RC+etLHsMoA4JHEApbrjs/ljRsbbs
MQCAClrRsTZuuOz+sscA6pTAAZTmxxe3xwvrPFkdAGrBC+tejh9f3F72GEAdEziA0rzwXE9cc9FC
Dx0FgOS2btkW11y0MF54rqfsUYA6JnAApVrZuS6uunBB2WMAAHvgqgsXxMrOdWWPAdQ5gQMo3SOL
1sTsixaWPQYAsBtmX7QwHlm0puwxAAQOYGBYfO9qkQMAkpl90cJYfO/qsscAiIiIwWUPAPBHi+9d
HZs3bY0zvzItGgfrrwAwUG3dsi2uunCBOzeAAcW/IIAB5ZFFa+J7/3iXT1cBgAHqhXUvx/f+8S5x
AxhwBA5gwFnZuS6+c978WNGxtuxRAIA/saJjbXznvPkeKAoMSAIHMCC98FxPXHrer2PB7SvKHgUA
iIgFt6+IS8/7tY+CBQYsz+AABrQbLrs/Vq94IWZ+eorncgBACbZu2RZzfrA4Fs5bWfYoADskcAAD
3sJ5K2Nl57r44CfeERPe+aayxwGAurH0gWfipisejGdXd5U9CsBONcw64bresocAeL3+4/uPiPd9
9G0xZEhj2aMAQM3avHlr3Dr7objn54+WPQrA6yZwAOmM2m9Y/PVHJkXrSYeVPQoA1Jy2O1fGbdcu
iQ3rfaIZkIvAAaR12MQxcdLMCdFy9IFljwIA6XXctybunLPUJ6QAaQkcQHpHvv2N8VcfOELoAIDd
0HHfmrj7lkdj2e+fLXsUgD3iIaNAest+/2ws+/2zcfBb3hDHzjgspp54WDQ0lD0VAAxcvb0R7fNX
xsK5K2PV8ufLHgegItzBAdSc4SOGxNEnHBxHvfugOPjI/coeBwAGjFXL1sf99z4R9/16VfRs3Fz2
OAAVJXAANe2N45ti8rsOjIlHHxCHt4wtexwAqLoVHWuj876n4+FFa3zcK1DTBA6gbgwfMSSOmLx/
HNqyXxx65JgYd/i+0Th4UNljAUDFbN2yLZ5c8UI8tmxdPNaxPh59+Dl3agB1Q+AA6tqBh4yON40f
GWMOGBlveOPwGL3f8GgaPTSGjdw7hg0fHHsNaYxBjYM80wOAUvX2Rmzbui1e2bw1Xu7ZEi93b4qu
F/8tXlzfE88/2xPrnu6OZ1Z3x5rHXyx7VIDSeMgoUNfWPP6iwyAAANQA92YDAAAA6QkcAAAAQHoC
BwAAAJCewAEAAACkJ3AAAAAA6QkcAAAAQHoCBwAAAJCewAEAAACkJ3AAAAAA6QkcAAAAQHoCBwAA
AJCewAEAAACkJ3AAAAAA6QkcAAAAQHoCBwAAAJCewAEAAACkJ3AAAAAA6QkcAAAAQHoCBwAAAJCe
wAEAAACkJ3AAAAAA6QkcAAAAQHoCBwAAAJCewAEAAACkJ3AAAAAA6QkcAAAAQHoCBwAAAJCewAEA
AACkJ3AAAAAA6QkcAAAAQHoCBwAAAJCewAEAAACkJ3AAAAAA6QkcAAAAQHoCBwAAAJCewAEAAACk
J3AAAAAA6QkcAAAAQHoCBwAAAJCewAEAAACkJ3AAAAAA6QkcAAAAQHoCBwAAAJCewAEAAACkJ3AA
AAAA6QkcAAAAQHoCBwAAAJCewAEAAACkJ3AAAAAA6QkcAAAAQHoCBwAAAJCewAEAAACkJ3AAAAAA
6QkcAAAAQHoCBwAAAJCewAEAAACkJ3AAAAAA6QkcAAAAQHoCBwAAAJCewAEAAACkJ3AAAAAA6Qkc
AAAAQHoCBwAAAJCewAEAAACkJ3AAAAAA6QkcAAAAQHoCBwAAAJCewAEAAACkJ3AAAAAA6QkcAAAA
QHoCBwAAAJCewAEAAACkJ3AAAAAA6QkcAAAAQHoCBwAAAJCewAEAAACkJ3AAAAAA6QkcAAAAQHoC
BwAAAJCewAEAAACkJ3AAAAAA6QkcAAAAQHoCBwAAAJCewAEAAACkJ3AAAAAA6QkcAAAAQHoCBwAA
AJCewAEAAACkJ3AAAAAA6QkcAAAAQHoCBwAAAJCewAEAAACkJ3AAAAAA6QkcAAAAQHoCBwAAAJCe
wAEAAACkJ3AAAAAA6QkcAAAAQHoCBwAAAJCewAEAAACkJ3AAAAAA6QkcAAAAQHoCBwAAAJCewAEA
AACkJ3AAAAAA6QkcAAAAQHoCBwAAAJCewAEAAACkJ3AAAAAA6QkcAAAAQHoCBwAAAJCewAEAAACk
J3AAAAAA6QkcAAAAQHoCBwAAAJCewAEAAACkJ3AAAAAA6QkcAAAAQHoCBwAAAJCewAEAAACkJ3AA
AAAA6QkcAAAAQHoCBwAAAJCewAEAAACkJ3AAAAAA6QkcAAAAQHoCBwAAAJCewAEAAACkJ3AAAAAA
6QkcAAAAQHoCBwAAAJCewAEAAACkJ3AAAAAA6QkcAAAAQHoCBwAAAJCewAEAAACkJ3AAAAAA6Qkc
AAAAQHoCBwAAAJCewAEAAACkJ3AAAAAA6QkcAAAAQHoCBwAAAJCewAEAAACkJ3AAAAAA6QkcAAAA
QHoCBwAAAJCewAEAAACkJ3AAAAAA6QkcAAAAQHoCBwAAAJCewAEAAACkJ3AAAAAA6QkcAAAAQHoC
BwAAAJCewAEAAACkJ3AAAAAA6QkcAAAAQHoCBwAAAJCewAEAAACkJ3AAAAAA6QkcAAAAQHoCBwAA
AJCewAEAAACkJ3AAAAAA6QkcAAAAQHoCBwAAAJCewAEAAACkJ3AAAAAA6QkcAAAAQHoCBwAAAJCe
wAEAAACkJ3AAAAAA6QkcAAAAQHoCBwAAAJCewAEAAACkJ3AAAAAA6QkcAAAAQHoCBwAAAJCewAEA
AACkJ3AAAAAA6QkcAAAAQHoCBwAAAJCewAEAAACkJ3AAAAAA6QkcAAAAQHoCBwAAAJCewAEAAACk
J3AAAAAA6QkcAAAAQHoCBwAAAJCewAEAAACkJ3AAAAAA6QkcAAAAQHoCBwAAAJCewAEAAACkJ3AA
AAAA6QkcAAAAQHoCBwAAAJCewAEAAACkJ3AAAAAA6QkcAAAAQHoCBwAAAJCewAEAAACkJ3AAAAAA
6QkcAAAAQHoCBwAAAJCewAEAAACkJ3AAAAAA6QkcAAAAQHoCBwAAAJCewAEAAACkJ3AAAAAA6Qkc
AAAAQHoCBwAAAJCewAEAAACkJ3AAAAAA6QkcAAAAQHoCBwAAAJCewAEAAACkJ3AAAAAA6QkcAAAA
QHoCBwAAAJCewAEAAACkJ3AAAAAA6QkcAAAAQHoCBwAAAJCewAEAAACkJ3AAAAAA6QkcAAAAQHoC
BwAAAJCewAEAAACkJ3AAAAAA6QkcAAAAQHoCBwAAAJCewAEAAACkJ3AAAAAA6QkcAAAAQHoCBwAA
AJCewAEAAACkJ3AAAAAA6QkcAAAAQHoCBwAAAJCewAEAAACkJ3AAAAAA6QkcAAAAQHoCBwAAAJCe
wAEAAACkJ3AAAAAA6QkcAAAAQHoCBwAAAJCewAEAAACkJ3AAAAAA6QkcAAAAQHoCBwAAAJCewAEA
AACkJ3AAAAAA6QkcAAAAQHoCBwAAAJCewAEAAACkJ3AAAAAA6QkcAAAAQHoCBwAAAJCewAEAAACk
J3AAAAAA6QkcAAAAQHoCBwAAAJCewAEAAACkJ3AAAAAA6QkcAAAAQHoCBwAAAJCewAEAAACkJ3AA
AAAA6QkcAAAAQHoCBwAAAJCewAEAAACkJ3AAAAAA6QkcAAAAQHoCBwAAAJCewAEAAACkJ3AAAAAA
6QkcAAAAQHoCBwAAAJCewAEAAACkJ3AAAAAA6QkcAAAAQHoCBwAAAJCewAEAAACkJ3AAAAAA6Qkc
AAAAQHoCBwAAAJCewAEAAACkJ3AAAAAA6QkcAAAAQHoCBwAAAJCewAEAAACkJ3AAAAAA6QkcAAAA
QHoCBwAAAJCewAEAAACkJ3AAAAAA6QkcAAAAQHoCBwAAAJCewAEAAACkJ3AAAAAA6QkcAAAAQHoC
BwAAAJCewAEAAACkJ3AAAAAA6QkcAAAAQHoCBwAAAJCewAEAAACkJ3AAAAAA6QkcAAAAQHoCBwAA
AJCewAEAAACkJ3AAAAAA6QkcAAAAQHoCBwAAAJCewAEAAACkJ3AAAAAA6QkcAAAAQHoCBwAAAJCe
wAEAAACkJ3AAAAAA6QkcAAAAQHqDyx4AgIFt7IEj4oi3jY2Ro/YuexSgDnVv2BSPPrQ21q7ZWPYo
AAxwAgcA/Zr5mXfEtBmHlj0GQCyY+1jM+f6DZY8BwADmLSoA9OnMr7aKG8CAMW3GoXHmV1vLHgOA
AUzgAOA1pp1yaEyeekDZYwD8mclTD4hppwivAPRN4ADgNY45/qCyRwDok99PAPRH4ADgNZoPH132
CAB98vsJgP4IHAAAAEB6AgcAr/HUihfLHgGgT34/AdAfgQOA1/jdXU+UPQJAn/x+AqA/AgcAr7Hg
9sfi4fanyx4D4M883P50LLj9sbLHAGCAEjgA6NNV32iLBXP9QwIYGBbMfSyu+kZb2WMAMIA1zDrh
ut6yhwBg4Bp74Ig44m1jY+SovcseBahD3Rs2xaMPrY21azaWPQoAA9zgsgcAYGBbu2ajf1gAADDg
eYsKAAAAkJ7AAQAAAKQncAAAAADpCRwAAABAegIHAAAAkJ7AAQAAAKQncAAAAADpCRwAAABAegIH
AAAAkJ7AAQAAAKQncAAAAADpCRwAAABAegIHAAAAkJ7AAQAAAKQncAAAAADpCRwAAABAegIHAAAA
kJ7AAQAAAKQncAAAAADpCRwAAABAegIHAAAAkJ7AAQAAAKQncAAAAADpCRwAAABAegIHAAAAkJ7A
AQAAAKT3/wB/mG7b5E1LaAAAAABJRU5ErkJggg==
" width="800px"&gt;</msg>
<status status="PASS" starttime="20231020 07:48:08.776" endtime="20231020 07:48:09.325"/>
</kw>
<msg timestamp="20231020 07:48:09.325" level="INFO">criteria is android.view.View[3]</msg>
<msg timestamp="20231020 07:48:09.325" level="FAIL">ValueError: Element locator 'android.view.View[3]' did not match any elements.</msg>
<status status="FAIL" starttime="20231020 07:48:08.750" endtime="20231020 07:48:09.330"/>
</kw>
<status status="FAIL" starttime="20231020 07:48:08.712" endtime="20231020 07:48:09.330"/>
</kw>
<status status="FAIL" starttime="20231020 07:46:54.844" endtime="20231020 07:48:09.331">ValueError: Element locator 'android.view.View[3]' did not match any elements.</status>
</test>
<doc>Este teste inicia o app Ganhar Dinheiro</doc>
<status status="FAIL" starttime="20231020 07:46:54.686" endtime="20231020 07:48:09.333"/>
</suite>
<statistics>
<total>
<stat pass="0" fail="1" skip="0">All Tests</stat>
</total>
<tag>
</tag>
<suite>
<stat pass="0" fail="1" skip="0" id="s1" name="Ganhar">Ganhar</stat>
</suite>
</statistics>
<errors>
</errors>
</robot>
